This file contains any messages produced by compilers while
running configure, to aid debugging if configure makes a mistake.

It was created by configure, which was
generated by GNU Autoconf 2.54.  Invocation command line was

  $ ./configure 

## --------- ##
## Platform. ##
## --------- ##

hostname = ubuntu
uname -m = x86_64
uname -r = 3.16.0-48-generic
uname -s = Linux
uname -v = #64~14.04.1-Ubuntu SMP Thu Aug 20 23:03:57 UTC 2015

/usr/bin/uname -p = unknown
/bin/uname -X     = unknown

/bin/arch              = unknown
/usr/bin/arch -k       = unknown
/usr/convex/getsysinfo = unknown
hostinfo               = unknown
/bin/machine           = unknown
/usr/bin/oslevel       = unknown
/bin/universe          = unknown

PATH: /home/tyu/Documents/llvm-gcc4.2-2.9-x86_64-linux/bin
PATH: /home/tyu/Documents/llvm-2.9/Release/bin
PATH: /usr/local/sbin
PATH: /usr/local/bin
PATH: /usr/sbin
PATH: /usr/bin
PATH: /sbin
PATH: /bin
PATH: /usr/games
PATH: /usr/local/games


## ----------- ##
## Core tests. ##
## ----------- ##

configure:1549: checking for chosen layout
configure:1551: result: Apache
configure:2344: checking for working mkdir -p
configure:2360: result: yes
configure:2377: checking build system type
configure:2395: result: x86_64-unknown-linux-gnu
configure:2403: checking host system type
configure:2417: result: x86_64-unknown-linux-gnu
configure:2425: checking target system type
configure:2439: result: x86_64-unknown-linux-gnu
configure:2468: checking for APR
configure:2528: result: reconfig
configure:2768: checking for APR-util
configure:2829: result: reconfig
configure:3055: checking for gcc
configure:3081: result: gcc
configure:3323: checking for C compiler version
configure:3326: gcc --version </dev/null >&5
gcc (Ubuntu 4.8.4-2ubuntu1~14.04) 4.8.4
Copyright (C) 2013 Free Software Foundation, Inc.
This is free software; see the source for copying conditions.  There is NO
warranty; not even for MERCHANTABILITY or FITNESS FOR A PARTICULAR PURPOSE.

configure:3329: $? = 0
configure:3331: gcc -v </dev/null >&5
Using built-in specs.
COLLECT_GCC=gcc
COLLECT_LTO_WRAPPER=/usr/lib/gcc/x86_64-linux-gnu/4.8/lto-wrapper
Target: x86_64-linux-gnu
Configured with: ../src/configure -v --with-pkgversion='Ubuntu 4.8.4-2ubuntu1~14.04' --with-bugurl=file:///usr/share/doc/gcc-4.8/README.Bugs --enable-languages=c,c++,java,go,d,fortran,objc,obj-c++ --prefix=/usr --program-suffix=-4.8 --enable-shared --enable-linker-build-id --libexecdir=/usr/lib --without-included-gettext --enable-threads=posix --with-gxx-include-dir=/usr/include/c++/4.8 --libdir=/usr/lib --enable-nls --with-sysroot=/ --enable-clocale=gnu --enable-libstdcxx-debug --enable-libstdcxx-time=yes --enable-gnu-unique-object --disable-libmudflap --enable-plugin --with-system-zlib --disable-browser-plugin --enable-java-awt=gtk --enable-gtk-cairo --with-java-home=/usr/lib/jvm/java-1.5.0-gcj-4.8-amd64/jre --enable-java-home --with-jvm-root-dir=/usr/lib/jvm/java-1.5.0-gcj-4.8-amd64 --with-jvm-jar-dir=/usr/lib/jvm-exports/java-1.5.0-gcj-4.8-amd64 --with-arch-directory=amd64 --with-ecj-jar=/usr/share/java/eclipse-ecj.jar --enable-objc-gc --enable-multiarch --disable-werror --with-arch-32=i686 --with-abi=m64 --with-multilib-list=m32,m64,mx32 --with-tune=generic --enable-checking=release --build=x86_64-linux-gnu --host=x86_64-linux-gnu --target=x86_64-linux-gnu
Thread model: posix
gcc version 4.8.4 (Ubuntu 4.8.4-2ubuntu1~14.04) 
configure:3334: $? = 0
configure:3336: gcc -V </dev/null >&5
gcc: error: unrecognized command line option '-V'
gcc: fatal error: no input files
compilation terminated.
configure:3339: $? = 4
configure:3359: checking for C compiler default output
configure:3362: gcc  -g -O2 -pthread  -D_REENTRANT -D_GNU_SOURCE   -L/home/tyu/Documents/concurrency-bugs/apache-21285/httpd-2.0.46/srclib/apr-util/xml/expat/lib conftest.c  >&5
configure:3365: $? = 0
configure:3399: result: a.out
configure:3404: checking whether the C compiler works
configure:3410: ./a.out
configure:3413: $? = 0
configure:3428: result: yes
configure:3435: checking whether we are cross compiling
configure:3437: result: no
configure:3440: checking for suffix of executables
configure:3442: gcc -o conftest  -g -O2 -pthread  -D_REENTRANT -D_GNU_SOURCE   -L/home/tyu/Documents/concurrency-bugs/apache-21285/httpd-2.0.46/srclib/apr-util/xml/expat/lib conftest.c  >&5
configure:3445: $? = 0
configure:3468: result: 
configure:3474: checking for suffix of object files
configure:3492: gcc -c  -g -O2 -pthread  -D_REENTRANT -D_GNU_SOURCE conftest.c >&5
configure:3495: $? = 0
configure:3514: result: o
configure:3518: checking whether we are using the GNU C compiler
configure:3539: gcc -c  -g -O2 -pthread  -D_REENTRANT -D_GNU_SOURCE conftest.c >&5
configure:3542: $? = 0
configure:3545: test -s conftest.o
configure:3548: $? = 0
configure:3560: result: yes
configure:3566: checking whether gcc accepts -g
configure:3584: gcc -c -g  -D_REENTRANT -D_GNU_SOURCE conftest.c >&5
configure:3587: $? = 0
configure:3590: test -s conftest.o
configure:3593: $? = 0
configure:3603: result: yes
configure:3620: checking for gcc option to accept ANSI C
configure:3677: gcc  -c  -g -O2 -pthread  -D_REENTRANT -D_GNU_SOURCE conftest.c >&5
configure:3680: $? = 0
configure:3683: test -s conftest.o
configure:3686: $? = 0
configure:3703: result: none needed
configure:3721: gcc -c  -g -O2 -pthread  -D_REENTRANT -D_GNU_SOURCE conftest.c >&5
conftest.c:2:3: error: unknown type name 'choke'
   choke me
   ^
conftest.c:2:3: error: expected '=', ',', ';', 'asm' or '__attribute__' at end of input
configure:3724: $? = 1
configure: failed program was:
#ifndef __cplusplus
  choke me
#endif
configure:3827: checking how to run the C preprocessor
configure:3929: result: gcc -E
configure:3944: gcc -E  -D_REENTRANT -D_GNU_SOURCE conftest.c
configure:3950: $? = 0
configure:3977: gcc -E  -D_REENTRANT -D_GNU_SOURCE conftest.c
configure:3973:28: fatal error: ac_nonexistent.h: No such file or directory
 #line $LINENO "configure"
                            ^
compilation terminated.
configure:3983: $? = 1
configure: failed program was:
#line 3972 "configure"
#include "confdefs.h"
#include <ac_nonexistent.h>
configure:4354: checking for rm
configure:4372: found /bin/rm
configure:4384: result: /bin/rm
configure:4395: checking for gawk
configure:4424: result: no
configure:4395: checking for mawk
configure:4411: found /usr/bin/mawk
configure:4421: result: mawk
configure:4443: checking for a BSD-compatible install
configure:4497: result: /usr/bin/install -c
configure:4508: checking whether ln -s works
configure:4512: result: yes
configure:4560: checking for ranlib
configure:4576: found /usr/bin/ranlib
configure:4587: result: ranlib
configure:4602: checking for egrep
configure:4612: result: grep -E
configure:4618: checking for AIX
configure:4637: result: no
configure:4643: checking for library containing strerror
configure:4670: gcc -o conftest  -g -O2 -pthread  -D_REENTRANT -D_GNU_SOURCE   -L/home/tyu/Documents/concurrency-bugs/apache-21285/httpd-2.0.46/srclib/apr-util/xml/expat/lib conftest.c  >&5
configure:4673: $? = 0
configure:4676: test -s conftest
configure:4679: $? = 0
configure:4732: result: none required
configure:4739: checking for ANSI C header files
configure:4753: gcc -E  -D_REENTRANT -D_GNU_SOURCE conftest.c
configure:4759: $? = 0
configure:4846: gcc -o conftest  -g -O2 -pthread  -D_REENTRANT -D_GNU_SOURCE   -L/home/tyu/Documents/concurrency-bugs/apache-21285/httpd-2.0.46/srclib/apr-util/xml/expat/lib conftest.c  >&5
configure: In function 'main':
configure:4837:7: warning: incompatible implicit declaration of built-in function 'exit' [enabled by default]
   int i;
       ^
configure:4849: $? = 0
configure:4851: ./conftest
configure:4854: $? = 0
configure:4868: result: yes
configure:4892: checking for sys/types.h
configure:4905: gcc -c  -g -O2 -pthread  -D_REENTRANT -D_GNU_SOURCE conftest.c >&5
configure:4908: $? = 0
configure:4911: test -s conftest.o
configure:4914: $? = 0
configure:4924: result: yes
configure:4892: checking for sys/stat.h
configure:4905: gcc -c  -g -O2 -pthread  -D_REENTRANT -D_GNU_SOURCE conftest.c >&5
configure:4908: $? = 0
configure:4911: test -s conftest.o
configure:4914: $? = 0
configure:4924: result: yes
configure:4892: checking for stdlib.h
configure:4905: gcc -c  -g -O2 -pthread  -D_REENTRANT -D_GNU_SOURCE conftest.c >&5
configure:4908: $? = 0
configure:4911: test -s conftest.o
configure:4914: $? = 0
configure:4924: result: yes
configure:4892: checking for string.h
configure:4905: gcc -c  -g -O2 -pthread  -D_REENTRANT -D_GNU_SOURCE conftest.c >&5
configure:4908: $? = 0
configure:4911: test -s conftest.o
configure:4914: $? = 0
configure:4924: result: yes
configure:4892: checking for memory.h
configure:4905: gcc -c  -g -O2 -pthread  -D_REENTRANT -D_GNU_SOURCE conftest.c >&5
configure:4908: $? = 0
configure:4911: test -s conftest.o
configure:4914: $? = 0
configure:4924: result: yes
configure:4892: checking for strings.h
configure:4905: gcc -c  -g -O2 -pthread  -D_REENTRANT -D_GNU_SOURCE conftest.c >&5
configure:4908: $? = 0
configure:4911: test -s conftest.o
configure:4914: $? = 0
configure:4924: result: yes
configure:4892: checking for inttypes.h
configure:4905: gcc -c  -g -O2 -pthread  -D_REENTRANT -D_GNU_SOURCE conftest.c >&5
configure:4908: $? = 0
configure:4911: test -s conftest.o
configure:4914: $? = 0
configure:4924: result: yes
configure:4892: checking for stdint.h
configure:4905: gcc -c  -g -O2 -pthread  -D_REENTRANT -D_GNU_SOURCE conftest.c >&5
configure:4908: $? = 0
configure:4911: test -s conftest.o
configure:4914: $? = 0
configure:4924: result: yes
configure:4892: checking for unistd.h
configure:4905: gcc -c  -g -O2 -pthread  -D_REENTRANT -D_GNU_SOURCE conftest.c >&5
configure:4908: $? = 0
configure:4911: test -s conftest.o
configure:4914: $? = 0
configure:4924: result: yes
configure:4946: checking minix/config.h usability
configure:4955: gcc -c  -g -O2 -pthread  -D_REENTRANT -D_GNU_SOURCE conftest.c >&5
configure:4983:26: fatal error: minix/config.h: No such file or directory
 _ACEOF
                          ^
compilation terminated.
configure:4958: $? = 1
configure: failed program was:
#line 4948 "configure"
#include "confdefs.h"
#include <stdio.h>
#if HAVE_SYS_TYPES_H
# include <sys/types.h>
#endif
#if HAVE_SYS_STAT_H
# include <sys/stat.h>
#endif
#if STDC_HEADERS
# include <stdlib.h>
# include <stddef.h>
#else
# if HAVE_STDLIB_H
#  include <stdlib.h>
# endif
#endif
#if HAVE_STRING_H
# if !STDC_HEADERS && HAVE_MEMORY_H
#  include <memory.h>
# endif
# include <string.h>
#endif
#if HAVE_STRINGS_H
# include <strings.h>
#endif
#if HAVE_INTTYPES_H
# include <inttypes.h>
#else
# if HAVE_STDINT_H
#  include <stdint.h>
# endif
#endif
#if HAVE_UNISTD_H
# include <unistd.h>
#endif
#include <minix/config.h>
configure:4973: result: no
configure:4977: checking minix/config.h presence
configure:4984: gcc -E  -D_REENTRANT -D_GNU_SOURCE conftest.c
configure:4980:26: fatal error: minix/config.h: No such file or directory
 #line $LINENO "configure"
                          ^
compilation terminated.
configure:4990: $? = 1
configure: failed program was:
#line 4979 "configure"
#include "confdefs.h"
#include <minix/config.h>
configure:5008: result: no
configure:5026: checking for minix/config.h
configure:5033: result: no
configure:5067: checking for ANSI C header files
configure:5196: result: yes
configure:5231: checking for string.h
configure:5236: result: yes
configure:5240: checking limits.h usability
configure:5249: gcc -c  -g -O2 -pthread  -D_REENTRANT -D_GNU_SOURCE conftest.c >&5
configure:5252: $? = 0
configure:5255: test -s conftest.o
configure:5258: $? = 0
configure:5267: result: yes
configure:5271: checking limits.h presence
configure:5278: gcc -E  -D_REENTRANT -D_GNU_SOURCE conftest.c
configure:5284: $? = 0
configure:5302: result: yes
configure:5320: checking for limits.h
configure:5327: result: yes
configure:5231: checking for unistd.h
configure:5236: result: yes
configure:5240: checking sys/socket.h usability
configure:5249: gcc -c  -g -O2 -pthread  -D_REENTRANT -D_GNU_SOURCE conftest.c >&5
configure:5252: $? = 0
configure:5255: test -s conftest.o
configure:5258: $? = 0
configure:5267: result: yes
configure:5271: checking sys/socket.h presence
configure:5278: gcc -E  -D_REENTRANT -D_GNU_SOURCE conftest.c
configure:5284: $? = 0
configure:5302: result: yes
configure:5320: checking for sys/socket.h
configure:5327: result: yes
configure:5240: checking pwd.h usability
configure:5249: gcc -c  -g -O2 -pthread  -D_REENTRANT -D_GNU_SOURCE conftest.c >&5
configure:5252: $? = 0
configure:5255: test -s conftest.o
configure:5258: $? = 0
configure:5267: result: yes
configure:5271: checking pwd.h presence
configure:5278: gcc -E  -D_REENTRANT -D_GNU_SOURCE conftest.c
configure:5284: $? = 0
configure:5302: result: yes
configure:5320: checking for pwd.h
configure:5327: result: yes
configure:5240: checking grp.h usability
configure:5249: gcc -c  -g -O2 -pthread  -D_REENTRANT -D_GNU_SOURCE conftest.c >&5
configure:5252: $? = 0
configure:5255: test -s conftest.o
configure:5258: $? = 0
configure:5267: result: yes
configure:5271: checking grp.h presence
configure:5278: gcc -E  -D_REENTRANT -D_GNU_SOURCE conftest.c
configure:5284: $? = 0
configure:5302: result: yes
configure:5320: checking for grp.h
configure:5327: result: yes
configure:5231: checking for strings.h
configure:5236: result: yes
configure:5240: checking sys/prctl.h usability
configure:5249: gcc -c  -g -O2 -pthread  -D_REENTRANT -D_GNU_SOURCE conftest.c >&5
configure:5252: $? = 0
configure:5255: test -s conftest.o
configure:5258: $? = 0
configure:5267: result: yes
configure:5271: checking sys/prctl.h presence
configure:5278: gcc -E  -D_REENTRANT -D_GNU_SOURCE conftest.c
configure:5284: $? = 0
configure:5302: result: yes
configure:5320: checking for sys/prctl.h
configure:5327: result: yes
configure:5240: checking sys/processor.h usability
configure:5249: gcc -c  -g -O2 -pthread  -D_REENTRANT -D_GNU_SOURCE conftest.c >&5
configure:5277:27: fatal error: sys/processor.h: No such file or directory
 _ACEOF
                           ^
compilation terminated.
configure:5252: $? = 1
configure: failed program was:
#line 5242 "configure"
#include "confdefs.h"
#include <stdio.h>
#if HAVE_SYS_TYPES_H
# include <sys/types.h>
#endif
#if HAVE_SYS_STAT_H
# include <sys/stat.h>
#endif
#if STDC_HEADERS
# include <stdlib.h>
# include <stddef.h>
#else
# if HAVE_STDLIB_H
#  include <stdlib.h>
# endif
#endif
#if HAVE_STRING_H
# if !STDC_HEADERS && HAVE_MEMORY_H
#  include <memory.h>
# endif
# include <string.h>
#endif
#if HAVE_STRINGS_H
# include <strings.h>
#endif
#if HAVE_INTTYPES_H
# include <inttypes.h>
#else
# if HAVE_STDINT_H
#  include <stdint.h>
# endif
#endif
#if HAVE_UNISTD_H
# include <unistd.h>
#endif
#include <sys/processor.h>
configure:5267: result: no
configure:5271: checking sys/processor.h presence
configure:5278: gcc -E  -D_REENTRANT -D_GNU_SOURCE conftest.c
configure:5274:27: fatal error: sys/processor.h: No such file or directory
 #line $LINENO "configure"
                           ^
compilation terminated.
configure:5284: $? = 1
configure: failed program was:
#line 5273 "configure"
#include "confdefs.h"
#include <sys/processor.h>
configure:5302: result: no
configure:5320: checking for sys/processor.h
configure:5327: result: no
configure:5240: checking sys/sem.h usability
configure:5249: gcc -c  -g -O2 -pthread  -D_REENTRANT -D_GNU_SOURCE conftest.c >&5
configure:5252: $? = 0
configure:5255: test -s conftest.o
configure:5258: $? = 0
configure:5267: result: yes
configure:5271: checking sys/sem.h presence
configure:5278: gcc -E  -D_REENTRANT -D_GNU_SOURCE conftest.c
configure:5284: $? = 0
configure:5302: result: yes
configure:5320: checking for sys/sem.h
configure:5327: result: yes
configure:5340: checking for sys/wait.h that is POSIX.1 compatible
configure:5368: gcc -c  -g -O2 -pthread  -D_REENTRANT -D_GNU_SOURCE conftest.c >&5
configure:5371: $? = 0
configure:5374: test -s conftest.o
configure:5377: $? = 0
configure:5387: result: yes
configure:5399: checking for an ANSI C-conforming const
configure:5463: gcc -c  -g -O2 -pthread  -D_REENTRANT -D_GNU_SOURCE conftest.c >&5
configure:5466: $? = 0
configure:5469: test -s conftest.o
configure:5472: $? = 0
configure:5482: result: yes
configure:5534: checking for getpwnam
configure:5571: gcc -o conftest  -g -O2 -pthread  -D_REENTRANT -D_GNU_SOURCE   -L/home/tyu/Documents/concurrency-bugs/apache-21285/httpd-2.0.46/srclib/apr-util/xml/expat/lib conftest.c  >&5
configure:5574: $? = 0
configure:5577: test -s conftest
configure:5580: $? = 0
configure:5590: result: yes
configure:5534: checking for getgrnam
configure:5571: gcc -o conftest  -g -O2 -pthread  -D_REENTRANT -D_GNU_SOURCE   -L/home/tyu/Documents/concurrency-bugs/apache-21285/httpd-2.0.46/srclib/apr-util/xml/expat/lib conftest.c  >&5
configure:5574: $? = 0
configure:5577: test -s conftest
configure:5580: $? = 0
configure:5590: result: yes
configure:5534: checking for initgroups
configure:5571: gcc -o conftest  -g -O2 -pthread  -D_REENTRANT -D_GNU_SOURCE   -L/home/tyu/Documents/concurrency-bugs/apache-21285/httpd-2.0.46/srclib/apr-util/xml/expat/lib conftest.c  >&5
configure:5574: $? = 0
configure:5577: test -s conftest
configure:5580: $? = 0
configure:5590: result: yes
configure:5534: checking for bindprocessor
configure:5571: gcc -o conftest  -g -O2 -pthread  -D_REENTRANT -D_GNU_SOURCE   -L/home/tyu/Documents/concurrency-bugs/apache-21285/httpd-2.0.46/srclib/apr-util/xml/expat/lib conftest.c  >&5
/tmp/ccJjKWv9.o: In function `main':
/home/tyu/Documents/concurrency-bugs/apache-21285/httpd-2.0.46/configure:5561: undefined reference to `bindprocessor'
collect2: error: ld returned 1 exit status
configure:5574: $? = 1
configure: failed program was:
#line 5539 "configure"
#include "confdefs.h"
/* System header to define __stub macros and hopefully few prototypes,
    which can conflict with char bindprocessor (); below.  */
#include <assert.h>
/* Override any gcc2 internal prototype to avoid an error.  */
#ifdef __cplusplus
extern "C"
#endif
/* We use char because int might match the return type of a gcc2
   builtin and then its argument prototype would still apply.  */
char bindprocessor ();
char (*f) ();

int
main ()
{
/* The GNU C library defines this for functions which it implements
    to always fail with ENOSYS.  Some functions are actually named
    something starting with __ and the normal name is an alias.  */
#if defined (__stub_bindprocessor) || defined (__stub___bindprocessor)
choke me
#else
f = bindprocessor;
#endif

  ;
  return 0;
}
configure:5590: result: no
configure:5534: checking for prctl
configure:5571: gcc -o conftest  -g -O2 -pthread  -D_REENTRANT -D_GNU_SOURCE   -L/home/tyu/Documents/concurrency-bugs/apache-21285/httpd-2.0.46/srclib/apr-util/xml/expat/lib conftest.c  >&5
configure:5574: $? = 0
configure:5577: test -s conftest
configure:5580: $? = 0
configure:5590: result: yes
configure:5534: checking for timegm
configure:5571: gcc -o conftest  -g -O2 -pthread  -D_REENTRANT -D_GNU_SOURCE   -L/home/tyu/Documents/concurrency-bugs/apache-21285/httpd-2.0.46/srclib/apr-util/xml/expat/lib conftest.c  >&5
configure:5574: $? = 0
configure:5577: test -s conftest
configure:5580: $? = 0
configure:5590: result: yes
configure:5601: checking for tm_gmtoff in struct tm
configure:5620: gcc -c  -g -O2 -pthread  -D_REENTRANT -D_GNU_SOURCE conftest.c >&5
configure:5623: $? = 0
configure:5626: test -s conftest.o
configure:5629: $? = 0
configure:5639: result: yes
configure:5814: checking whether to enable mod_access
configure:5852: result: yes (default)
configure:5900: checking whether to enable mod_auth
configure:5938: result: yes (default)
configure:5986: checking whether to enable mod_auth_anon
configure:6024: result: no
configure:6072: checking whether to enable mod_auth_dbm
configure:6110: result: no
configure:6159: checking whether to enable mod_auth_digest
configure:6239: result: no
configure:6335: checking whether to enable mod_isapi
configure:6373: result: no
configure:6469: checking whether to enable mod_file_cache
configure:6507: result: no
configure:6603: checking whether to enable mod_echo
configure:6641: result: no
configure:6826: checking whether to enable mod_charset_lite
configure:6864: result: no
configure:6916: checking whether to enable mod_cache
configure:6954: result: no
configure:7002: checking whether to enable mod_disk_cache
configure:7040: result: no
configure:7088: checking whether to enable mod_mem_cache
configure:7126: result: no
configure:7174: checking whether to enable mod_example
configure:7212: result: no
configure:7260: checking whether to enable mod_case_filter
configure:7298: result: no
configure:7346: checking whether to enable mod_case_filter_in
configure:7384: result: no
configure:7434: checking whether to enable mod_ldap
configure:7472: result: no
configure:7522: checking whether to enable mod_auth_ldap
configure:7560: result: no
configure:7634: checking whether to enable mod_ext_filter
configure:7672: result: no
configure:7720: checking whether to enable mod_include
configure:7758: result: yes (default)
configure:7829: checking whether to enable mod_deflate
configure:8166: result: no
configure:8240: checking whether to enable mod_log_config
configure:8278: result: yes (default)
configure:8327: checking whether to enable mod_logio
configure:8365: result: no
configure:8439: checking whether to enable mod_env
configure:8477: result: yes (default)
configure:8525: checking whether to enable mod_mime_magic
configure:8563: result: no
configure:8611: checking whether to enable mod_cern_meta
configure:8649: result: no
configure:8697: checking whether to enable mod_expires
configure:8735: result: no
configure:8783: checking whether to enable mod_headers
configure:8821: result: no
configure:8870: checking whether to enable mod_usertrack
configure:9106: result: no
configure:9155: checking whether to enable mod_unique_id
configure:9193: result: no
configure:9241: checking whether to enable mod_setenvif
configure:9279: result: yes (default)
configure:9383: checking whether to enable mod_proxy
configure:9421: result: no
configure:9484: checking whether to enable mod_proxy_connect
configure:9522: result: no
configure:9570: checking whether to enable mod_proxy_ftp
configure:9608: result: no
configure:9656: checking whether to enable mod_proxy_http
configure:9694: result: no
configure:9768: checking whether to enable mod_ssl
configure:10189: result: no
configure:10263: checking whether to enable mod_optional_hook_export
configure:10301: result: no
configure:10349: checking whether to enable mod_optional_hook_import
configure:10387: result: no
configure:10435: checking whether to enable mod_optional_fn_import
configure:10473: result: no
configure:10521: checking whether to enable mod_optional_fn_export
configure:10559: result: no
configure:10607: checking whether to enable mod_bucketeer
configure:10645: result: no
configure:10731: checking for target platform
configure:10756: result: unix
configure:10788: checking for rlim_t
configure:10811: gcc -c  -g -O2 -pthread  -D_REENTRANT -D_GNU_SOURCE conftest.c >&5
configure:10814: $? = 0
configure:10817: test -s conftest.o
configure:10820: $? = 0
configure:10834: result: yes
configure:10862: checking sys/time.h usability
configure:10871: gcc -c  -g -O2 -pthread  -D_REENTRANT -D_GNU_SOURCE conftest.c >&5
configure:10874: $? = 0
configure:10877: test -s conftest.o
configure:10880: $? = 0
configure:10889: result: yes
configure:10893: checking sys/time.h presence
configure:10900: gcc -E  -D_REENTRANT -D_GNU_SOURCE conftest.c
configure:10906: $? = 0
configure:10924: result: yes
configure:10942: checking for sys/time.h
configure:10949: result: yes
configure:10862: checking sys/resource.h usability
configure:10871: gcc -c  -g -O2 -pthread  -D_REENTRANT -D_GNU_SOURCE conftest.c >&5
configure:10874: $? = 0
configure:10877: test -s conftest.o
configure:10880: $? = 0
configure:10889: result: yes
configure:10893: checking sys/resource.h presence
configure:10900: gcc -E  -D_REENTRANT -D_GNU_SOURCE conftest.c
configure:10906: $? = 0
configure:10924: result: yes
configure:10942: checking for sys/resource.h
configure:10949: result: yes
configure:10853: checking for sys/sem.h
configure:10858: result: yes
configure:10862: checking sys/ipc.h usability
configure:10871: gcc -c  -g -O2 -pthread  -D_REENTRANT -D_GNU_SOURCE conftest.c >&5
configure:10874: $? = 0
configure:10877: test -s conftest.o
configure:10880: $? = 0
configure:10889: result: yes
configure:10893: checking sys/ipc.h presence
configure:10900: gcc -E  -D_REENTRANT -D_GNU_SOURCE conftest.c
configure:10906: $? = 0
configure:10924: result: yes
configure:10942: checking for sys/ipc.h
configure:10949: result: yes
configure:10968: checking for setsid
configure:11005: gcc -o conftest  -g -O2 -pthread  -D_REENTRANT -D_GNU_SOURCE   -L/home/tyu/Documents/concurrency-bugs/apache-21285/httpd-2.0.46/srclib/apr-util/xml/expat/lib conftest.c  >&5
configure:11008: $? = 0
configure:11011: test -s conftest
configure:11014: $? = 0
configure:11024: result: yes
configure:10968: checking for killpg
configure:11005: gcc -o conftest  -g -O2 -pthread  -D_REENTRANT -D_GNU_SOURCE   -L/home/tyu/Documents/concurrency-bugs/apache-21285/httpd-2.0.46/srclib/apr-util/xml/expat/lib conftest.c  >&5
configure:11008: $? = 0
configure:11011: test -s conftest
configure:11014: $? = 0
configure:11024: result: yes
configure:11053: checking bstring.h usability
configure:11062: gcc -c  -g -O2 -pthread  -D_REENTRANT -D_GNU_SOURCE conftest.c >&5
configure:11090:21: fatal error: bstring.h: No such file or directory
 _ACEOF
                     ^
compilation terminated.
configure:11065: $? = 1
configure: failed program was:
#line 11055 "configure"
#include "confdefs.h"
#include <stdio.h>
#if HAVE_SYS_TYPES_H
# include <sys/types.h>
#endif
#if HAVE_SYS_STAT_H
# include <sys/stat.h>
#endif
#if STDC_HEADERS
# include <stdlib.h>
# include <stddef.h>
#else
# if HAVE_STDLIB_H
#  include <stdlib.h>
# endif
#endif
#if HAVE_STRING_H
# if !STDC_HEADERS && HAVE_MEMORY_H
#  include <memory.h>
# endif
# include <string.h>
#endif
#if HAVE_STRINGS_H
# include <strings.h>
#endif
#if HAVE_INTTYPES_H
# include <inttypes.h>
#else
# if HAVE_STDINT_H
#  include <stdint.h>
# endif
#endif
#if HAVE_UNISTD_H
# include <unistd.h>
#endif
#include <bstring.h>
configure:11080: result: no
configure:11084: checking bstring.h presence
configure:11091: gcc -E  -D_REENTRANT -D_GNU_SOURCE conftest.c
configure:11087:21: fatal error: bstring.h: No such file or directory
 #line $LINENO "configure"
                     ^
compilation terminated.
configure:11097: $? = 1
configure: failed program was:
#line 11086 "configure"
#include "confdefs.h"
#include <bstring.h>
configure:11115: result: no
configure:11133: checking for bstring.h
configure:11140: result: no
configure:11044: checking for unistd.h
configure:11049: result: yes
configure:11160: checking for syslog
configure:11197: gcc -o conftest  -g -O2 -pthread  -D_REENTRANT -D_GNU_SOURCE   -L/home/tyu/Documents/concurrency-bugs/apache-21285/httpd-2.0.46/srclib/apr-util/xml/expat/lib conftest.c  >&5
configure:11200: $? = 0
configure:11203: test -s conftest
configure:11206: $? = 0
configure:11216: result: yes
configure:11241: checking sys/times.h usability
configure:11250: gcc -c  -g -O2 -pthread  -D_REENTRANT -D_GNU_SOURCE conftest.c >&5
configure:11253: $? = 0
configure:11256: test -s conftest.o
configure:11259: $? = 0
configure:11268: result: yes
configure:11272: checking sys/times.h presence
configure:11279: gcc -E  -D_REENTRANT -D_GNU_SOURCE conftest.c
configure:11285: $? = 0
configure:11303: result: yes
configure:11321: checking for sys/times.h
configure:11328: result: yes
configure:11345: checking for times
configure:11382: gcc -o conftest  -g -O2 -pthread  -D_REENTRANT -D_GNU_SOURCE   -L/home/tyu/Documents/concurrency-bugs/apache-21285/httpd-2.0.46/srclib/apr-util/xml/expat/lib conftest.c  >&5
configure:11385: $? = 0
configure:11388: test -s conftest
configure:11391: $? = 0
configure:11401: result: yes
configure:11412: checking which MPM to use
configure:11428: result: prefork
configure:12102: checking whether to enable mod_http
configure:12140: result: yes
configure:12188: checking whether to enable mod_mime
configure:12226: result: yes (default)
configure:12288: checking for extra modules
configure:12333: result: no extra modules
configure:12357: checking whether to enable mod_dav
configure:12395: result: no
configure:12496: checking whether to enable mod_status
configure:12534: result: yes (default)
configure:12582: checking whether to enable mod_autoindex
configure:12620: result: yes (default)
configure:12668: checking whether to enable mod_asis
configure:12706: result: yes (default)
configure:12754: checking whether to enable mod_info
configure:12792: result: no
configure:12840: checking whether to enable mod_suexec
configure:12892: result: no
configure:13142: checking whether to enable mod_cgi
configure:13180: result: yes (default)
configure:13228: checking whether to enable mod_cgid
configure:13266: result: no
configure:13754: checking whether to enable mod_dav_fs
configure:13792: result: no
configure:13866: checking whether to enable mod_vhost_alias
configure:13904: result: no
configure:13952: checking whether to enable mod_negotiation
configure:13990: result: yes (default)
configure:14038: checking whether to enable mod_dir
configure:14076: result: yes (default)
configure:14124: checking whether to enable mod_imap
configure:14162: result: yes (default)
configure:14210: checking whether to enable mod_actions
configure:14248: result: yes (default)
configure:14296: checking whether to enable mod_speling
configure:14334: result: no
configure:14382: checking whether to enable mod_userdir
configure:14420: result: yes (default)
configure:14468: checking whether to enable mod_alias
configure:14506: result: yes (default)
configure:14555: checking whether to enable mod_rewrite
configure:14593: result: no
configure:14703: checking whether to enable mod_so
configure:14741: result: yes
configure:15105: checking whether byte ordering is bigendian
configure:15129: gcc -c  -g -O2 -pthread  -D_REENTRANT -D_GNU_SOURCE conftest.c >&5
configure:15132: $? = 0
configure:15135: test -s conftest.o
configure:15138: $? = 0
configure:15159: gcc -c  -g -O2 -pthread  -D_REENTRANT -D_GNU_SOURCE conftest.c >&5
configure: In function 'main':
configure:15149:2: error: unknown type name 'not'
 {
  ^
configure:15149:10: error: expected '=', ',', ';', 'asm' or '__attribute__' before 'endian'
 {
          ^
configure:15162: $? = 1
configure: failed program was:
#line 15141 "configure"
#include "confdefs.h"
#include <sys/types.h>
#include <sys/param.h>

int
main ()
{
#if BYTE_ORDER != BIG_ENDIAN
 not big endian
#endif

  ;
  return 0;
}
configure:15270: result: no
configure:15859: creating ./config.status

## ---------------------- ##
## Running config.status. ##
## ---------------------- ##

This file was extended by config.status, which was
generated by GNU Autoconf 2.54.  Invocation command line was

  CONFIG_FILES    = 
  CONFIG_HEADERS  = 
  CONFIG_LINKS    = 
  CONFIG_COMMANDS = 
  $ ./config.status 

on ubuntu

config.status:752: creating docs/conf/httpd-std.conf
config.status:752: creating include/ap_config_layout.h
config.status:752: creating support/apxs
config.status:752: creating support/apachectl
config.status:752: creating support/dbmmanage
config.status:752: creating support/envvars-std
config.status:752: creating support/log_server_status
config.status:752: creating support/logresolve.pl
config.status:752: creating support/phf_abuse_log.cgi
config.status:752: creating support/split-logfile
config.status:752: creating build/rules.mk
config.status:856: creating include/ap_config_auto.h
config.status:1147: executing default commands

## ---------------- ##
## Cache variables. ##
## ---------------- ##

ac_cv_build=x86_64-unknown-linux-gnu
ac_cv_build_alias=x86_64-unknown-linux-gnu
ac_cv_c_bigendian=no
ac_cv_c_compiler_gnu=yes
ac_cv_c_const=yes
ac_cv_define_APR_HAS_DSO=yes
ac_cv_define_APR_HAVE_IPV6=yes
ac_cv_env_CC_set=
ac_cv_env_CC_value=
ac_cv_env_CFLAGS_set=
ac_cv_env_CFLAGS_value=
ac_cv_env_CPPFLAGS_set=
ac_cv_env_CPPFLAGS_value=
ac_cv_env_CPP_set=
ac_cv_env_CPP_value=
ac_cv_env_LDFLAGS_set=
ac_cv_env_LDFLAGS_value=
ac_cv_env_build_alias_set=
ac_cv_env_build_alias_value=
ac_cv_env_host_alias_set=
ac_cv_env_host_alias_value=
ac_cv_env_target_alias_set=
ac_cv_env_target_alias_value=
ac_cv_exeext=
ac_cv_func_bindprocessor=no
ac_cv_func_getgrnam=yes
ac_cv_func_getpwnam=yes
ac_cv_func_initgroups=yes
ac_cv_func_killpg=yes
ac_cv_func_prctl=yes
ac_cv_func_setsid=yes
ac_cv_func_syslog=yes
ac_cv_func_timegm=yes
ac_cv_func_times=yes
ac_cv_header_bstring_h=no
ac_cv_header_grp_h=yes
ac_cv_header_inttypes_h=yes
ac_cv_header_limits_h=yes
ac_cv_header_memory_h=yes
ac_cv_header_minix_config_h=no
ac_cv_header_pwd_h=yes
ac_cv_header_stdc=yes
ac_cv_header_stdint_h=yes
ac_cv_header_stdlib_h=yes
ac_cv_header_string_h=yes
ac_cv_header_strings_h=yes
ac_cv_header_sys_ipc_h=yes
ac_cv_header_sys_prctl_h=yes
ac_cv_header_sys_processor_h=no
ac_cv_header_sys_resource_h=yes
ac_cv_header_sys_sem_h=yes
ac_cv_header_sys_socket_h=yes
ac_cv_header_sys_stat_h=yes
ac_cv_header_sys_time_h=yes
ac_cv_header_sys_times_h=yes
ac_cv_header_sys_types_h=yes
ac_cv_header_sys_wait_h=yes
ac_cv_header_unistd_h=yes
ac_cv_host=x86_64-unknown-linux-gnu
ac_cv_host_alias=x86_64-unknown-linux-gnu
ac_cv_mkdir_p=yes
ac_cv_objext=o
ac_cv_path_RM=/bin/rm
ac_cv_path_install='/usr/bin/install -c'
ac_cv_prog_AWK=mawk
ac_cv_prog_CPP='gcc -E'
ac_cv_prog_ac_ct_CC=gcc
ac_cv_prog_ac_ct_RANLIB=ranlib
ac_cv_prog_cc_g=yes
ac_cv_prog_cc_stdc=
ac_cv_prog_egrep='grep -E'
ac_cv_search_strerror='none required'
ac_cv_struct_tm_gmtoff=yes
ac_cv_target=x86_64-unknown-linux-gnu
ac_cv_target_alias=x86_64-unknown-linux-gnu
ac_cv_type_rlim_t=yes
apache_cv_mpm=prefork

## ----------------- ##
## Output variables. ##
## ----------------- ##

APACHECTL_ULIMIT='ulimit -S -n `ulimit -H -n`'
APR_BINDIR='/usr/local/apache2/bin'
APR_INCLUDEDIR='/home/tyu/Documents/concurrency-bugs/apache-21285/httpd-2.0.46/srclib/apr/include'
APU_BINDIR='/usr/local/apache2/bin'
APU_INCLUDEDIR='/home/tyu/Documents/concurrency-bugs/apache-21285/httpd-2.0.46/srclib/apr-util/include'
AP_BUILD_SRCLIB_DIRS='apr  apr-util'
AP_CLEAN_SRCLIB_DIRS='apr-util  apr'
AP_LIBS='/home/tyu/Documents/concurrency-bugs/apache-21285/httpd-2.0.46/srclib/pcre/libpcre.la   /home/tyu/Documents/concurrency-bugs/apache-21285/httpd-2.0.46/srclib/apr-util/libaprutil-0.la /home/tyu/Documents/concurrency-bugs/apache-21285/httpd-2.0.46/srclib/apr-util/xml/expat/lib/libexpat.la  /home/tyu/Documents/concurrency-bugs/apache-21285/httpd-2.0.46/srclib/apr/libapr-0.la -lrt -lm -lcrypt -lnsl  -ldl'
AP_SIG_GRACEFUL='SIGUSR1'
AP_SIG_GRACEFUL_SHORT='USR1'
AP_SIG_GRACEFUL_STRING=''
AWK='mawk'
BUILTIN_LIBS=' modules/aaa/mod_access.la modules/aaa/mod_auth.la modules/filters/mod_include.la modules/loggers/mod_log_config.la modules/metadata/mod_env.la modules/metadata/mod_setenvif.la modules/http/mod_http.la modules/http/mod_mime.la modules/generators/mod_status.la modules/generators/mod_autoindex.la modules/generators/mod_asis.la modules/generators/mod_cgi.la modules/mappers/mod_negotiation.la modules/mappers/mod_dir.la modules/mappers/mod_imap.la modules/mappers/mod_actions.la modules/mappers/mod_userdir.la modules/mappers/mod_alias.la modules/mappers/mod_so.la'
CC='gcc'
CFLAGS=''
CORE_IMPLIB=''
CORE_IMPLIB_FILE=''
CPP='gcc -E'
CPPFLAGS=''
CXX=''
CXXFLAGS=''
DEFS='-DHAVE_CONFIG_H'
DSO_MODULES=''
ECHO_C=''
ECHO_N='-n'
ECHO_T=''
EGREP='grep -E'
EXEEXT=''
EXTRA_CFLAGS=' -g -O2 -pthread'
EXTRA_CPPFLAGS=' -D_REENTRANT -D_GNU_SOURCE'
EXTRA_CXXFLAGS=''
EXTRA_INCLUDES=' -I/home/tyu/Documents/concurrency-bugs/apache-21285/httpd-2.0.46/srclib/apr/include  -I/home/tyu/Documents/concurrency-bugs/apache-21285/httpd-2.0.46/srclib/apr-util/include -I/home/tyu/Documents/concurrency-bugs/apache-21285/httpd-2.0.46/srclib/apr-util/xml/expat/lib -I. -I$(top_srcdir)/os/$(OS_DIR) -I$(top_srcdir)/server/mpm/$(MPM_SUBDIR_NAME) -I$(top_srcdir)/modules/http -I$(top_srcdir)/modules/filters -I$(top_srcdir)/modules/proxy -I$(top_srcdir)/include -I$(top_srcdir)/modules/dav/main'
EXTRA_LDFLAGS='  -L/home/tyu/Documents/concurrency-bugs/apache-21285/httpd-2.0.46/srclib/apr-util/xml/expat/lib'
EXTRA_LIBS=''
HTTPD_LDFLAGS=''
INCLUDES=''
INSTALL_DATA='${INSTALL} -m 644'
INSTALL_PROGRAM='${INSTALL}'
INSTALL_PROG_FLAGS=''
INSTALL_SCRIPT='${INSTALL}'
LDFLAGS=''
LIBOBJS=''
LIBS=''
LIBTOOL='/bin/bash /home/tyu/Documents/concurrency-bugs/apache-21285/httpd-2.0.46/srclib/apr/libtool $(LTFLAGS)'
LN_S='ln -s'
LTCFLAGS='-prefer-non-pic -static'
LTFLAGS='--silent'
LTLIBOBJS=''
LT_LDFLAGS='-export-dynamic'
MK_IMPLIB=''
MODULE_CLEANDIRS=' arch/win32 cache echo experimental proxy ssl test dav/main dav/fs'
MODULE_DIRS=' aaa filters loggers metadata http generators mappers'
MPM_LIB='server/mpm/prefork/libprefork.la'
MPM_NAME='prefork'
MPM_SUBDIR_NAME='prefork'
NOTEST_CFLAGS=''
NOTEST_CPPFLAGS='-DAP_HAVE_DESIGNATED_INITIALIZER'
NOTEST_CXXFLAGS=''
NOTEST_LDFLAGS=''
NOTEST_LIBS=''
OBJEXT='o'
OS='unix'
OS_DIR='unix'
OS_SPECIFIC_VARS=''
PACKAGE_BUGREPORT=''
PACKAGE_NAME=''
PACKAGE_STRING=''
PACKAGE_TARNAME=''
PACKAGE_VERSION=''
PATH_SEPARATOR=':'
PORT='80'
POST_SHARED_CMDS='echo ""'
PRE_SHARED_CMDS='echo ""'
RANLIB='ranlib'
RM='/bin/rm'
SHELL='/bin/bash'
SHLIBPATH_VAR='LD_LIBRARY_PATH'
SHLTCFLAGS='-prefer-pic'
SH_LDFLAGS=''
SH_LIBS=''
SH_LIBTOOL='$(LIBTOOL)'
UTIL_LDFLAGS=''
ab_LTFLAGS=''
abs_srcdir='/home/tyu/Documents/concurrency-bugs/apache-21285/httpd-2.0.46'
ac_ct_CC='gcc'
ac_ct_RANLIB='ranlib'
ap_make_delimiter=' '
ap_make_include='include'
bindir='${exec_prefix}/bin'
build='x86_64-unknown-linux-gnu'
build_alias=''
build_cpu='x86_64'
build_os='linux-gnu'
build_vendor='unknown'
cgidir='${datadir}/cgi-bin'
checkgid_LTFLAGS=''
datadir='${prefix}'
errordir='${datadir}/error'
exec_prefix='${prefix}'
exp_bindir='/usr/local/apache2/bin'
exp_cgidir='/usr/local/apache2/cgi-bin'
exp_datadir='/usr/local/apache2'
exp_errordir='/usr/local/apache2/error'
exp_exec_prefix='/usr/local/apache2'
exp_htdocsdir='/usr/local/apache2/htdocs'
exp_iconsdir='/usr/local/apache2/icons'
exp_includedir='/usr/local/apache2/include'
exp_installbuilddir='/usr/local/apache2/build'
exp_libdir='/usr/local/apache2/lib'
exp_libexecdir='/usr/local/apache2/modules'
exp_localstatedir='/usr/local/apache2'
exp_logfiledir='/usr/local/apache2/logs'
exp_mandir='/usr/local/apache2/man'
exp_manualdir='/usr/local/apache2/manual'
exp_proxycachedir='/usr/local/apache2/proxy'
exp_runtimedir='/usr/local/apache2/logs'
exp_sbindir='/usr/local/apache2/bin'
exp_sysconfdir='/usr/local/apache2/conf'
host='x86_64-unknown-linux-gnu'
host_alias=''
host_cpu='x86_64'
host_os='linux-gnu'
host_vendor='unknown'
htdbm_LTFLAGS=''
htdigest_LTFLAGS=''
htdocsdir='${datadir}/htdocs'
htpasswd_LTFLAGS=''
iconsdir='${datadir}/icons'
includedir='${prefix}/include'
infodir='${prefix}/info'
installbuilddir='${datadir}/build'
libdir='${exec_prefix}/lib'
libexecdir='${exec_prefix}/modules'
localstatedir='${prefix}'
logfiledir='${localstatedir}/logs'
logresolve_LTFLAGS=''
mandir='${prefix}/man'
manualdir='${datadir}/manual'
nonssl_listen_stmt_1=''
nonssl_listen_stmt_2='Listen @@Port@@'
oldincludedir='/usr/include'
other_targets=''
perlbin='/usr/bin/perl'
prefix='/usr/local/apache2'
progname='httpd'
program_transform_name='s,x,x,'
proxycachedir='${localstatedir}/proxy'
rel_bindir='bin'
rel_cgidir='cgi-bin'
rel_datadir=''
rel_errordir='error'
rel_exec_prefix=''
rel_htdocsdir='htdocs'
rel_iconsdir='icons'
rel_includedir='include'
rel_installbuilddir='build'
rel_libdir='lib'
rel_libexecdir='modules'
rel_localstatedir=''
rel_logfiledir='logs'
rel_mandir='man'
rel_manualdir='manual'
rel_proxycachedir='proxy'
rel_runtimedir='logs'
rel_sbindir='bin'
rel_sysconfdir='conf'
rotatelogs_LTFLAGS=''
runtimedir='${localstatedir}/logs'
sbindir='${exec_prefix}/bin'
shared_build=''
sharedstatedir='${prefix}/com'
sysconfdir='${prefix}/conf'
target='x86_64-unknown-linux-gnu'
target_alias=''
target_cpu='x86_64'
target_os='linux-gnu'
target_vendor='unknown'

## ----------- ##
## confdefs.h. ##
## ----------- ##

#define APACHE_MPM_DIR "server/mpm/prefork"
#define AP_ENABLE_V4_MAPPED 1
#define AP_SIG_GRACEFUL SIGUSR1
#define AP_SIG_GRACEFUL_SHORT USR1
#define AP_SIG_GRACEFUL_STRING "SIGUSR1"
#define AP_TYPES_CONFIG_FILE "conf/mime.types"
#define AP_USING_AUTOCONF 1
#define HAVE_GETGRNAM 1
#define HAVE_GETPWNAM 1
#define HAVE_GMTOFF 1
#define HAVE_GRP_H 1
#define HAVE_INITGROUPS 1
#define HAVE_INTTYPES_H 1
#define HAVE_KILLPG 1
#define HAVE_LIMITS_H 1
#define HAVE_MEMORY_H 1
#define HAVE_PRCTL 1
#define HAVE_PWD_H 1
#define HAVE_SETSID 1
#define HAVE_STDINT_H 1
#define HAVE_STDLIB_H 1
#define HAVE_STRINGS_H 1
#define HAVE_STRINGS_H 1
#define HAVE_STRING_H 1
#define HAVE_STRING_H 1
#define HAVE_SYSLOG 1
#define HAVE_SYS_IPC_H 1
#define HAVE_SYS_PRCTL_H 1
#define HAVE_SYS_RESOURCE_H 1
#define HAVE_SYS_SEM_H 1
#define HAVE_SYS_SEM_H 1
#define HAVE_SYS_SOCKET_H 1
#define HAVE_SYS_STAT_H 1
#define HAVE_SYS_TIMES_H 1
#define HAVE_SYS_TIME_H 1
#define HAVE_SYS_TYPES_H 1
#define HAVE_SYS_WAIT_H 1
#define HAVE_TIMEGM 1
#define HAVE_TIMES 1
#define HAVE_UNISTD_H 1
#define HAVE_UNISTD_H 1
#define HAVE_UNISTD_H 1
#define HTTPD_ROOT "/usr/local/apache2"
#define PACKAGE_BUGREPORT ""
#define PACKAGE_NAME ""
#define PACKAGE_STRING ""
#define PACKAGE_TARNAME ""
#define PACKAGE_VERSION ""
#define SERVER_CONFIG_FILE "conf/httpd.conf"
#define STDC_HEADERS 1
#define STDC_HEADERS 1

configure: exit 0
