This file contains any messages produced by compilers while
running configure, to aid debugging if configure makes a mistake.

It was created by configure, which was
generated by GNU Autoconf 2.54.  Invocation command line was

  $ /home/tyu/Documents/concurrency-bugs/apache-21285/httpd-2.0.46/srclib/apr-util/xml/expat/configure --cache-file=/dev/null --srcdir=/home/tyu/Documents/concurrency-bugs/apache-21285/httpd-2.0.46/srclib/apr-util --with-apr=../apr --prefix=/usr/local/apache2 --exec-prefix=/usr/local/apache2 --libdir=${prefix}/lib --includedir=/usr/local/apache2/include --bindir=${prefix}/bin --cache-file=/dev/null --srcdir=/home/tyu/Documents/concurrency-bugs/apache-21285/httpd-2.0.46/srclib/apr-util/xml/expat --prefix=/usr/local/apache2 --exec-prefix=/usr/local/apache2 --libdir=/usr/local/apache2/lib --includedir=/usr/local/apache2/include --bindir=/usr/local/apache2/bin

## --------- ##
## Platform. ##
## --------- ##

hostname = ubuntu
uname -m = x86_64
uname -r = 3.16.0-48-generic
uname -s = Linux
uname -v = #64~14.04.1-Ubuntu SMP Thu Aug 20 23:03:57 UTC 2015

/usr/bin/uname -p = unknown
/bin/uname -X     = unknown

/bin/arch              = unknown
/usr/bin/arch -k       = unknown
/usr/convex/getsysinfo = unknown
hostinfo               = unknown
/bin/machine           = unknown
/usr/bin/oslevel       = unknown
/bin/universe          = unknown

PATH: /home/tyu/Documents/llvm-gcc4.2-2.9-x86_64-linux/bin
PATH: /home/tyu/Documents/llvm-2.9/Release/bin
PATH: /usr/local/sbin
PATH: /usr/local/bin
PATH: /usr/sbin
PATH: /usr/bin
PATH: /sbin
PATH: /bin
PATH: /usr/games
PATH: /usr/local/games


## ----------- ##
## Core tests. ##
## ----------- ##

configure:1474: checking build system type
configure:1492: result: x86_64-unknown-linux-gnu
configure:1500: checking host system type
configure:1514: result: x86_64-unknown-linux-gnu
configure:1522: checking target system type
configure:1536: result: x86_64-unknown-linux-gnu
configure:1677: checking for gcc
configure:1693: found /usr/bin/gcc
configure:1703: result: gcc
configure:1945: checking for C compiler version
configure:1948: gcc --version </dev/null >&5
gcc (Ubuntu 4.8.4-2ubuntu1~14.04) 4.8.4
Copyright (C) 2013 Free Software Foundation, Inc.
This is free software; see the source for copying conditions.  There is NO
warranty; not even for MERCHANTABILITY or FITNESS FOR A PARTICULAR PURPOSE.

configure:1951: $? = 0
configure:1953: gcc -v </dev/null >&5
Using built-in specs.
COLLECT_GCC=gcc
COLLECT_LTO_WRAPPER=/usr/lib/gcc/x86_64-linux-gnu/4.8/lto-wrapper
Target: x86_64-linux-gnu
Configured with: ../src/configure -v --with-pkgversion='Ubuntu 4.8.4-2ubuntu1~14.04' --with-bugurl=file:///usr/share/doc/gcc-4.8/README.Bugs --enable-languages=c,c++,java,go,d,fortran,objc,obj-c++ --prefix=/usr --program-suffix=-4.8 --enable-shared --enable-linker-build-id --libexecdir=/usr/lib --without-included-gettext --enable-threads=posix --with-gxx-include-dir=/usr/include/c++/4.8 --libdir=/usr/lib --enable-nls --with-sysroot=/ --enable-clocale=gnu --enable-libstdcxx-debug --enable-libstdcxx-time=yes --enable-gnu-unique-object --disable-libmudflap --enable-plugin --with-system-zlib --disable-browser-plugin --enable-java-awt=gtk --enable-gtk-cairo --with-java-home=/usr/lib/jvm/java-1.5.0-gcj-4.8-amd64/jre --enable-java-home --with-jvm-root-dir=/usr/lib/jvm/java-1.5.0-gcj-4.8-amd64 --with-jvm-jar-dir=/usr/lib/jvm-exports/java-1.5.0-gcj-4.8-amd64 --with-arch-directory=amd64 --with-ecj-jar=/usr/share/java/eclipse-ecj.jar --enable-objc-gc --enable-multiarch --disable-werror --with-arch-32=i686 --with-abi=m64 --with-multilib-list=m32,m64,mx32 --with-tune=generic --enable-checking=release --build=x86_64-linux-gnu --host=x86_64-linux-gnu --target=x86_64-linux-gnu
Thread model: posix
gcc version 4.8.4 (Ubuntu 4.8.4-2ubuntu1~14.04) 
configure:1956: $? = 0
configure:1958: gcc -V </dev/null >&5
gcc: error: unrecognized command line option '-V'
gcc: fatal error: no input files
compilation terminated.
configure:1961: $? = 4
configure:1981: checking for C compiler default output
configure:1984: gcc    conftest.c  >&5
configure:1987: $? = 0
configure:2021: result: a.out
configure:2026: checking whether the C compiler works
configure:2032: ./a.out
configure:2035: $? = 0
configure:2050: result: yes
configure:2057: checking whether we are cross compiling
configure:2059: result: no
configure:2062: checking for suffix of executables
configure:2064: gcc -o conftest    conftest.c  >&5
configure:2067: $? = 0
configure:2090: result: 
configure:2096: checking for suffix of object files
configure:2114: gcc -c   conftest.c >&5
configure:2117: $? = 0
configure:2136: result: o
configure:2140: checking whether we are using the GNU C compiler
configure:2161: gcc -c   conftest.c >&5
configure:2164: $? = 0
configure:2167: test -s conftest.o
configure:2170: $? = 0
configure:2182: result: yes
configure:2188: checking whether gcc accepts -g
configure:2206: gcc -c -g  conftest.c >&5
configure:2209: $? = 0
configure:2212: test -s conftest.o
configure:2215: $? = 0
configure:2225: result: yes
configure:2242: checking for gcc option to accept ANSI C
configure:2299: gcc  -c -g -O2  conftest.c >&5
configure:2302: $? = 0
configure:2305: test -s conftest.o
configure:2308: $? = 0
configure:2325: result: none needed
configure:2343: gcc -c -g -O2  conftest.c >&5
conftest.c:2:3: error: unknown type name 'choke'
   choke me
   ^
conftest.c:2:3: error: expected '=', ',', ';', 'asm' or '__attribute__' at end of input
configure:2346: $? = 1
configure: failed program was:
#ifndef __cplusplus
  choke me
#endif
configure:2444: checking for a sed that does not truncate output
configure:2498: result: /bin/sed
configure:2501: checking for egrep
configure:2511: result: grep -E
configure:2527: checking for ld used by gcc
configure:2594: result: /usr/bin/ld
configure:2603: checking if the linker (/usr/bin/ld) is GNU ld
configure:2618: result: yes
configure:2623: checking for /usr/bin/ld option to reload object files
configure:2630: result: -r
configure:2639: checking for BSD-compatible nm
configure:2681: result: /usr/bin/nm -B
configure:2685: checking whether ln -s works
configure:2689: result: yes
configure:2696: checking how to recognise dependent libraries
configure:2896: result: file_magic ELF [0-9][0-9]*-bit [LM]SB (shared object|dynamic lib )
configure:2981: gcc -c -g -O2  conftest.c >&5
configure:2984: $? = 0
configure:3337: checking how to run the C preprocessor
configure:3363: gcc -E  conftest.c
configure:3369: $? = 0
configure:3396: gcc -E  conftest.c
configure:3392:28: fatal error: ac_nonexistent.h: No such file or directory
 #line $LINENO "configure"
                            ^
compilation terminated.
configure:3402: $? = 1
configure: failed program was:
#line 3391 "configure"
#include "confdefs.h"
#include <ac_nonexistent.h>
configure:3439: result: gcc -E
configure:3454: gcc -E  conftest.c
configure:3460: $? = 0
configure:3487: gcc -E  conftest.c
configure:3483:28: fatal error: ac_nonexistent.h: No such file or directory
 #line $LINENO "configure"
                            ^
compilation terminated.
configure:3493: $? = 1
configure: failed program was:
#line 3482 "configure"
#include "confdefs.h"
#include <ac_nonexistent.h>
configure:3533: checking for ANSI C header files
configure:3547: gcc -E  conftest.c
configure:3553: $? = 0
configure:3640: gcc -o conftest -g -O2   conftest.c  >&5
configure: In function 'main':
configure:3631:7: warning: incompatible implicit declaration of built-in function 'exit' [enabled by default]
   int i;
       ^
configure:3643: $? = 0
configure:3645: ./conftest
configure:3648: $? = 0
configure:3662: result: yes
configure:3686: checking for sys/types.h
configure:3699: gcc -c -g -O2  conftest.c >&5
configure:3702: $? = 0
configure:3705: test -s conftest.o
configure:3708: $? = 0
configure:3718: result: yes
configure:3686: checking for sys/stat.h
configure:3699: gcc -c -g -O2  conftest.c >&5
configure:3702: $? = 0
configure:3705: test -s conftest.o
configure:3708: $? = 0
configure:3718: result: yes
configure:3686: checking for stdlib.h
configure:3699: gcc -c -g -O2  conftest.c >&5
configure:3702: $? = 0
configure:3705: test -s conftest.o
configure:3708: $? = 0
configure:3718: result: yes
configure:3686: checking for string.h
configure:3699: gcc -c -g -O2  conftest.c >&5
configure:3702: $? = 0
configure:3705: test -s conftest.o
configure:3708: $? = 0
configure:3718: result: yes
configure:3686: checking for memory.h
configure:3699: gcc -c -g -O2  conftest.c >&5
configure:3702: $? = 0
configure:3705: test -s conftest.o
configure:3708: $? = 0
configure:3718: result: yes
configure:3686: checking for strings.h
configure:3699: gcc -c -g -O2  conftest.c >&5
configure:3702: $? = 0
configure:3705: test -s conftest.o
configure:3708: $? = 0
configure:3718: result: yes
configure:3686: checking for inttypes.h
configure:3699: gcc -c -g -O2  conftest.c >&5
configure:3702: $? = 0
configure:3705: test -s conftest.o
configure:3708: $? = 0
configure:3718: result: yes
configure:3686: checking for stdint.h
configure:3699: gcc -c -g -O2  conftest.c >&5
configure:3702: $? = 0
configure:3705: test -s conftest.o
configure:3708: $? = 0
configure:3718: result: yes
configure:3686: checking for unistd.h
configure:3699: gcc -c -g -O2  conftest.c >&5
configure:3702: $? = 0
configure:3705: test -s conftest.o
configure:3708: $? = 0
configure:3718: result: yes
configure:3744: checking dlfcn.h usability
configure:3753: gcc -c -g -O2  conftest.c >&5
configure:3756: $? = 0
configure:3759: test -s conftest.o
configure:3762: $? = 0
configure:3771: result: yes
configure:3775: checking dlfcn.h presence
configure:3782: gcc -E  conftest.c
configure:3788: $? = 0
configure:3806: result: yes
configure:3824: checking for dlfcn.h
configure:3831: result: yes
configure:3896: checking for g++
configure:3912: found /usr/bin/g++
configure:3922: result: g++
configure:3938: checking for C++ compiler version
configure:3941: g++ --version </dev/null >&5
g++ (Ubuntu 4.8.4-2ubuntu1~14.04) 4.8.4
Copyright (C) 2013 Free Software Foundation, Inc.
This is free software; see the source for copying conditions.  There is NO
warranty; not even for MERCHANTABILITY or FITNESS FOR A PARTICULAR PURPOSE.

configure:3944: $? = 0
configure:3946: g++ -v </dev/null >&5
Using built-in specs.
COLLECT_GCC=g++
COLLECT_LTO_WRAPPER=/usr/lib/gcc/x86_64-linux-gnu/4.8/lto-wrapper
Target: x86_64-linux-gnu
Configured with: ../src/configure -v --with-pkgversion='Ubuntu 4.8.4-2ubuntu1~14.04' --with-bugurl=file:///usr/share/doc/gcc-4.8/README.Bugs --enable-languages=c,c++,java,go,d,fortran,objc,obj-c++ --prefix=/usr --program-suffix=-4.8 --enable-shared --enable-linker-build-id --libexecdir=/usr/lib --without-included-gettext --enable-threads=posix --with-gxx-include-dir=/usr/include/c++/4.8 --libdir=/usr/lib --enable-nls --with-sysroot=/ --enable-clocale=gnu --enable-libstdcxx-debug --enable-libstdcxx-time=yes --enable-gnu-unique-object --disable-libmudflap --enable-plugin --with-system-zlib --disable-browser-plugin --enable-java-awt=gtk --enable-gtk-cairo --with-java-home=/usr/lib/jvm/java-1.5.0-gcj-4.8-amd64/jre --enable-java-home --with-jvm-root-dir=/usr/lib/jvm/java-1.5.0-gcj-4.8-amd64 --with-jvm-jar-dir=/usr/lib/jvm-exports/java-1.5.0-gcj-4.8-amd64 --with-arch-directory=amd64 --with-ecj-jar=/usr/share/java/eclipse-ecj.jar --enable-objc-gc --enable-multiarch --disable-werror --with-arch-32=i686 --with-abi=m64 --with-multilib-list=m32,m64,mx32 --with-tune=generic --enable-checking=release --build=x86_64-linux-gnu --host=x86_64-linux-gnu --target=x86_64-linux-gnu
Thread model: posix
gcc version 4.8.4 (Ubuntu 4.8.4-2ubuntu1~14.04) 
configure:3949: $? = 0
configure:3951: g++ -V </dev/null >&5
g++: error: unrecognized command line option '-V'
g++: fatal error: no input files
compilation terminated.
configure:3954: $? = 4
configure:3957: checking whether we are using the GNU C++ compiler
configure:3978: g++ -c   conftest.cc >&5
configure:3981: $? = 0
configure:3984: test -s conftest.o
configure:3987: $? = 0
configure:3999: result: yes
configure:4005: checking whether g++ accepts -g
configure:4023: g++ -c -g  conftest.cc >&5
configure:4026: $? = 0
configure:4029: test -s conftest.o
configure:4032: $? = 0
configure:4042: result: yes
configure:4082: g++ -c -g -O2  conftest.cc >&5
configure:4085: $? = 0
configure:4088: test -s conftest.o
configure:4091: $? = 0
configure:4113: g++ -c -g -O2  conftest.cc >&5
configure: In function 'int main()':
configure:4105:9: error: 'exit' was not declared in this scope
 main ()
         ^
configure:4116: $? = 1
configure: failed program was:
#line 4100 "configure"
#include "confdefs.h"

int
main ()
{
exit (42);
  ;
  return 0;
}
configure:4082: g++ -c -g -O2  conftest.cc >&5
configure:4085: $? = 0
configure:4088: test -s conftest.o
configure:4091: $? = 0
configure:4113: g++ -c -g -O2  conftest.cc >&5
configure:4116: $? = 0
configure:4119: test -s conftest.o
configure:4122: $? = 0
configure:4149: checking how to run the C++ preprocessor
configure:4171: g++ -E  conftest.cc
configure:4177: $? = 0
configure:4204: g++ -E  conftest.cc
configure:4200:28: fatal error: ac_nonexistent.h: No such file or directory
 #line $LINENO "configure"
                            ^
compilation terminated.
configure:4210: $? = 1
configure: failed program was:
#line 4199 "configure"
#include "confdefs.h"
#include <ac_nonexistent.h>
configure:4247: result: g++ -E
configure:4262: g++ -E  conftest.cc
configure:4268: $? = 0
configure:4295: g++ -E  conftest.cc
configure:4291:28: fatal error: ac_nonexistent.h: No such file or directory
 #line $LINENO "configure"
                            ^
compilation terminated.
configure:4301: $? = 1
configure: failed program was:
#line 4290 "configure"
#include "confdefs.h"
#include <ac_nonexistent.h>
configure:4392: checking for g77
configure:4421: result: no
configure:4392: checking for f77
configure:4421: result: no
configure:4392: checking for xlf
configure:4421: result: no
configure:4392: checking for frt
configure:4421: result: no
configure:4392: checking for pgf77
configure:4421: result: no
configure:4392: checking for fl32
configure:4421: result: no
configure:4392: checking for af77
configure:4421: result: no
configure:4392: checking for fort77
configure:4421: result: no
configure:4392: checking for f90
configure:4421: result: no
configure:4392: checking for xlf90
configure:4421: result: no
configure:4392: checking for pgf90
configure:4421: result: no
configure:4392: checking for epcf90
configure:4421: result: no
configure:4392: checking for f95
configure:4421: result: no
configure:4392: checking for fort
configure:4421: result: no
configure:4392: checking for xlf95
configure:4421: result: no
configure:4392: checking for lf95
configure:4421: result: no
configure:4392: checking for g95
configure:4421: result: no
configure:4433: checking for Fortran 77 compiler version
configure:4436:  --version </dev/null >&5
/home/tyu/Documents/concurrency-bugs/apache-21285/httpd-2.0.46/srclib/apr-util/xml/expat/configure: line 4437: --version: command not found
configure:4439: $? = 127
configure:4441:  -v </dev/null >&5
/home/tyu/Documents/concurrency-bugs/apache-21285/httpd-2.0.46/srclib/apr-util/xml/expat/configure: line 4442: -v: command not found
configure:4444: $? = 127
configure:4446:  -V </dev/null >&5
/home/tyu/Documents/concurrency-bugs/apache-21285/httpd-2.0.46/srclib/apr-util/xml/expat/configure: line 4447: -V: command not found
configure:4449: $? = 127
configure:4456: checking whether we are using the GNU Fortran 77 compiler
configure:4470:  -c  conftest.F >&5
/home/tyu/Documents/concurrency-bugs/apache-21285/httpd-2.0.46/srclib/apr-util/xml/expat/configure: line 4471: -c: command not found
configure:4473: $? = 127
configure: failed program was:
      program main
#ifndef __GNUC__
       choke me
#endif

      end
configure:4491: result: no
configure:4498: checking whether  accepts -g
configure:4510:  -c -g conftest.f >&5
/home/tyu/Documents/concurrency-bugs/apache-21285/httpd-2.0.46/srclib/apr-util/xml/expat/configure: line 4511: -c: command not found
configure:4513: $? = 127
configure: failed program was:
      program main

      end
configure:4530: result: no
configure:4558: checking the maximum length of command line arguments
configure:4617: result: 32768
configure:4628: checking command to parse /usr/bin/nm -B output from gcc object
configure:4717: gcc -c -g -O2  conftest.c >&5
configure:4720: $? = 0
configure:4724: /usr/bin/nm -B conftest.o \| sed -n -e 's/^.*[ 	]\([ABCDGISTW][ABCDGISTW]*\)[ 	][ 	]*\(\)\([_A-Za-z][_A-Za-z0-9]*\)$/\1 \2\3 \3/p' \> conftest.nm
configure:4727: $? = 0
configure:4779: gcc -o conftest -g -O2   conftest.c conftstm.o >&5
configure:4782: $? = 0
configure:4820: result: ok
configure:4824: checking for objdir
configure:4839: result: .libs
configure:4929: checking for ar
configure:4945: found /usr/bin/ar
configure:4956: result: ar
configure:5009: checking for ranlib
configure:5025: found /usr/bin/ranlib
configure:5036: result: ranlib
configure:5089: checking for strip
configure:5105: found /usr/bin/strip
configure:5116: result: strip
configure:5170: checking for file
configure:5223: result: /usr/bin/file
configure:5378: checking if gcc static flag  works
configure:5401: result: yes
configure:5422: checking if gcc supports -fno-rtti -fno-exceptions
configure:5440: gcc -c -g -O2  -fno-rtti -fno-exceptions conftest.c >&5
cc1: warning: command line option '-fno-rtti' is valid for C++/ObjC++ but not for C [enabled by default]
configure:5444: $? = 0
configure:5455: result: no
configure:5470: checking for gcc option to produce PIC
configure:5647: result: -fPIC
configure:5654: checking if gcc PIC flag -fPIC works
configure:5672: gcc -c -g -O2  -fPIC -DPIC conftest.c >&5
configure:5676: $? = 0
configure:5687: result: yes
configure:5711: checking if gcc supports -c -o file.o
configure:5739: gcc -c -g -O2  -o out/conftest2.o conftest.c >&5
configure:5743: $? = 0
configure:5760: result: yes
configure:5786: checking whether the gcc linker (/usr/bin/ld -m elf_x86_64) supports shared libraries
configure:6570: result: yes
configure:6596: checking whether -lc should be explicitly linked in
configure:6601: gcc -c -g -O2  conftest.c >&5
configure:6604: $? = 0
configure:6618: gcc -shared conftest.o  -v -Wl,-soname -Wl,conftest -o conftest 2\>\&1 \| grep  -lc  \>/dev/null 2\>\&1
configure:6621: $? = 0
configure:6633: result: no
configure:6641: checking how to hardcode library paths into programs
configure:6666: result: immediate
configure:6680: checking whether stripping libraries is possible
configure:6685: result: yes
configure:6707: checking dynamic linker characteristics
configure:7218: result: GNU/Linux ld.so
configure:7891: checking if libtool supports shared libraries
configure:7893: result: yes
configure:7896: checking whether to build shared libraries
configure:7945: result: yes
configure:7948: checking whether to build static libraries
configure:7952: result: yes
configure:8043: creating libtool
configure:8587: checking for ld used by g++
configure:8654: result: /usr/bin/ld -m elf_x86_64
configure:8663: checking if the linker (/usr/bin/ld -m elf_x86_64) is GNU ld
configure:8678: result: no
configure:8729: checking whether the g++ linker (/usr/bin/ld -m elf_x86_64) supports shared libraries
configure:9514: result: yes
configure:9536: g++ -c -g -O2  conftest.cc >&5
configure:9539: $? = 0
configure:9635: checking for g++ option to produce PIC
configure:9887: result: -fPIC
configure:9894: checking if g++ PIC flag -fPIC works
configure:9912: g++ -c -g -O2  -fPIC -DPIC conftest.cc >&5
configure:9916: $? = 0
configure:9927: result: yes
configure:9951: checking if g++ supports -c -o file.o
configure:9979: g++ -c -g -O2  -o out/conftest2.o conftest.cc >&5
configure:9983: $? = 0
configure:10000: result: yes
configure:10026: checking whether the g++ linker (/usr/bin/ld -m elf_x86_64) supports shared libraries
configure:10051: result: yes
configure:10122: checking how to hardcode library paths into programs
configure:10147: result: immediate
configure:10161: checking whether stripping libraries is possible
configure:10166: result: yes
configure:10188: checking dynamic linker characteristics
configure:10699: result: GNU/Linux ld.so
configure:17512: checking for gcc
configure:17538: result: gcc
configure:17780: checking for C compiler version
configure:17783: gcc --version </dev/null >&5
gcc (Ubuntu 4.8.4-2ubuntu1~14.04) 4.8.4
Copyright (C) 2013 Free Software Foundation, Inc.
This is free software; see the source for copying conditions.  There is NO
warranty; not even for MERCHANTABILITY or FITNESS FOR A PARTICULAR PURPOSE.

configure:17786: $? = 0
configure:17788: gcc -v </dev/null >&5
Using built-in specs.
COLLECT_GCC=gcc
COLLECT_LTO_WRAPPER=/usr/lib/gcc/x86_64-linux-gnu/4.8/lto-wrapper
Target: x86_64-linux-gnu
Configured with: ../src/configure -v --with-pkgversion='Ubuntu 4.8.4-2ubuntu1~14.04' --with-bugurl=file:///usr/share/doc/gcc-4.8/README.Bugs --enable-languages=c,c++,java,go,d,fortran,objc,obj-c++ --prefix=/usr --program-suffix=-4.8 --enable-shared --enable-linker-build-id --libexecdir=/usr/lib --without-included-gettext --enable-threads=posix --with-gxx-include-dir=/usr/include/c++/4.8 --libdir=/usr/lib --enable-nls --with-sysroot=/ --enable-clocale=gnu --enable-libstdcxx-debug --enable-libstdcxx-time=yes --enable-gnu-unique-object --disable-libmudflap --enable-plugin --with-system-zlib --disable-browser-plugin --enable-java-awt=gtk --enable-gtk-cairo --with-java-home=/usr/lib/jvm/java-1.5.0-gcj-4.8-amd64/jre --enable-java-home --with-jvm-root-dir=/usr/lib/jvm/java-1.5.0-gcj-4.8-amd64 --with-jvm-jar-dir=/usr/lib/jvm-exports/java-1.5.0-gcj-4.8-amd64 --with-arch-directory=amd64 --with-ecj-jar=/usr/share/java/eclipse-ecj.jar --enable-objc-gc --enable-multiarch --disable-werror --with-arch-32=i686 --with-abi=m64 --with-multilib-list=m32,m64,mx32 --with-tune=generic --enable-checking=release --build=x86_64-linux-gnu --host=x86_64-linux-gnu --target=x86_64-linux-gnu
Thread model: posix
gcc version 4.8.4 (Ubuntu 4.8.4-2ubuntu1~14.04) 
configure:17791: $? = 0
configure:17793: gcc -V </dev/null >&5
gcc: error: unrecognized command line option '-V'
gcc: fatal error: no input files
compilation terminated.
configure:17796: $? = 4
configure:17799: checking whether we are using the GNU C compiler
configure:17841: result: yes
configure:17847: checking whether gcc accepts -g
configure:17884: result: yes
configure:17901: checking for gcc option to accept ANSI C
configure:17984: result: none needed
configure:18002: gcc -c -g -O2  conftest.c >&5
conftest.c:2:3: error: unknown type name 'choke'
   choke me
   ^
conftest.c:2:3: error: expected '=', ',', ';', 'asm' or '__attribute__' at end of input
configure:18005: $? = 1
configure: failed program was:
#ifndef __cplusplus
  choke me
#endif
configure:18115: checking for a BSD-compatible install
configure:18169: result: /usr/bin/install -c
configure:18182: checking for ANSI C header files
configure:18311: result: yes
configure:18337: checking fcntl.h usability
configure:18346: gcc -c -g -O2  conftest.c >&5
configure:18349: $? = 0
configure:18352: test -s conftest.o
configure:18355: $? = 0
configure:18364: result: yes
configure:18368: checking fcntl.h presence
configure:18375: gcc -E  conftest.c
configure:18381: $? = 0
configure:18399: result: yes
configure:18417: checking for fcntl.h
configure:18424: result: yes
configure:18328: checking for unistd.h
configure:18333: result: yes
configure:18328: checking for string.h
configure:18333: result: yes
configure:18439: checking whether byte ordering is bigendian
configure:18463: gcc -c -g -O2  conftest.c >&5
configure:18466: $? = 0
configure:18469: test -s conftest.o
configure:18472: $? = 0
configure:18493: gcc -c -g -O2  conftest.c >&5
configure: In function 'main':
configure:18483:2: error: unknown type name 'not'
 {
  ^
configure:18483:10: error: expected '=', ',', ';', 'asm' or '__attribute__' before 'endian'
 {
          ^
configure:18496: $? = 1
configure: failed program was:
#line 18475 "configure"
#include "confdefs.h"
#include <sys/types.h>
#include <sys/param.h>

int
main ()
{
#if BYTE_ORDER != BIG_ENDIAN
 not big endian
#endif

  ;
  return 0;
}
configure:18604: result: no
configure:18630: checking for an ANSI C-conforming const
configure:18694: gcc -c -g -O2  conftest.c >&5
configure:18697: $? = 0
configure:18700: test -s conftest.o
configure:18703: $? = 0
configure:18713: result: yes
configure:18723: checking for off_t
configure:18744: gcc -c -g -O2  conftest.c >&5
configure:18747: $? = 0
configure:18750: test -s conftest.o
configure:18753: $? = 0
configure:18763: result: yes
configure:18775: checking for size_t
configure:18796: gcc -c -g -O2  conftest.c >&5
configure:18799: $? = 0
configure:18802: test -s conftest.o
configure:18805: $? = 0
configure:18815: result: yes
configure:18829: checking for working memcmp
configure:18874: gcc -o conftest -g -O2   conftest.c  >&5
configure: In function 'main':
configure:18846:5: warning: incompatible implicit declaration of built-in function 'exit' [enabled by default]
   char c0 = 0x40, c1 = 0x80, c2 = 0x81;
     ^
configure:18859:9: warning: incompatible implicit declaration of built-in function 'strcpy' [enabled by default]
         char *a = foo + i;
         ^
configure:18877: $? = 0
configure:18879: ./conftest
configure:18882: $? = 0
configure:18895: result: yes
configure:18905: checking for stdlib.h
configure:18910: result: yes
configure:18905: checking for unistd.h
configure:18910: result: yes
configure:19018: checking for getpagesize
configure:19055: gcc -o conftest -g -O2   conftest.c  >&5
configure:19058: $? = 0
configure:19061: test -s conftest
configure:19064: $? = 0
configure:19074: result: yes
configure:19084: checking for working mmap
configure:19223: gcc -o conftest -g -O2   conftest.c  >&5
configure: In function 'main':
configure:19228:25: warning: cast from pointer to integer of different size [-Wpointer-to-int-cast]
   { (eval echo "$as_me:$LINENO: \"$ac_try\"") >&5
                         ^
configure:19226: $? = 0
configure:19228: ./conftest
configure:19231: $? = 0
configure:19244: result: yes
configure:19267: checking for memmove
configure:19304: gcc -o conftest -g -O2   conftest.c  >&5
configure:19282:6: warning: conflicting types for built-in function 'memmove' [enabled by default]
 /* We use char because int might match the return type of a gcc2
      ^
configure:19307: $? = 0
configure:19310: test -s conftest
configure:19313: $? = 0
configure:19323: result: yes
configure:19267: checking for bcopy
configure:19304: gcc -o conftest -g -O2   conftest.c  >&5
configure:19282:6: warning: conflicting types for built-in function 'bcopy' [enabled by default]
 /* We use char because int might match the return type of a gcc2
      ^
configure:19307: $? = 0
configure:19310: test -s conftest
configure:19313: $? = 0
configure:19323: result: yes
configure:19430: creating ./config.status

## ---------------------- ##
## Running config.status. ##
## ---------------------- ##

This file was extended by config.status, which was
generated by GNU Autoconf 2.54.  Invocation command line was

  CONFIG_FILES    = 
  CONFIG_HEADERS  = 
  CONFIG_LINKS    = 
  CONFIG_COMMANDS = 
  $ ./config.status 

on ubuntu

config.status:638: creating Makefile
config.status:638: creating lib/Makefile
config.status:638: creating lib/expat.h
config.status:735: creating config.h

## ---------------- ##
## Cache variables. ##
## ---------------- ##

ac_cv_build=x86_64-unknown-linux-gnu
ac_cv_build_alias=x86_64-unknown-linux-gnu
ac_cv_c_bigendian=no
ac_cv_c_compiler_gnu=yes
ac_cv_c_const=yes
ac_cv_cxx_compiler_gnu=yes
ac_cv_env_CC_set=
ac_cv_env_CC_value=
ac_cv_env_CFLAGS_set=
ac_cv_env_CFLAGS_value=
ac_cv_env_CPPFLAGS_set=
ac_cv_env_CPPFLAGS_value=
ac_cv_env_CPP_set=
ac_cv_env_CPP_value=
ac_cv_env_CXXCPP_set=
ac_cv_env_CXXCPP_value=
ac_cv_env_CXXFLAGS_set=
ac_cv_env_CXXFLAGS_value=
ac_cv_env_CXX_set=
ac_cv_env_CXX_value=
ac_cv_env_F77_set=
ac_cv_env_F77_value=
ac_cv_env_FFLAGS_set=
ac_cv_env_FFLAGS_value=
ac_cv_env_LDFLAGS_set=
ac_cv_env_LDFLAGS_value=
ac_cv_env_build_alias_set=
ac_cv_env_build_alias_value=
ac_cv_env_host_alias_set=
ac_cv_env_host_alias_value=
ac_cv_env_target_alias_set=
ac_cv_env_target_alias_value=
ac_cv_exeext=
ac_cv_f77_compiler_gnu=no
ac_cv_func_bcopy=yes
ac_cv_func_getpagesize=yes
ac_cv_func_memcmp_working=yes
ac_cv_func_memmove=yes
ac_cv_func_mmap_fixed_mapped=yes
ac_cv_header_dlfcn_h=yes
ac_cv_header_fcntl_h=yes
ac_cv_header_inttypes_h=yes
ac_cv_header_memory_h=yes
ac_cv_header_stdc=yes
ac_cv_header_stdint_h=yes
ac_cv_header_stdlib_h=yes
ac_cv_header_string_h=yes
ac_cv_header_strings_h=yes
ac_cv_header_sys_stat_h=yes
ac_cv_header_sys_types_h=yes
ac_cv_header_unistd_h=yes
ac_cv_host=x86_64-unknown-linux-gnu
ac_cv_host_alias=x86_64-unknown-linux-gnu
ac_cv_objext=o
ac_cv_path_install='/usr/bin/install -c'
ac_cv_prog_CPP='gcc -E'
ac_cv_prog_CXXCPP='g++ -E'
ac_cv_prog_ac_ct_AR=ar
ac_cv_prog_ac_ct_CC=gcc
ac_cv_prog_ac_ct_CXX=g++
ac_cv_prog_ac_ct_RANLIB=ranlib
ac_cv_prog_ac_ct_STRIP=strip
ac_cv_prog_cc_g=yes
ac_cv_prog_cc_stdc=
ac_cv_prog_cxx_g=yes
ac_cv_prog_egrep='grep -E'
ac_cv_prog_f77_g=no
ac_cv_target=x86_64-unknown-linux-gnu
ac_cv_target_alias=x86_64-unknown-linux-gnu
ac_cv_type_off_t=yes
ac_cv_type_size_t=yes
lt_cv_deplibs_check_method='file_magic ELF [0-9][0-9]*-bit [LM]SB (shared object|dynamic lib )'
lt_cv_file_magic_cmd='$MAGIC_CMD'
lt_cv_file_magic_test_file='/lib/libc.so* /lib/libc-*.so'
lt_cv_ld_reload_flag=-r
lt_cv_objdir=.libs
lt_cv_path_LD=/usr/bin/ld
lt_cv_path_LDCXX='/usr/bin/ld -m elf_x86_64'
lt_cv_path_MAGIC_CMD=/usr/bin/file
lt_cv_path_NM='/usr/bin/nm -B'
lt_cv_path_SED=/bin/sed
lt_cv_prog_compiler_c_o=yes
lt_cv_prog_compiler_c_o_CXX=yes
lt_cv_prog_compiler_rtti_exceptions=no
lt_cv_prog_gnu_ld=yes
lt_cv_prog_gnu_ldcxx=no
lt_cv_sys_global_symbol_pipe='sed -n -e '\''s/^.*[ 	]\([ABCDGISTW][ABCDGISTW]*\)[ 	][ 	]*\(\)\([_A-Za-z][_A-Za-z0-9]*\)$/\1 \2\3 \3/p'\'''
lt_cv_sys_global_symbol_to_c_name_address='sed -n -e '\''s/^: \([^ ]*\) $/  {\"\1\", (lt_ptr) 0},/p'\'' -e '\''s/^[BCDEGRST] \([^ ]*\) \([^ ]*\)$/  {"\2", (lt_ptr) \&\2},/p'\'''
lt_cv_sys_global_symbol_to_cdecl='sed -n -e '\''s/^. .* \(.*\)$/extern int \1;/p'\'''
lt_cv_sys_max_cmd_len=32768
lt_lt_cv_prog_compiler_c_o='"yes"'
lt_lt_cv_prog_compiler_c_o_CXX='"yes"'
lt_lt_cv_sys_global_symbol_pipe='"sed -n -e '\''s/^.*[ 	]\\([ABCDGISTW][ABCDGISTW]*\\)[ 	][ 	]*\\(\\)\\([_A-Za-z][_A-Za-z0-9]*\\)\$/\\1 \\2\\3 \\3/p'\''"'
lt_lt_cv_sys_global_symbol_to_c_name_address='"sed -n -e '\''s/^: \\([^ ]*\\) \$/  {\\\"\\1\\\", (lt_ptr) 0},/p'\'' -e '\''s/^[BCDEGRST] \\([^ ]*\\) \\([^ ]*\\)\$/  {\"\\2\", (lt_ptr) \\&\\2},/p'\''"'
lt_lt_cv_sys_global_symbol_to_cdecl='"sed -n -e '\''s/^. .* \\(.*\\)\$/extern int \\1;/p'\''"'

## ----------------- ##
## Output variables. ##
## ----------------- ##

AR='ar'
AS='as'
CC='gcc'
CFLAGS='-g -O2'
CPP='gcc -E'
CPPFLAGS=''
CXX='g++'
CXXCPP='g++ -E'
CXXFLAGS='-g -O2'
DEFS='-DHAVE_CONFIG_H'
DLLTOOL='dlltool'
ECHO='echo'
ECHO_C=''
ECHO_N='-n'
ECHO_T=''
EGREP='grep -E'
EXEEXT=''
EXPAT_EDIT='2'
EXPAT_MAJOR_VERSION='1'
EXPAT_MINOR_VERSION='95'
F77=''
FFLAGS=''
FILEMAP_OBJ='unixfilemap.o'
INSTALL_DATA='${INSTALL} -m 644'
INSTALL_PROGRAM='${INSTALL}'
INSTALL_SCRIPT='${INSTALL}'
LDFLAGS=''
LIBAGE='1'
LIBCURRENT='1'
LIBOBJS=''
LIBREVISION='0'
LIBS=''
LIBTOOL='$(SHELL) $(top_builddir)/libtool'
LN_S='ln -s'
LTLIBOBJS=''
OBJDUMP='objdump'
OBJEXT='o'
PACKAGE='expat'
PACKAGE_BUGREPORT=''
PACKAGE_NAME=''
PACKAGE_STRING=''
PACKAGE_TARNAME=''
PACKAGE_VERSION=''
PATH_SEPARATOR=':'
RANLIB='ranlib'
SHELL='/bin/bash'
STRIP='strip'
VERSION='1.95.2'
ac_ct_AR='ar'
ac_ct_AS=''
ac_ct_CC='gcc'
ac_ct_CXX='g++'
ac_ct_DLLTOOL=''
ac_ct_F77=''
ac_ct_OBJDUMP=''
ac_ct_RANLIB='ranlib'
ac_ct_STRIP='strip'
bindir='/usr/local/apache2/bin'
blddir='/home/tyu/Documents/concurrency-bugs/apache-21285/httpd-2.0.46/srclib/apr-util/xml/expat'
build='x86_64-unknown-linux-gnu'
build_alias=''
build_cpu='x86_64'
build_os='linux-gnu'
build_vendor='unknown'
datadir='${prefix}/share'
exec_prefix='/usr/local/apache2'
host='x86_64-unknown-linux-gnu'
host_alias=''
host_cpu='x86_64'
host_os='linux-gnu'
host_vendor='unknown'
includedir='/usr/local/apache2/include'
infodir='${prefix}/info'
libdir='/usr/local/apache2/lib'
libexecdir='${exec_prefix}/libexec'
localstatedir='${prefix}/var'
mandir='${prefix}/man'
oldincludedir='/usr/include'
prefix='/usr/local/apache2'
program_transform_name='s,x,x,'
sbindir='${exec_prefix}/sbin'
sharedstatedir='${prefix}/com'
sysconfdir='${prefix}/etc'
target='x86_64-unknown-linux-gnu'
target_alias=''
target_cpu='x86_64'
target_os='linux-gnu'
target_vendor='unknown'

## ----------- ##
## confdefs.h. ##
## ----------- ##

#define HAVE_BCOPY 1
#define HAVE_DLFCN_H 1
#define HAVE_FCNTL_H 1
#define HAVE_GETPAGESIZE 1
#define HAVE_INTTYPES_H 1
#define HAVE_MEMMOVE 1
#define HAVE_MEMORY_H 1
#define HAVE_MMAP 1
#define HAVE_STDINT_H 1
#define HAVE_STDLIB_H 1
#define HAVE_STDLIB_H 1
#define HAVE_STRINGS_H 1
#define HAVE_STRING_H 1
#define HAVE_STRING_H 1
#define HAVE_SYS_STAT_H 1
#define HAVE_SYS_TYPES_H 1
#define HAVE_UNISTD_H 1
#define HAVE_UNISTD_H 1
#define HAVE_UNISTD_H 1
#define PACKAGE_BUGREPORT ""
#define PACKAGE_NAME ""
#define PACKAGE_STRING ""
#define PACKAGE_TARNAME ""
#define PACKAGE_VERSION ""
#define STDC_HEADERS 1
#define STDC_HEADERS 1
#endif
#ifdef __cplusplus
#include <stdlib.h>

configure: exit 0
