This file contains any messages produced by compilers while
running configure, to aid debugging if configure makes a mistake.

It was created by configure, which was
generated by GNU Autoconf 2.54.  Invocation command line was

  $ /home/tyu/Documents/concurrency-bugs/apache-25520/httpd-2.0.48/srclib/apr/configure --prefix=/home/tyu/Documents/concurrency-bugs/apache-25520/build/installed --enable-static-htpasswd --disable-shared CC=/home/tyu/Documents/llvm/Release+Asserts/bin/clang CFLAGS=-emit-llvm -flto -g CPP=/home/tyu/Documents/llvm/Release+Asserts/bin/clang -E --cache-file=/dev/null --srcdir=/home/tyu/Documents/concurrency-bugs/apache-25520/httpd-2.0.48/srclib/apr --prefix=/home/tyu/Documents/concurrency-bugs/apache-25520/build/installed --exec-prefix=/home/tyu/Documents/concurrency-bugs/apache-25520/build/installed --libdir=${prefix}/lib --includedir=/home/tyu/Documents/concurrency-bugs/apache-25520/build/installed/include --bindir=${prefix}/bin --datadir=/home/tyu/Documents/concurrency-bugs/apache-25520/build/installed --with-installbuilddir=${prefix}/build

## --------- ##
## Platform. ##
## --------- ##

hostname = ubuntu
uname -m = x86_64
uname -r = 3.16.0-48-generic
uname -s = Linux
uname -v = #64~14.04.1-Ubuntu SMP Thu Aug 20 23:03:57 UTC 2015

/usr/bin/uname -p = unknown
/bin/uname -X     = unknown

/bin/arch              = unknown
/usr/bin/arch -k       = unknown
/usr/convex/getsysinfo = unknown
hostinfo               = unknown
/bin/machine           = unknown
/usr/bin/oslevel       = unknown
/bin/universe          = unknown

PATH: /usr/local/sbin
PATH: /usr/local/bin
PATH: /usr/sbin
PATH: /usr/bin
PATH: /sbin
PATH: /bin
PATH: /usr/games
PATH: /usr/local/games


## ----------- ##
## Core tests. ##
## ----------- ##

configure:1840: checking build system type
configure:1858: result: x86_64-unknown-linux-gnu
configure:1866: checking host system type
configure:1880: result: x86_64-unknown-linux-gnu
configure:1888: checking target system type
configure:1902: result: x86_64-unknown-linux-gnu
configure:1947: checking for working mkdir -p
configure:1963: result: yes
configure:2048: checking for chosen layout
configure:2050: result: apr
configure:2311: checking for gcc
configure:2337: result: /home/tyu/Documents/llvm/Release+Asserts/bin/clang
configure:2579: checking for C compiler version
configure:2582: /home/tyu/Documents/llvm/Release+Asserts/bin/clang --version </dev/null >&5
clang version 3.2 (tags/RELEASE_32/final)
Target: x86_64-unknown-linux-gnu
Thread model: posix
configure:2585: $? = 0
configure:2587: /home/tyu/Documents/llvm/Release+Asserts/bin/clang -v </dev/null >&5
clang version 3.2 (tags/RELEASE_32/final)
Target: x86_64-unknown-linux-gnu
Thread model: posix
configure:2590: $? = 0
configure:2592: /home/tyu/Documents/llvm/Release+Asserts/bin/clang -V </dev/null >&5
clang: error: argument to '-V' is missing (expected 1 value)
clang: error: no input files
configure:2595: $? = 1
configure:2615: checking for C compiler default output
configure:2618: /home/tyu/Documents/llvm/Release+Asserts/bin/clang -emit-llvm -flto -g   conftest.c  >&5
clang: warning: argument unused during compilation: '-flto'
/tmp/conftest-35Mb99.o: file not recognized: File format not recognized
clang: error: linker command failed with exit code 1 (use -v to see invocation)
configure:2621: $? = 1
configure: failed program was:
#line 2598 "configure"
#include "confdefs.h"

int
main ()
{

  ;
  return 0;
}
configure:2648: error: C compiler cannot create executables
check `config.log' for details.

## ---------------- ##
## Cache variables. ##
## ---------------- ##

ac_cv_build=x86_64-unknown-linux-gnu
ac_cv_build_alias=x86_64-unknown-linux-gnu
ac_cv_env_CC_set=set
ac_cv_env_CC_value=/home/tyu/Documents/llvm/Release+Asserts/bin/clang
ac_cv_env_CFLAGS_set=set
ac_cv_env_CFLAGS_value='-emit-llvm -flto -g'
ac_cv_env_CPPFLAGS_set=
ac_cv_env_CPPFLAGS_value=
ac_cv_env_CPP_set=set
ac_cv_env_CPP_value='/home/tyu/Documents/llvm/Release+Asserts/bin/clang -E'
ac_cv_env_LDFLAGS_set=
ac_cv_env_LDFLAGS_value=
ac_cv_env_build_alias_set=
ac_cv_env_build_alias_value=
ac_cv_env_host_alias_set=
ac_cv_env_host_alias_value=
ac_cv_env_target_alias_set=
ac_cv_env_target_alias_value=
ac_cv_host=x86_64-unknown-linux-gnu
ac_cv_host_alias=x86_64-unknown-linux-gnu
ac_cv_mkdir_p=yes
ac_cv_prog_ac_ct_CC=/home/tyu/Documents/llvm/Release+Asserts/bin/clang
ac_cv_target=x86_64-unknown-linux-gnu
ac_cv_target_alias=x86_64-unknown-linux-gnu

## ----------------- ##
## Output variables. ##
## ----------------- ##

APR_DOTTED_VERSION='0.9.5'
APR_LIBNAME=''
APR_MAJOR_VERSION='0'
AR=''
AS=''
ASCPP=''
AWK=''
CC='/home/tyu/Documents/llvm/Release+Asserts/bin/clang'
CFLAGS='-emit-llvm -flto -g'
CPP='/home/tyu/Documents/llvm/Release+Asserts/bin/clang -E'
CPPFLAGS=''
DEFAULT_OSDIR=''
DEFS=''
ECHO='echo'
ECHO_C=''
ECHO_N='-n'
ECHO_T=''
EGREP=''
EXEEXT=''
EXTRA_CFLAGS=''
EXTRA_CPPFLAGS=''
EXTRA_INCLUDES=''
EXTRA_LDFLAGS=''
EXTRA_LIBS=''
INCLUDE_RULES=''
INSTALL_DATA=''
INSTALL_PROGRAM=''
INSTALL_SCRIPT=''
INSTALL_SUBDIRS=''
LDFLAGS=''
LDLIBS=''
LIBOBJS=''
LIBS=''
LIBTOOL=''
LIBTOOL_LIBS=''
LN_S=''
LTFLAGS=''
LTLIBOBJS=''
LT_LDFLAGS=''
MKDEP=''
NOTEST_CFLAGS=''
NOTEST_CPPFLAGS=''
NOTEST_INCLUDES=''
NOTEST_LDFLAGS=''
NOTEST_LIBS=''
OBJEXT=''
OSDIR=''
PACKAGE_BUGREPORT=''
PACKAGE_NAME=''
PACKAGE_STRING=''
PACKAGE_TARNAME=''
PACKAGE_VERSION=''
PATH_SEPARATOR=':'
RANLIB='ar --plugin=/home/tyu/Documents/llvm/Release+Asserts/lib/LLVMgold.so -s'
RM=''
SET_MAKE=''
SHELL='/bin/bash'
STRIP=''
SUBDIRS=''
ac_ct_AR=''
ac_ct_CC='/home/tyu/Documents/llvm/Release+Asserts/bin/clang'
ac_ct_RANLIB=''
ac_ct_STRIP=''
acceptfilter=''
apr_builddir='/home/tyu/Documents/concurrency-bugs/apache-25520/build/srclib/apr'
apr_builders='/home/tyu/Documents/concurrency-bugs/apache-25520/httpd-2.0.48/srclib/apr/build'
apr_charset_ebcdic=''
apr_force_atomic_generic=''
apr_inaddr_none=''
apr_srcdir='/home/tyu/Documents/concurrency-bugs/apache-25520/httpd-2.0.48/srclib/apr'
apr_tcp_nopush_flag=''
aprdso=''
arpa_ineth=''
bindir='${prefix}/bin'
build='x86_64-unknown-linux-gnu'
build_alias=''
build_cpu='x86_64'
build_os='linux-gnu'
build_vendor='unknown'
conioh=''
crypth=''
ctypeh=''
datadir='/home/tyu/Documents/concurrency-bugs/apache-25520/build/installed'
direnth=''
eolstr=''
errnoh=''
exec_prefix='/home/tyu/Documents/concurrency-bugs/apache-25520/build/installed'
export_lib_target=''
fcntlh=''
fcntlser=''
file_as_socket=''
flockser=''
fork=''
hasfcntlser=''
hasflockser=''
hasposixser=''
hasprocpthreadser=''
hasrwlockser=''
hassysvser=''
have_corkable_tcp=''
have_getrlimit=''
have_in_addr=''
have_inet_addr=''
have_inet_network=''
have_int64_strfn=''
have_ipv6=''
have_memchr=''
have_memmove=''
have_sctp=''
have_setrlimit=''
have_sigaction=''
have_sigsuspend=''
have_sigwait=''
have_strcasecmp=''
have_strdup=''
have_stricmp=''
have_strncasecmp=''
have_strnicmp=''
have_strstr=''
have_union_semun=''
havebeosarea=''
havemmapanon=''
havemmapshm=''
havemmaptmp=''
havemmapzero=''
haveos2shm=''
haveshmget=''
haveshmgetanon=''
host='x86_64-unknown-linux-gnu'
host_alias=''
host_cpu='x86_64'
host_os='linux-gnu'
host_vendor='unknown'
includedir='/home/tyu/Documents/concurrency-bugs/apache-25520/build/installed/include'
infodir='${prefix}/info'
installbuilddir='${datadir}/build'
int64_literal=''
int64_strfn=''
int64_t_fmt=''
int64_t_fmt_len=''
int64_value=''
int_value=''
ioh=''
lib_target=''
lib_target_libs=''
libdir='${prefix}/lib'
libexecdir='${exec_prefix}/modules'
limitsh=''
link=''
localstatedir='${prefix}'
long_value=''
lt_compile=''
mandir='${prefix}/man'
mmap=''
netdbh=''
netinet_inh=''
netinet_sctp_uioh=''
netinet_sctph=''
netinet_tcph=''
o_nonblock_inherited=''
oc=''
off_t_fmt=''
off_t_value=''
oldincludedir='/usr/include'
pid_t_fmt=''
posixser=''
prefix='/home/tyu/Documents/concurrency-bugs/apache-25520/build/installed'
proc_mutex_is_global=''
proclockglobal=''
procpthreadser=''
program_transform_name='s,x,x,'
pthreadh=''
pthreadser=''
rand=''
sbindir='${exec_prefix}/bin'
semaphoreh=''
sendfile=''
sharedmem=''
sharedstatedir='${prefix}/com'
shlibpath_var=''
short_value=''
signalh=''
size_t_fmt=''
size_t_value=''
so_ext=''
socklen_t_value=''
ssize_t_fmt=''
ssize_t_value=''
stdargh=''
stdint=''
stdioh=''
stdlibh=''
stringh=''
stringsh=''
struct_rlimit=''
sys_ioctlh=''
sys_sendfileh=''
sys_signalh=''
sys_socketh=''
sys_sockioh=''
sys_syslimitsh=''
sys_timeh=''
sys_typesh=''
sys_uioh=''
sys_unh=''
sys_waith=''
sysconfdir='${prefix}/conf'
sysvser=''
target='x86_64-unknown-linux-gnu'
target_alias=''
target_cpu='x86_64'
target_os='linux-gnu'
target_vendor='unknown'
tcp_nodelay_inherited=''
threads=''
timeh=''
top_builddir='/home/tyu/Documents/concurrency-bugs/apache-25520/build/srclib/apr'
uint64_t_fmt=''
uint64_t_fmt_len=''
uint64_t_hex_fmt=''
unistdh=''
usebeosarea=''
usemmapanon=''
usemmapshm=''
usemmaptmp=''
usemmapzero=''
useos2shm=''
useshmget=''
useshmgetanon=''
voidp_size=''

## ----------- ##
## confdefs.h. ##
## ----------- ##

#define PACKAGE_BUGREPORT ""
#define PACKAGE_NAME ""
#define PACKAGE_STRING ""
#define PACKAGE_TARNAME ""
#define PACKAGE_VERSION ""

configure: exit 77
