This file contains any messages produced by compilers while
running configure, to aid debugging if configure makes a mistake.

It was created by configure, which was
generated by GNU Autoconf 2.54.  Invocation command line was

  $ /home/tyu/Documents/concurrency-bugs/apache-25520/httpd-2.0.48/srclib/apr-util/xml/expat/configure --prefix=/home/tyu/Documents/concurrency-bugs/apache-25520/httpd-2.0.48/installed --cache-file=/dev/null --srcdir=/home/tyu/Documents/concurrency-bugs/apache-25520/httpd-2.0.48/srclib/apr-util --with-apr=../apr --prefix=/home/tyu/Documents/concurrency-bugs/apache-25520/httpd-2.0.48/installed --exec-prefix=/home/tyu/Documents/concurrency-bugs/apache-25520/httpd-2.0.48/installed --libdir=${prefix}/lib --includedir=/home/tyu/Documents/concurrency-bugs/apache-25520/httpd-2.0.48/installed/include --bindir=${prefix}/bin --cache-file=/dev/null --srcdir=/home/tyu/Documents/concurrency-bugs/apache-25520/httpd-2.0.48/srclib/apr-util/xml/expat --prefix=/home/tyu/Documents/concurrency-bugs/apache-25520/httpd-2.0.48/installed --exec-prefix=/home/tyu/Documents/concurrency-bugs/apache-25520/httpd-2.0.48/installed --libdir=/home/tyu/Documents/concurrency-bugs/apache-25520/httpd-2.0.48/installed/lib --includedir=/home/tyu/Documents/concurrency-bugs/apache-25520/httpd-2.0.48/installed/include --bindir=/home/tyu/Documents/concurrency-bugs/apache-25520/httpd-2.0.48/installed/bin

## --------- ##
## Platform. ##
## --------- ##

hostname = ubuntu
uname -m = x86_64
uname -r = 3.16.0-30-generic
uname -s = Linux
uname -v = #40~14.04.1-Ubuntu SMP Thu Jan 15 17:43:14 UTC 2015

/usr/bin/uname -p = unknown
/bin/uname -X     = unknown

/bin/arch              = unknown
/usr/bin/arch -k       = unknown
/usr/convex/getsysinfo = unknown
hostinfo               = unknown
/bin/machine           = unknown
/usr/bin/oslevel       = unknown
/bin/universe          = unknown

PATH: /usr/local/sbin
PATH: /usr/local/bin
PATH: /usr/sbin
PATH: /usr/bin
PATH: /sbin
PATH: /bin
PATH: /usr/games
PATH: /usr/local/games


## ----------- ##
## Core tests. ##
## ----------- ##

configure:1448: checking build system type
configure:1466: result: x86_64-unknown-linux-gnu
configure:1474: checking host system type
configure:1488: result: x86_64-unknown-linux-gnu
configure:1496: checking target system type
configure:1510: result: x86_64-unknown-linux-gnu
configure:1644: checking for gcc
configure:1660: found /usr/bin/gcc
configure:1670: result: gcc
configure:1912: checking for C compiler version
configure:1915: gcc --version </dev/null >&5
gcc (Ubuntu 4.8.4-2ubuntu1~14.04) 4.8.4
Copyright (C) 2013 Free Software Foundation, Inc.
This is free software; see the source for copying conditions.  There is NO
warranty; not even for MERCHANTABILITY or FITNESS FOR A PARTICULAR PURPOSE.

configure:1918: $? = 0
configure:1920: gcc -v </dev/null >&5
Using built-in specs.
COLLECT_GCC=gcc
COLLECT_LTO_WRAPPER=/usr/lib/gcc/x86_64-linux-gnu/4.8/lto-wrapper
Target: x86_64-linux-gnu
Configured with: ../src/configure -v --with-pkgversion='Ubuntu 4.8.4-2ubuntu1~14.04' --with-bugurl=file:///usr/share/doc/gcc-4.8/README.Bugs --enable-languages=c,c++,java,go,d,fortran,objc,obj-c++ --prefix=/usr --program-suffix=-4.8 --enable-shared --enable-linker-build-id --libexecdir=/usr/lib --without-included-gettext --enable-threads=posix --with-gxx-include-dir=/usr/include/c++/4.8 --libdir=/usr/lib --enable-nls --with-sysroot=/ --enable-clocale=gnu --enable-libstdcxx-debug --enable-libstdcxx-time=yes --enable-gnu-unique-object --disable-libmudflap --enable-plugin --with-system-zlib --disable-browser-plugin --enable-java-awt=gtk --enable-gtk-cairo --with-java-home=/usr/lib/jvm/java-1.5.0-gcj-4.8-amd64/jre --enable-java-home --with-jvm-root-dir=/usr/lib/jvm/java-1.5.0-gcj-4.8-amd64 --with-jvm-jar-dir=/usr/lib/jvm-exports/java-1.5.0-gcj-4.8-amd64 --with-arch-directory=amd64 --with-ecj-jar=/usr/share/java/eclipse-ecj.jar --enable-objc-gc --enable-multiarch --disable-werror --with-arch-32=i686 --with-abi=m64 --with-multilib-list=m32,m64,mx32 --with-tune=generic --enable-checking=release --build=x86_64-linux-gnu --host=x86_64-linux-gnu --target=x86_64-linux-gnu
Thread model: posix
gcc version 4.8.4 (Ubuntu 4.8.4-2ubuntu1~14.04) 
configure:1923: $? = 0
configure:1925: gcc -V </dev/null >&5
gcc: error: unrecognized command line option '-V'
gcc: fatal error: no input files
compilation terminated.
configure:1928: $? = 4
configure:1948: checking for C compiler default output
configure:1951: gcc    conftest.c  >&5
configure:1954: $? = 0
configure:1988: result: a.out
configure:1993: checking whether the C compiler works
configure:1999: ./a.out
configure:2002: $? = 0
configure:2017: result: yes
configure:2024: checking whether we are cross compiling
configure:2026: result: no
configure:2029: checking for suffix of executables
configure:2031: gcc -o conftest    conftest.c  >&5
configure:2034: $? = 0
configure:2057: result: 
configure:2063: checking for suffix of object files
configure:2081: gcc -c   conftest.c >&5
configure:2084: $? = 0
configure:2103: result: o
configure:2107: checking whether we are using the GNU C compiler
configure:2128: gcc -c   conftest.c >&5
configure:2131: $? = 0
configure:2134: test -s conftest.o
configure:2137: $? = 0
configure:2149: result: yes
configure:2155: checking whether gcc accepts -g
configure:2173: gcc -c -g  conftest.c >&5
configure:2176: $? = 0
configure:2179: test -s conftest.o
configure:2182: $? = 0
configure:2192: result: yes
configure:2209: checking for gcc option to accept ANSI C
configure:2266: gcc  -c -g -O2  conftest.c >&5
configure:2269: $? = 0
configure:2272: test -s conftest.o
configure:2275: $? = 0
configure:2292: result: none needed
configure:2310: gcc -c -g -O2  conftest.c >&5
conftest.c:2:3: error: unknown type name 'choke'
   choke me
   ^
conftest.c:2:3: error: expected '=', ',', ';', 'asm' or '__attribute__' at end of input
configure:2313: $? = 1
configure: failed program was:
#ifndef __cplusplus
  choke me
#endif
configure:2433: checking for ld used by GCC
configure:2496: result: /usr/bin/ld
configure:2505: checking if the linker (/usr/bin/ld) is GNU ld
GNU ld (GNU Binutils for Ubuntu) 2.24
configure:2517: result: yes
configure:2522: checking for /usr/bin/ld option to reload object files
configure:2529: result: -r
configure:2534: checking for BSD-compatible nm
configure:2570: result: /usr/bin/nm -B
configure:2573: checking for a sed that does not truncate output
configure:2655: result: /bin/sed
configure:2658: checking whether ln -s works
configure:2662: result: yes
configure:2669: checking how to recognise dependent libraries
configure:2850: result: file_magic ELF [0-9][0-9]*-bit [LM]SB (shared object|dynamic lib )
configure:2863: checking command to parse /usr/bin/nm -B output
configure:2947: gcc -c -g -O2  conftest.c >&5
configure:2950: $? = 0
configure:2954: /usr/bin/nm -B conftest.o \| sed -n -e 's/^.*[ 	]\([ABCDGISTW][ABCDGISTW]*\)[ 	][ 	]*\(\)\([_A-Za-z][_A-Za-z0-9]*\)$/\1 \2\3 \3/p' \> conftest.nm
configure:2957: $? = 0
configure:3009: gcc -o conftest -g -O2   conftest.c conftstm.o >&5
configure:3012: $? = 0
configure:3056: result: ok
configure:3065: checking how to run the C preprocessor
configure:3091: gcc -E  conftest.c
configure:3097: $? = 0
configure:3124: gcc -E  conftest.c
configure:3120:28: fatal error: ac_nonexistent.h: No such file or directory
 #line $LINENO "configure"
                            ^
compilation terminated.
configure:3130: $? = 1
configure: failed program was:
#line 3119 "configure"
#include "confdefs.h"
#include <ac_nonexistent.h>
configure:3167: result: gcc -E
configure:3182: gcc -E  conftest.c
configure:3188: $? = 0
configure:3215: gcc -E  conftest.c
configure:3211:28: fatal error: ac_nonexistent.h: No such file or directory
 #line $LINENO "configure"
                            ^
compilation terminated.
configure:3221: $? = 1
configure: failed program was:
#line 3210 "configure"
#include "confdefs.h"
#include <ac_nonexistent.h>
configure:3261: checking for egrep
configure:3271: result: grep -E
configure:3276: checking for ANSI C header files
configure:3290: gcc -E  conftest.c
configure:3296: $? = 0
configure:3383: gcc -o conftest -g -O2   conftest.c  >&5
configure: In function 'main':
configure:3374:7: warning: incompatible implicit declaration of built-in function 'exit' [enabled by default]
   int i;
       ^
configure:3386: $? = 0
configure:3388: ./conftest
configure:3391: $? = 0
configure:3405: result: yes
configure:3429: checking for sys/types.h
configure:3442: gcc -c -g -O2  conftest.c >&5
configure:3445: $? = 0
configure:3448: test -s conftest.o
configure:3451: $? = 0
configure:3461: result: yes
configure:3429: checking for sys/stat.h
configure:3442: gcc -c -g -O2  conftest.c >&5
configure:3445: $? = 0
configure:3448: test -s conftest.o
configure:3451: $? = 0
configure:3461: result: yes
configure:3429: checking for stdlib.h
configure:3442: gcc -c -g -O2  conftest.c >&5
configure:3445: $? = 0
configure:3448: test -s conftest.o
configure:3451: $? = 0
configure:3461: result: yes
configure:3429: checking for string.h
configure:3442: gcc -c -g -O2  conftest.c >&5
configure:3445: $? = 0
configure:3448: test -s conftest.o
configure:3451: $? = 0
configure:3461: result: yes
configure:3429: checking for memory.h
configure:3442: gcc -c -g -O2  conftest.c >&5
configure:3445: $? = 0
configure:3448: test -s conftest.o
configure:3451: $? = 0
configure:3461: result: yes
configure:3429: checking for strings.h
configure:3442: gcc -c -g -O2  conftest.c >&5
configure:3445: $? = 0
configure:3448: test -s conftest.o
configure:3451: $? = 0
configure:3461: result: yes
configure:3429: checking for inttypes.h
configure:3442: gcc -c -g -O2  conftest.c >&5
configure:3445: $? = 0
configure:3448: test -s conftest.o
configure:3451: $? = 0
configure:3461: result: yes
configure:3429: checking for stdint.h
configure:3442: gcc -c -g -O2  conftest.c >&5
configure:3445: $? = 0
configure:3448: test -s conftest.o
configure:3451: $? = 0
configure:3461: result: yes
configure:3429: checking for unistd.h
configure:3442: gcc -c -g -O2  conftest.c >&5
configure:3445: $? = 0
configure:3448: test -s conftest.o
configure:3451: $? = 0
configure:3461: result: yes
configure:3487: checking dlfcn.h usability
configure:3496: gcc -c -g -O2  conftest.c >&5
configure:3499: $? = 0
configure:3502: test -s conftest.o
configure:3505: $? = 0
configure:3514: result: yes
configure:3518: checking dlfcn.h presence
configure:3525: gcc -E  conftest.c
configure:3531: $? = 0
configure:3549: result: yes
configure:3567: checking for dlfcn.h
configure:3574: result: yes
configure:3596: checking for file
configure:3651: result: /usr/bin/file
configure:3772: checking for ranlib
configure:3788: found /usr/bin/ranlib
configure:3799: result: ranlib
configure:3852: checking for strip
configure:3868: found /usr/bin/strip
configure:3879: result: strip
configure:4086: checking for objdir
configure:4097: result: .libs
configure:4118: checking for gcc option to produce PIC
configure:4264: result: -fPIC
configure:4268: checking if gcc PIC flag -fPIC works
configure:4288: gcc -c -g -O2 -fPIC -DPIC  conftest.c >&5
configure:4291: $? = 0
configure:4294: test -s conftest.o
configure:4297: $? = 0
configure:4334: result: yes
configure:4354: checking if gcc static flag -static works
configure:4375: gcc -o conftest -g -O2   -static conftest.c  >&5
configure:4378: $? = 0
configure:4381: test -s conftest
configure:4384: $? = 0
configure:4399: result: yes
configure:4415: checking if gcc supports -c -o file.o
configure:4435: gcc -c -g -O2 -o out/conftest2.o  conftest.c >&5
configure:4459: result: yes
configure:4464: checking if gcc supports -c -o file.lo
configure:4488: gcc -c -g -O2 -c -o conftest.lo  conftest.c >&5
configure:4491: $? = 0
configure:4494: test -s conftest.lo
configure:4497: $? = 0
configure:4518: result: yes
configure:4557: checking if gcc supports -fno-rtti -fno-exceptions
configure:4576: gcc -c -g -O2 -fno-rtti -fno-exceptions -c conftest.c  conftest.c >&5
cc1: warning: command line option '-fno-rtti' is valid for C++/ObjC++ but not for C [enabled by default]
cc1: warning: command line option '-fno-rtti' is valid for C++/ObjC++ but not for C [enabled by default]
configure:4579: $? = 0
configure:4582: test -s conftest.o
configure:4585: $? = 0
configure:4601: result: yes
configure:4616: checking whether the linker (/usr/bin/ld) supports shared libraries
configure:5311: result: yes
configure:5320: checking how to hardcode library paths into programs
configure:5344: result: immediate
configure:5353: checking whether stripping libraries is possible
configure:5358: result: yes
configure:5373: checking dynamic linker characteristics
configure:5780: result: GNU/Linux ld.so
configure:5789: checking if libtool supports shared libraries
configure:5791: result: yes
configure:5798: checking whether to build shared libraries
configure:5819: result: yes
configure:5826: checking whether to build static libraries
configure:5830: result: yes
configure:6460: checking whether -lc should be explicitly linked in
configure:6468: gcc -c -g -O2  conftest.c >&5
configure:6471: $? = 0
configure:6485: gcc -shared conftest.o  -v -Wl,-soname -Wl,conftest -o conftest 2\>\&1 \| grep  -lc  \>/dev/null 2\>\&1
configure:6488: $? = 0
configure:6501: result: no
configure:7142: checking for gcc
configure:7168: result: gcc
configure:7410: checking for C compiler version
configure:7413: gcc --version </dev/null >&5
gcc (Ubuntu 4.8.4-2ubuntu1~14.04) 4.8.4
Copyright (C) 2013 Free Software Foundation, Inc.
This is free software; see the source for copying conditions.  There is NO
warranty; not even for MERCHANTABILITY or FITNESS FOR A PARTICULAR PURPOSE.

configure:7416: $? = 0
configure:7418: gcc -v </dev/null >&5
Using built-in specs.
COLLECT_GCC=gcc
COLLECT_LTO_WRAPPER=/usr/lib/gcc/x86_64-linux-gnu/4.8/lto-wrapper
Target: x86_64-linux-gnu
Configured with: ../src/configure -v --with-pkgversion='Ubuntu 4.8.4-2ubuntu1~14.04' --with-bugurl=file:///usr/share/doc/gcc-4.8/README.Bugs --enable-languages=c,c++,java,go,d,fortran,objc,obj-c++ --prefix=/usr --program-suffix=-4.8 --enable-shared --enable-linker-build-id --libexecdir=/usr/lib --without-included-gettext --enable-threads=posix --with-gxx-include-dir=/usr/include/c++/4.8 --libdir=/usr/lib --enable-nls --with-sysroot=/ --enable-clocale=gnu --enable-libstdcxx-debug --enable-libstdcxx-time=yes --enable-gnu-unique-object --disable-libmudflap --enable-plugin --with-system-zlib --disable-browser-plugin --enable-java-awt=gtk --enable-gtk-cairo --with-java-home=/usr/lib/jvm/java-1.5.0-gcj-4.8-amd64/jre --enable-java-home --with-jvm-root-dir=/usr/lib/jvm/java-1.5.0-gcj-4.8-amd64 --with-jvm-jar-dir=/usr/lib/jvm-exports/java-1.5.0-gcj-4.8-amd64 --with-arch-directory=amd64 --with-ecj-jar=/usr/share/java/eclipse-ecj.jar --enable-objc-gc --enable-multiarch --disable-werror --with-arch-32=i686 --with-abi=m64 --with-multilib-list=m32,m64,mx32 --with-tune=generic --enable-checking=release --build=x86_64-linux-gnu --host=x86_64-linux-gnu --target=x86_64-linux-gnu
Thread model: posix
gcc version 4.8.4 (Ubuntu 4.8.4-2ubuntu1~14.04) 
configure:7421: $? = 0
configure:7423: gcc -V </dev/null >&5
gcc: error: unrecognized command line option '-V'
gcc: fatal error: no input files
compilation terminated.
configure:7426: $? = 4
configure:7429: checking whether we are using the GNU C compiler
configure:7471: result: yes
configure:7477: checking whether gcc accepts -g
configure:7514: result: yes
configure:7531: checking for gcc option to accept ANSI C
configure:7614: result: none needed
configure:7632: gcc -c -g -O2  conftest.c >&5
conftest.c:2:3: error: unknown type name 'choke'
   choke me
   ^
conftest.c:2:3: error: expected '=', ',', ';', 'asm' or '__attribute__' at end of input
configure:7635: $? = 1
configure: failed program was:
#ifndef __cplusplus
  choke me
#endif
configure:7745: checking for a BSD-compatible install
configure:7799: result: /usr/bin/install -c
configure:7812: checking for ANSI C header files
configure:7941: result: yes
configure:7967: checking fcntl.h usability
configure:7976: gcc -c -g -O2  conftest.c >&5
configure:7979: $? = 0
configure:7982: test -s conftest.o
configure:7985: $? = 0
configure:7994: result: yes
configure:7998: checking fcntl.h presence
configure:8005: gcc -E  conftest.c
configure:8011: $? = 0
configure:8029: result: yes
configure:8047: checking for fcntl.h
configure:8054: result: yes
configure:7958: checking for unistd.h
configure:7963: result: yes
configure:7958: checking for string.h
configure:7963: result: yes
configure:8069: checking whether byte ordering is bigendian
configure:8093: gcc -c -g -O2  conftest.c >&5
configure:8096: $? = 0
configure:8099: test -s conftest.o
configure:8102: $? = 0
configure:8123: gcc -c -g -O2  conftest.c >&5
configure: In function 'main':
configure:8113:2: error: unknown type name 'not'
 {
  ^
configure:8113:10: error: expected '=', ',', ';', 'asm' or '__attribute__' before 'endian'
 {
          ^
configure:8126: $? = 1
configure: failed program was:
#line 8105 "configure"
#include "confdefs.h"
#include <sys/types.h>
#include <sys/param.h>

int
main ()
{
#if BYTE_ORDER != BIG_ENDIAN
 not big endian
#endif

  ;
  return 0;
}
configure:8234: result: no
configure:8260: checking for an ANSI C-conforming const
configure:8324: gcc -c -g -O2  conftest.c >&5
configure:8327: $? = 0
configure:8330: test -s conftest.o
configure:8333: $? = 0
configure:8343: result: yes
configure:8353: checking for off_t
configure:8374: gcc -c -g -O2  conftest.c >&5
configure:8377: $? = 0
configure:8380: test -s conftest.o
configure:8383: $? = 0
configure:8393: result: yes
configure:8405: checking for size_t
configure:8426: gcc -c -g -O2  conftest.c >&5
configure:8429: $? = 0
configure:8432: test -s conftest.o
configure:8435: $? = 0
configure:8445: result: yes
configure:8459: checking for working memcmp
configure:8504: gcc -o conftest -g -O2   conftest.c  >&5
configure: In function 'main':
configure:8476:5: warning: incompatible implicit declaration of built-in function 'exit' [enabled by default]
   char c0 = 0x40, c1 = 0x80, c2 = 0x81;
     ^
configure:8489:9: warning: incompatible implicit declaration of built-in function 'strcpy' [enabled by default]
         char *a = foo + i;
         ^
configure:8507: $? = 0
configure:8509: ./conftest
configure:8512: $? = 0
configure:8525: result: yes
configure:8535: checking for stdlib.h
configure:8540: result: yes
configure:8535: checking for unistd.h
configure:8540: result: yes
configure:8648: checking for getpagesize
configure:8685: gcc -o conftest -g -O2   conftest.c  >&5
configure:8688: $? = 0
configure:8691: test -s conftest
configure:8694: $? = 0
configure:8704: result: yes
configure:8714: checking for working mmap
configure:8853: gcc -o conftest -g -O2   conftest.c  >&5
configure: In function 'main':
configure:8858:25: warning: cast from pointer to integer of different size [-Wpointer-to-int-cast]
   { (eval echo "$as_me:$LINENO: \"$ac_try\"") >&5
                         ^
configure:8856: $? = 0
configure:8858: ./conftest
configure:8861: $? = 0
configure:8874: result: yes
configure:8897: checking for memmove
configure:8934: gcc -o conftest -g -O2   conftest.c  >&5
configure:8912:6: warning: conflicting types for built-in function 'memmove' [enabled by default]
 /* We use char because int might match the return type of a gcc2
      ^
configure:8937: $? = 0
configure:8940: test -s conftest
configure:8943: $? = 0
configure:8953: result: yes
configure:8897: checking for bcopy
configure:8934: gcc -o conftest -g -O2   conftest.c  >&5
configure:8912:6: warning: conflicting types for built-in function 'bcopy' [enabled by default]
 /* We use char because int might match the return type of a gcc2
      ^
configure:8937: $? = 0
configure:8940: test -s conftest
configure:8943: $? = 0
configure:8953: result: yes
configure:9060: creating ./config.status

## ---------------------- ##
## Running config.status. ##
## ---------------------- ##

This file was extended by config.status, which was
generated by GNU Autoconf 2.54.  Invocation command line was

  CONFIG_FILES    = 
  CONFIG_HEADERS  = 
  CONFIG_LINKS    = 
  CONFIG_COMMANDS = 
  $ ./config.status 

on ubuntu

config.status:623: creating Makefile
config.status:623: creating lib/Makefile
config.status:623: creating lib/expat.h
config.status:720: creating config.h

## ---------------- ##
## Cache variables. ##
## ---------------- ##

ac_cv_build=x86_64-unknown-linux-gnu
ac_cv_build_alias=x86_64-unknown-linux-gnu
ac_cv_c_bigendian=no
ac_cv_c_compiler_gnu=yes
ac_cv_c_const=yes
ac_cv_env_CC_set=
ac_cv_env_CC_value=
ac_cv_env_CFLAGS_set=
ac_cv_env_CFLAGS_value=
ac_cv_env_CPPFLAGS_set=
ac_cv_env_CPPFLAGS_value=
ac_cv_env_CPP_set=
ac_cv_env_CPP_value=
ac_cv_env_LDFLAGS_set=
ac_cv_env_LDFLAGS_value=
ac_cv_env_build_alias_set=
ac_cv_env_build_alias_value=
ac_cv_env_host_alias_set=
ac_cv_env_host_alias_value=
ac_cv_env_target_alias_set=
ac_cv_env_target_alias_value=
ac_cv_exeext=
ac_cv_func_bcopy=yes
ac_cv_func_getpagesize=yes
ac_cv_func_memcmp_working=yes
ac_cv_func_memmove=yes
ac_cv_func_mmap_fixed_mapped=yes
ac_cv_header_dlfcn_h=yes
ac_cv_header_fcntl_h=yes
ac_cv_header_inttypes_h=yes
ac_cv_header_memory_h=yes
ac_cv_header_stdc=yes
ac_cv_header_stdint_h=yes
ac_cv_header_stdlib_h=yes
ac_cv_header_string_h=yes
ac_cv_header_strings_h=yes
ac_cv_header_sys_stat_h=yes
ac_cv_header_sys_types_h=yes
ac_cv_header_unistd_h=yes
ac_cv_host=x86_64-unknown-linux-gnu
ac_cv_host_alias=x86_64-unknown-linux-gnu
ac_cv_objext=o
ac_cv_path_install='/usr/bin/install -c'
ac_cv_prog_CPP='gcc -E'
ac_cv_prog_ac_ct_CC=gcc
ac_cv_prog_ac_ct_RANLIB=ranlib
ac_cv_prog_ac_ct_STRIP=strip
ac_cv_prog_cc_g=yes
ac_cv_prog_cc_stdc=
ac_cv_prog_egrep='grep -E'
ac_cv_target=x86_64-unknown-linux-gnu
ac_cv_target_alias=x86_64-unknown-linux-gnu
ac_cv_type_off_t=yes
ac_cv_type_size_t=yes
lt_cv_archive_cmds_need_lc=no
lt_cv_compiler_c_o=yes
lt_cv_compiler_o_lo=yes
lt_cv_deplibs_check_method='file_magic ELF [0-9][0-9]*-bit [LM]SB (shared object|dynamic lib )'
lt_cv_file_magic_cmd='$MAGIC_CMD'
lt_cv_file_magic_test_file='/lib/libc.so* /lib/libc-*.so'
lt_cv_global_symbol_to_c_name_address='sed -n -e '\''s/^: \([^ ]*\) $/  {\"\1\", (lt_ptr) 0},/p'\'' -e '\''s/^[BCDEGRST] \([^ ]*\) \([^ ]*\)$/  {"\2", (lt_ptr) \&\2},/p'\'''
lt_cv_global_symbol_to_cdecl='sed -n -e '\''s/^. .* \(.*\)$/extern char \1;/p'\'''
lt_cv_ld_reload_flag=-r
lt_cv_path_LD=/usr/bin/ld
lt_cv_path_MAGIC_CMD=/usr/bin/file
lt_cv_path_NM='/usr/bin/nm -B'
lt_cv_path_SED=/bin/sed
lt_cv_prog_cc_can_build_shared=yes
lt_cv_prog_cc_no_builtin=
lt_cv_prog_cc_pic=' -fPIC'
lt_cv_prog_cc_pic_works=yes
lt_cv_prog_cc_shlib=
lt_cv_prog_cc_static=-static
lt_cv_prog_cc_static_works=yes
lt_cv_prog_cc_wl=-Wl,
lt_cv_prog_gnu_ld=yes
lt_cv_sys_global_symbol_pipe='sed -n -e '\''s/^.*[ 	]\([ABCDGISTW][ABCDGISTW]*\)[ 	][ 	]*\(\)\([_A-Za-z][_A-Za-z0-9]*\)$/\1 \2\3 \3/p'\'''

## ----------------- ##
## Output variables. ##
## ----------------- ##

CC='gcc'
CFLAGS='-g -O2'
CPP='gcc -E'
CPPFLAGS=''
DEFS='-DHAVE_CONFIG_H'
ECHO='echo'
ECHO_C=''
ECHO_N='-n'
ECHO_T=''
EGREP='grep -E'
EXEEXT=''
EXPAT_EDIT='2'
EXPAT_MAJOR_VERSION='1'
EXPAT_MINOR_VERSION='95'
FILEMAP_OBJ='unixfilemap.o'
INSTALL_DATA='${INSTALL} -m 644'
INSTALL_PROGRAM='${INSTALL}'
INSTALL_SCRIPT='${INSTALL}'
LDFLAGS=''
LIBAGE='1'
LIBCURRENT='1'
LIBOBJS=''
LIBREVISION='0'
LIBS=''
LIBTOOL='$(SHELL) $(top_builddir)/libtool'
LN_S='ln -s'
LTLIBOBJS=''
OBJEXT='o'
PACKAGE='expat'
PACKAGE_BUGREPORT=''
PACKAGE_NAME=''
PACKAGE_STRING=''
PACKAGE_TARNAME=''
PACKAGE_VERSION=''
PATH_SEPARATOR=':'
RANLIB='ranlib'
SHELL='/bin/bash'
STRIP='strip'
VERSION='1.95.2'
ac_ct_CC='gcc'
ac_ct_RANLIB='ranlib'
ac_ct_STRIP='strip'
bindir='/home/tyu/Documents/concurrency-bugs/apache-25520/httpd-2.0.48/installed/bin'
blddir='/home/tyu/Documents/concurrency-bugs/apache-25520/httpd-2.0.48/srclib/apr-util/xml/expat'
build='x86_64-unknown-linux-gnu'
build_alias=''
build_cpu='x86_64'
build_os='linux-gnu'
build_vendor='unknown'
datadir='${prefix}/share'
exec_prefix='/home/tyu/Documents/concurrency-bugs/apache-25520/httpd-2.0.48/installed'
host='x86_64-unknown-linux-gnu'
host_alias=''
host_cpu='x86_64'
host_os='linux-gnu'
host_vendor='unknown'
includedir='/home/tyu/Documents/concurrency-bugs/apache-25520/httpd-2.0.48/installed/include'
infodir='${prefix}/info'
libdir='/home/tyu/Documents/concurrency-bugs/apache-25520/httpd-2.0.48/installed/lib'
libexecdir='${exec_prefix}/libexec'
localstatedir='${prefix}/var'
mandir='${prefix}/man'
oldincludedir='/usr/include'
prefix='/home/tyu/Documents/concurrency-bugs/apache-25520/httpd-2.0.48/installed'
program_transform_name='s,x,x,'
sbindir='${exec_prefix}/sbin'
sharedstatedir='${prefix}/com'
sysconfdir='${prefix}/etc'
target='x86_64-unknown-linux-gnu'
target_alias=''
target_cpu='x86_64'
target_os='linux-gnu'
target_vendor='unknown'

## ----------- ##
## confdefs.h. ##
## ----------- ##

#define HAVE_BCOPY 1
#define HAVE_DLFCN_H 1
#define HAVE_FCNTL_H 1
#define HAVE_GETPAGESIZE 1
#define HAVE_INTTYPES_H 1
#define HAVE_MEMMOVE 1
#define HAVE_MEMORY_H 1
#define HAVE_MMAP 1
#define HAVE_STDINT_H 1
#define HAVE_STDLIB_H 1
#define HAVE_STDLIB_H 1
#define HAVE_STRINGS_H 1
#define HAVE_STRING_H 1
#define HAVE_STRING_H 1
#define HAVE_SYS_STAT_H 1
#define HAVE_SYS_TYPES_H 1
#define HAVE_UNISTD_H 1
#define HAVE_UNISTD_H 1
#define HAVE_UNISTD_H 1
#define PACKAGE_BUGREPORT ""
#define PACKAGE_NAME ""
#define PACKAGE_STRING ""
#define PACKAGE_TARNAME ""
#define PACKAGE_VERSION ""
#define STDC_HEADERS 1
#define STDC_HEADERS 1

configure: exit 0
