#
# Call Trace Generated By Pin
#
.plt
.plt
_dl_find_dso_for_object
_init
frame_dummy
_GLOBAL__sub_I__Z20safe_cond_timed_waitP14pthread_cond_tP15pthread_mutex_tiPKc
_Z41__static_initialization_and_destruction_0ii
_ZNSt6vectorI7outBuffSaIS0_EEC1Ev
_ZNSt12_Vector_baseI7outBuffSaIS0_EEC1Ev
_ZNSt12_Vector_baseI7outBuffSaIS0_EE12_Vector_implC2Ev
_ZNSaI7outBuffEC1Ev
_ZN9__gnu_cxx13new_allocatorI7outBuffEC1Ev
.plt
.plt
_dl_find_dso_for_object
.plt
.plt
_dl_find_dso_for_object
_ZN6pbzip212ErrorContext11getInstanceEv
.plt
.plt
_dl_find_dso_for_object
.plt
.plt
_dl_find_dso_for_object
_ZN6pbzip212ErrorContextC2Ev
.plt
.plt
_dl_find_dso_for_object
.plt
.plt
_dl_find_dso_for_object
.plt
.plt
_dl_find_dso_for_object
.plt
envz_strip
.plt
envz_strip
.plt
envz_strip
.plt
.plt
_dl_find_dso_for_object
.plt
envz_strip
.plt
envz_strip
.plt
envz_strip
.plt
envz_strip
.plt
envz_strip
.plt
.plt
_dl_find_dso_for_object
_Z10detectCPUsv
.plt
.plt
_dl_find_dso_for_object
.plt
.plt
_dl_find_dso_for_object
.plt
.plt
_dl_find_dso_for_object
_Z25initChildThreadAttributesv
.plt
.plt
_dl_find_dso_for_object
_Z19setupSignalHandlingv
_Z14initSignalMaskv
.plt
.plt
_dl_find_dso_for_object
.plt
.plt
_dl_find_dso_for_object
.plt
sigaddset
.plt
sigaddset
.plt
sigaddset
.plt
sigaddset
.plt
.plt
_dl_find_dso_for_object
.plt
.plt
_dl_find_dso_for_object
_Z15setupTerminatorv
.plt
pthread_create
_Z11mutexesInitv
.plt
_ZnwmRKSt9nothrow_t
.plt
.plt
_dl_find_dso_for_object
.plt
_ZnwmRKSt9nothrow_t
.plt
__pthread_mutex_init
_Z9queueIniti
.plt
_ZnwmRKSt9nothrow_t
_ZN5queueC1Ev
.plt
_ZnamRKSt9nothrow_t
_ZN5queue5clearEv
.plt
_ZnwmRKSt9nothrow_t
.plt
__pthread_mutex_init
.plt
_ZnwmRKSt9nothrow_t
.plt
.plt
_dl_find_dso_for_object
.plt
_ZnwmRKSt9nothrow_t
.plt
pthread_cond_init
.plt
_ZnamRKSt9nothrow_t
.plt
_ZnwmRKSt9nothrow_t
.plt
.plt
_dl_find_dso_for_object
.plt
pthread_mutex_lock
.plt
.plt
_dl_find_dso_for_object
.plt
pthread_cond_init
_ZN6pbzip212ErrorContext11getInstanceEv
.plt
pthread_mutex_lock
.plt
__pthread_mutex_unlock
_ZN6pbzip212ErrorContext5resetEv
.plt
pthread_mutex_lock
.plt
__pthread_mutex_unlock
.plt
.plt
_dl_find_dso_for_object
.plt
.plt
_dl_find_dso_for_object
.plt
.plt
_dl_find_dso_for_object
.plt
.plt
_dl_find_dso_for_object
.plt
.plt
_dl_find_dso_for_object
.plt
envz_strip
.plt
.plt
_dl_find_dso_for_object
.plt
.plt
_dl_find_dso_for_object
_ZN6pbzip212ErrorContext13printErrnoMsgEP8_IO_FILEi
.plt
.plt
_dl_find_dso_for_object
.plt
.plt
_dl_find_dso_for_object
.plt
fprintf
.plt
.plt
_dl_find_dso_for_object
.plt
.plt
_dl_find_dso_for_object
.plt
.plt
_dl_find_dso_for_object
_Z20syncGetTerminateFlagv
_Z15safe_mutex_lockP15pthread_mutex_t
.plt
pthread_mutex_lock
_Z17safe_mutex_unlockP15pthread_mutex_t
.plt
__pthread_mutex_unlock
_Z19syncSetFinishedFlagi
_Z15safe_mutex_lockP15pthread_mutex_t
.plt
pthread_mutex_lock
.plt
.plt
_dl_find_dso_for_object
_Z17safe_mutex_unlockP15pthread_mutex_t
.plt
__pthread_mutex_unlock
.plt
__pthread_mutex_unlock
.plt
pthread_join
_Z11queueDeleteP5queue
.plt
.plt
_dl_find_dso_for_object
.plt
.plt
_dl_find_dso_for_object
.plt
.plt
_dl_find_dso_for_object
.plt
_ZdlPv
.plt
pthread_cond_destroy
.plt
_ZdlPv
.plt
.plt
_dl_find_dso_for_object
.plt
_ZdaPv
.plt
_ZdlPv
.plt
pthread_cond_destroy
.plt
_ZdlPv
_Z13mutexesDeletev
.plt
pthread_mutex_destroy
.plt
_ZdlPv
.plt
pthread_mutex_destroy
.plt
_ZdlPv
_Z13disposeMemoryIPcEvRPT_
.plt
_ZdaPv
.plt
invalid_rtn
.plt
.plt
_dl_find_dso_for_object
_ZNSt12_Vector_baseI7outBuffSaIS0_EE19_M_get_Tp_allocatorEv
_ZSt8_DestroyIP7outBuffS0_EvT_S2_RSaIT0_E
_ZSt8_DestroyIP7outBuffEvT_S2_
_ZNSt12_Destroy_auxILb1EE9__destroyIP7outBuffEEvT_S4_
_ZNSt12_Vector_baseI7outBuffSaIS0_EED1Ev
_ZNSt12_Vector_baseI7outBuffSaIS0_EE13_M_deallocateEPS0_m
_ZNSt12_Vector_baseI7outBuffSaIS0_EE12_Vector_implD1Ev
_ZNSaI7outBuffED2Ev
_ZN9__gnu_cxx13new_allocatorI7outBuffED1Ev
deregister_tm_clones
# eof
