This file contains any messages produced by compilers while
running configure, to aid debugging if configure makes a mistake.

It was created by configure, which was
generated by GNU Autoconf 2.62.  Invocation command line was

  $ /home/tyu/Documents/concurrency-bugs/apache-45605/httpd-2.2.9/srclib/apr-util/configure --cache-file=/dev/null --srcdir=/home/tyu/Documents/concurrency-bugs/apache-45605/httpd-2.2.9/srclib/apr-util --with-apr=../apr --prefix=/usr/local/apache2 --exec-prefix=/usr/local/apache2 --libdir=${prefix}/lib --includedir=/usr/local/apache2/include --bindir=${prefix}/bin

## --------- ##
## Platform. ##
## --------- ##

hostname = ubuntu
uname -m = x86_64
uname -r = 3.16.0-48-generic
uname -s = Linux
uname -v = #64~14.04.1-Ubuntu SMP Thu Aug 20 23:03:57 UTC 2015

/usr/bin/uname -p = unknown
/bin/uname -X     = unknown

/bin/arch              = unknown
/usr/bin/arch -k       = unknown
/usr/convex/getsysinfo = unknown
/usr/bin/hostinfo      = unknown
/bin/machine           = unknown
/usr/bin/oslevel       = unknown
/bin/universe          = unknown

PATH: /home/tyu/Documents/llvm-gcc4.2-2.9-x86_64-linux/bin
PATH: /home/tyu/Documents/llvm-2.9/Release/bin
PATH: /usr/local/sbin
PATH: /usr/local/bin
PATH: /usr/sbin
PATH: /usr/bin
PATH: /sbin
PATH: /bin
PATH: /usr/games
PATH: /usr/local/games


## ----------- ##
## Core tests. ##
## ----------- ##

configure:2211: checking build system type
configure:2229: result: x86_64-unknown-linux-gnu
configure:2251: checking host system type
configure:2266: result: x86_64-unknown-linux-gnu
configure:2288: checking target system type
configure:2303: result: x86_64-unknown-linux-gnu
configure:2346: checking for a BSD-compatible install
configure:2414: result: /usr/bin/install -c
configure:2442: checking for working mkdir -p
configure:2458: result: yes
configure:2552: checking for chosen layout
configure:2554: result: apr-util
configure:2728: checking for gcc
configure:2744: found /usr/bin/gcc
configure:2755: result: gcc
configure:2993: checking for C compiler version
configure:3001: gcc --version >&5
gcc (Ubuntu 4.8.4-2ubuntu1~14.04) 4.8.4
Copyright (C) 2013 Free Software Foundation, Inc.
This is free software; see the source for copying conditions.  There is NO
warranty; not even for MERCHANTABILITY or FITNESS FOR A PARTICULAR PURPOSE.

configure:3005: $? = 0
configure:3012: gcc -v >&5
Using built-in specs.
COLLECT_GCC=gcc
COLLECT_LTO_WRAPPER=/usr/lib/gcc/x86_64-linux-gnu/4.8/lto-wrapper
Target: x86_64-linux-gnu
Configured with: ../src/configure -v --with-pkgversion='Ubuntu 4.8.4-2ubuntu1~14.04' --with-bugurl=file:///usr/share/doc/gcc-4.8/README.Bugs --enable-languages=c,c++,java,go,d,fortran,objc,obj-c++ --prefix=/usr --program-suffix=-4.8 --enable-shared --enable-linker-build-id --libexecdir=/usr/lib --without-included-gettext --enable-threads=posix --with-gxx-include-dir=/usr/include/c++/4.8 --libdir=/usr/lib --enable-nls --with-sysroot=/ --enable-clocale=gnu --enable-libstdcxx-debug --enable-libstdcxx-time=yes --enable-gnu-unique-object --disable-libmudflap --enable-plugin --with-system-zlib --disable-browser-plugin --enable-java-awt=gtk --enable-gtk-cairo --with-java-home=/usr/lib/jvm/java-1.5.0-gcj-4.8-amd64/jre --enable-java-home --with-jvm-root-dir=/usr/lib/jvm/java-1.5.0-gcj-4.8-amd64 --with-jvm-jar-dir=/usr/lib/jvm-exports/java-1.5.0-gcj-4.8-amd64 --with-arch-directory=amd64 --with-ecj-jar=/usr/share/java/eclipse-ecj.jar --enable-objc-gc --enable-multiarch --disable-werror --with-arch-32=i686 --with-abi=m64 --with-multilib-list=m32,m64,mx32 --with-tune=generic --enable-checking=release --build=x86_64-linux-gnu --host=x86_64-linux-gnu --target=x86_64-linux-gnu
Thread model: posix
gcc version 4.8.4 (Ubuntu 4.8.4-2ubuntu1~14.04) 
configure:3016: $? = 0
configure:3023: gcc -V >&5
gcc: error: unrecognized command line option '-V'
gcc: fatal error: no input files
compilation terminated.
configure:3027: $? = 4
configure:3050: checking for C compiler default output file name
configure:3072: gcc    conftest.c  >&5
configure:3076: $? = 0
configure:3114: result: a.out
configure:3131: checking whether the C compiler works
configure:3141: ./a.out
configure:3145: $? = 0
configure:3162: result: yes
configure:3169: checking whether we are cross compiling
configure:3171: result: no
configure:3174: checking for suffix of executables
configure:3181: gcc -o conftest    conftest.c  >&5
configure:3185: $? = 0
configure:3209: result: 
configure:3215: checking for suffix of object files
configure:3241: gcc -c   conftest.c >&5
configure:3245: $? = 0
configure:3268: result: o
configure:3272: checking whether we are using the GNU C compiler
configure:3301: gcc -c   conftest.c >&5
configure:3308: $? = 0
configure:3325: result: yes
configure:3334: checking whether gcc accepts -g
configure:3364: gcc -c -g  conftest.c >&5
configure:3371: $? = 0
configure:3472: result: yes
configure:3489: checking for gcc option to accept ISO C89
configure:3563: gcc  -c -g -O2  conftest.c >&5
configure:3570: $? = 0
configure:3593: result: none needed
configure:3799: checking for APR
configure:3884: result: yes
configure:4141: checking how to run the C preprocessor
configure:4259: result: gcc -E
configure:4288: gcc -E  -D_REENTRANT -D_GNU_SOURCE conftest.c
configure:4295: $? = 0
configure:4326: gcc -E  -D_REENTRANT -D_GNU_SOURCE conftest.c
conftest.c:8:28: fatal error: ac_nonexistent.h: No such file or directory
 #include <ac_nonexistent.h>
                            ^
compilation terminated.
configure:4333: $? = 1
configure: failed program was:
| /* confdefs.h.  */
| #define PACKAGE_NAME ""
| #define PACKAGE_TARNAME ""
| #define PACKAGE_VERSION ""
| #define PACKAGE_STRING ""
| #define PACKAGE_BUGREPORT ""
| /* end confdefs.h.  */
| #include <ac_nonexistent.h>
configure:4371: checking for grep that handles long lines and -e
configure:4431: result: /bin/grep
configure:4436: checking for egrep
configure:4500: result: /bin/grep -E
configure:4505: checking for ANSI C header files
configure:4535: gcc -c -g -O2 -pthread  -D_REENTRANT -D_GNU_SOURCE conftest.c >&5
configure:4542: $? = 0
configure:4641: gcc -o conftest -g -O2 -pthread  -D_REENTRANT -D_GNU_SOURCE  conftest.c  >&5
configure:4645: $? = 0
configure:4651: ./conftest
configure:4655: $? = 0
configure:4673: result: yes
configure:4697: checking for sys/types.h
configure:4718: gcc -c -g -O2 -pthread  -D_REENTRANT -D_GNU_SOURCE conftest.c >&5
configure:4725: $? = 0
configure:4742: result: yes
configure:4697: checking for sys/stat.h
configure:4718: gcc -c -g -O2 -pthread  -D_REENTRANT -D_GNU_SOURCE conftest.c >&5
configure:4725: $? = 0
configure:4742: result: yes
configure:4697: checking for stdlib.h
configure:4718: gcc -c -g -O2 -pthread  -D_REENTRANT -D_GNU_SOURCE conftest.c >&5
configure:4725: $? = 0
configure:4742: result: yes
configure:4697: checking for string.h
configure:4718: gcc -c -g -O2 -pthread  -D_REENTRANT -D_GNU_SOURCE conftest.c >&5
configure:4725: $? = 0
configure:4742: result: yes
configure:4697: checking for memory.h
configure:4718: gcc -c -g -O2 -pthread  -D_REENTRANT -D_GNU_SOURCE conftest.c >&5
configure:4725: $? = 0
configure:4742: result: yes
configure:4697: checking for strings.h
configure:4718: gcc -c -g -O2 -pthread  -D_REENTRANT -D_GNU_SOURCE conftest.c >&5
configure:4725: $? = 0
configure:4742: result: yes
configure:4697: checking for inttypes.h
configure:4718: gcc -c -g -O2 -pthread  -D_REENTRANT -D_GNU_SOURCE conftest.c >&5
configure:4725: $? = 0
configure:4742: result: yes
configure:4697: checking for stdint.h
configure:4718: gcc -c -g -O2 -pthread  -D_REENTRANT -D_GNU_SOURCE conftest.c >&5
configure:4725: $? = 0
configure:4742: result: yes
configure:4697: checking for unistd.h
configure:4718: gcc -c -g -O2 -pthread  -D_REENTRANT -D_GNU_SOURCE conftest.c >&5
configure:4725: $? = 0
configure:4742: result: yes
configure:36146: checking for default DBM
configure:36148: result: sdbm (default)
configure:37490: checking for pg_config
configure:37523: result: no
configure:37614: checking libpq-fe.h usability
configure:37631: gcc -c -g -O2 -pthread  -D_REENTRANT -D_GNU_SOURCE conftest.c >&5
conftest.c:51:22: fatal error: libpq-fe.h: No such file or directory
 #include <libpq-fe.h>
                      ^
compilation terminated.
configure:37638: $? = 1
configure: failed program was:
| /* confdefs.h.  */
| #define PACKAGE_NAME ""
| #define PACKAGE_TARNAME ""
| #define PACKAGE_VERSION ""
| #define PACKAGE_STRING ""
| #define PACKAGE_BUGREPORT ""
| #define STDC_HEADERS 1
| #define HAVE_SYS_TYPES_H 1
| #define HAVE_SYS_STAT_H 1
| #define HAVE_STDLIB_H 1
| #define HAVE_STRING_H 1
| #define HAVE_MEMORY_H 1
| #define HAVE_STRINGS_H 1
| #define HAVE_INTTYPES_H 1
| #define HAVE_STDINT_H 1
| #define HAVE_UNISTD_H 1
| /* end confdefs.h.  */
| #include <stdio.h>
| #ifdef HAVE_SYS_TYPES_H
| # include <sys/types.h>
| #endif
| #ifdef HAVE_SYS_STAT_H
| # include <sys/stat.h>
| #endif
| #ifdef STDC_HEADERS
| # include <stdlib.h>
| # include <stddef.h>
| #else
| # ifdef HAVE_STDLIB_H
| #  include <stdlib.h>
| # endif
| #endif
| #ifdef HAVE_STRING_H
| # if !defined STDC_HEADERS && defined HAVE_MEMORY_H
| #  include <memory.h>
| # endif
| # include <string.h>
| #endif
| #ifdef HAVE_STRINGS_H
| # include <strings.h>
| #endif
| #ifdef HAVE_INTTYPES_H
| # include <inttypes.h>
| #endif
| #ifdef HAVE_STDINT_H
| # include <stdint.h>
| #endif
| #ifdef HAVE_UNISTD_H
| # include <unistd.h>
| #endif
| #include <libpq-fe.h>
configure:37652: result: no
configure:37656: checking libpq-fe.h presence
configure:37671: gcc -E  -D_REENTRANT -D_GNU_SOURCE conftest.c
conftest.c:18:22: fatal error: libpq-fe.h: No such file or directory
 #include <libpq-fe.h>
                      ^
compilation terminated.
configure:37678: $? = 1
configure: failed program was:
| /* confdefs.h.  */
| #define PACKAGE_NAME ""
| #define PACKAGE_TARNAME ""
| #define PACKAGE_VERSION ""
| #define PACKAGE_STRING ""
| #define PACKAGE_BUGREPORT ""
| #define STDC_HEADERS 1
| #define HAVE_SYS_TYPES_H 1
| #define HAVE_SYS_STAT_H 1
| #define HAVE_STDLIB_H 1
| #define HAVE_STRING_H 1
| #define HAVE_MEMORY_H 1
| #define HAVE_STRINGS_H 1
| #define HAVE_INTTYPES_H 1
| #define HAVE_STDINT_H 1
| #define HAVE_UNISTD_H 1
| /* end confdefs.h.  */
| #include <libpq-fe.h>
configure:37692: result: no
configure:37720: checking for libpq-fe.h
configure:37729: result: no
configure:37828: checking postgresql/libpq-fe.h usability
configure:37845: gcc -c -g -O2 -pthread  -D_REENTRANT -D_GNU_SOURCE conftest.c >&5
conftest.c:51:33: fatal error: postgresql/libpq-fe.h: No such file or directory
 #include <postgresql/libpq-fe.h>
                                 ^
compilation terminated.
configure:37852: $? = 1
configure: failed program was:
| /* confdefs.h.  */
| #define PACKAGE_NAME ""
| #define PACKAGE_TARNAME ""
| #define PACKAGE_VERSION ""
| #define PACKAGE_STRING ""
| #define PACKAGE_BUGREPORT ""
| #define STDC_HEADERS 1
| #define HAVE_SYS_TYPES_H 1
| #define HAVE_SYS_STAT_H 1
| #define HAVE_STDLIB_H 1
| #define HAVE_STRING_H 1
| #define HAVE_MEMORY_H 1
| #define HAVE_STRINGS_H 1
| #define HAVE_INTTYPES_H 1
| #define HAVE_STDINT_H 1
| #define HAVE_UNISTD_H 1
| /* end confdefs.h.  */
| #include <stdio.h>
| #ifdef HAVE_SYS_TYPES_H
| # include <sys/types.h>
| #endif
| #ifdef HAVE_SYS_STAT_H
| # include <sys/stat.h>
| #endif
| #ifdef STDC_HEADERS
| # include <stdlib.h>
| # include <stddef.h>
| #else
| # ifdef HAVE_STDLIB_H
| #  include <stdlib.h>
| # endif
| #endif
| #ifdef HAVE_STRING_H
| # if !defined STDC_HEADERS && defined HAVE_MEMORY_H
| #  include <memory.h>
| # endif
| # include <string.h>
| #endif
| #ifdef HAVE_STRINGS_H
| # include <strings.h>
| #endif
| #ifdef HAVE_INTTYPES_H
| # include <inttypes.h>
| #endif
| #ifdef HAVE_STDINT_H
| # include <stdint.h>
| #endif
| #ifdef HAVE_UNISTD_H
| # include <unistd.h>
| #endif
| #include <postgresql/libpq-fe.h>
configure:37866: result: no
configure:37870: checking postgresql/libpq-fe.h presence
configure:37885: gcc -E  -D_REENTRANT -D_GNU_SOURCE conftest.c
conftest.c:18:33: fatal error: postgresql/libpq-fe.h: No such file or directory
 #include <postgresql/libpq-fe.h>
                                 ^
compilation terminated.
configure:37892: $? = 1
configure: failed program was:
| /* confdefs.h.  */
| #define PACKAGE_NAME ""
| #define PACKAGE_TARNAME ""
| #define PACKAGE_VERSION ""
| #define PACKAGE_STRING ""
| #define PACKAGE_BUGREPORT ""
| #define STDC_HEADERS 1
| #define HAVE_SYS_TYPES_H 1
| #define HAVE_SYS_STAT_H 1
| #define HAVE_STDLIB_H 1
| #define HAVE_STRING_H 1
| #define HAVE_MEMORY_H 1
| #define HAVE_STRINGS_H 1
| #define HAVE_INTTYPES_H 1
| #define HAVE_STDINT_H 1
| #define HAVE_UNISTD_H 1
| /* end confdefs.h.  */
| #include <postgresql/libpq-fe.h>
configure:37906: result: no
configure:37934: checking for postgresql/libpq-fe.h
configure:37943: result: no
configure:39732: checking sqlite3.h usability
configure:39749: gcc -c -g -O2 -pthread  -D_REENTRANT -D_GNU_SOURCE conftest.c >&5
conftest.c:51:21: fatal error: sqlite3.h: No such file or directory
 #include <sqlite3.h>
                     ^
compilation terminated.
configure:39756: $? = 1
configure: failed program was:
| /* confdefs.h.  */
| #define PACKAGE_NAME ""
| #define PACKAGE_TARNAME ""
| #define PACKAGE_VERSION ""
| #define PACKAGE_STRING ""
| #define PACKAGE_BUGREPORT ""
| #define STDC_HEADERS 1
| #define HAVE_SYS_TYPES_H 1
| #define HAVE_SYS_STAT_H 1
| #define HAVE_STDLIB_H 1
| #define HAVE_STRING_H 1
| #define HAVE_MEMORY_H 1
| #define HAVE_STRINGS_H 1
| #define HAVE_INTTYPES_H 1
| #define HAVE_STDINT_H 1
| #define HAVE_UNISTD_H 1
| /* end confdefs.h.  */
| #include <stdio.h>
| #ifdef HAVE_SYS_TYPES_H
| # include <sys/types.h>
| #endif
| #ifdef HAVE_SYS_STAT_H
| # include <sys/stat.h>
| #endif
| #ifdef STDC_HEADERS
| # include <stdlib.h>
| # include <stddef.h>
| #else
| # ifdef HAVE_STDLIB_H
| #  include <stdlib.h>
| # endif
| #endif
| #ifdef HAVE_STRING_H
| # if !defined STDC_HEADERS && defined HAVE_MEMORY_H
| #  include <memory.h>
| # endif
| # include <string.h>
| #endif
| #ifdef HAVE_STRINGS_H
| # include <strings.h>
| #endif
| #ifdef HAVE_INTTYPES_H
| # include <inttypes.h>
| #endif
| #ifdef HAVE_STDINT_H
| # include <stdint.h>
| #endif
| #ifdef HAVE_UNISTD_H
| # include <unistd.h>
| #endif
| #include <sqlite3.h>
configure:39770: result: no
configure:39774: checking sqlite3.h presence
configure:39789: gcc -E  -D_REENTRANT -D_GNU_SOURCE conftest.c
conftest.c:18:21: fatal error: sqlite3.h: No such file or directory
 #include <sqlite3.h>
                     ^
compilation terminated.
configure:39796: $? = 1
configure: failed program was:
| /* confdefs.h.  */
| #define PACKAGE_NAME ""
| #define PACKAGE_TARNAME ""
| #define PACKAGE_VERSION ""
| #define PACKAGE_STRING ""
| #define PACKAGE_BUGREPORT ""
| #define STDC_HEADERS 1
| #define HAVE_SYS_TYPES_H 1
| #define HAVE_SYS_STAT_H 1
| #define HAVE_STDLIB_H 1
| #define HAVE_STRING_H 1
| #define HAVE_MEMORY_H 1
| #define HAVE_STRINGS_H 1
| #define HAVE_INTTYPES_H 1
| #define HAVE_STDINT_H 1
| #define HAVE_UNISTD_H 1
| /* end confdefs.h.  */
| #include <sqlite3.h>
configure:39810: result: no
configure:39838: checking for sqlite3.h
configure:39847: result: no
configure:40476: checking sqlite.h usability
configure:40493: gcc -c -g -O2 -pthread  -D_REENTRANT -D_GNU_SOURCE conftest.c >&5
conftest.c:51:20: fatal error: sqlite.h: No such file or directory
 #include <sqlite.h>
                    ^
compilation terminated.
configure:40500: $? = 1
configure: failed program was:
| /* confdefs.h.  */
| #define PACKAGE_NAME ""
| #define PACKAGE_TARNAME ""
| #define PACKAGE_VERSION ""
| #define PACKAGE_STRING ""
| #define PACKAGE_BUGREPORT ""
| #define STDC_HEADERS 1
| #define HAVE_SYS_TYPES_H 1
| #define HAVE_SYS_STAT_H 1
| #define HAVE_STDLIB_H 1
| #define HAVE_STRING_H 1
| #define HAVE_MEMORY_H 1
| #define HAVE_STRINGS_H 1
| #define HAVE_INTTYPES_H 1
| #define HAVE_STDINT_H 1
| #define HAVE_UNISTD_H 1
| /* end confdefs.h.  */
| #include <stdio.h>
| #ifdef HAVE_SYS_TYPES_H
| # include <sys/types.h>
| #endif
| #ifdef HAVE_SYS_STAT_H
| # include <sys/stat.h>
| #endif
| #ifdef STDC_HEADERS
| # include <stdlib.h>
| # include <stddef.h>
| #else
| # ifdef HAVE_STDLIB_H
| #  include <stdlib.h>
| # endif
| #endif
| #ifdef HAVE_STRING_H
| # if !defined STDC_HEADERS && defined HAVE_MEMORY_H
| #  include <memory.h>
| # endif
| # include <string.h>
| #endif
| #ifdef HAVE_STRINGS_H
| # include <strings.h>
| #endif
| #ifdef HAVE_INTTYPES_H
| # include <inttypes.h>
| #endif
| #ifdef HAVE_STDINT_H
| # include <stdint.h>
| #endif
| #ifdef HAVE_UNISTD_H
| # include <unistd.h>
| #endif
| #include <sqlite.h>
configure:40514: result: no
configure:40518: checking sqlite.h presence
configure:40533: gcc -E  -D_REENTRANT -D_GNU_SOURCE conftest.c
conftest.c:18:20: fatal error: sqlite.h: No such file or directory
 #include <sqlite.h>
                    ^
compilation terminated.
configure:40540: $? = 1
configure: failed program was:
| /* confdefs.h.  */
| #define PACKAGE_NAME ""
| #define PACKAGE_TARNAME ""
| #define PACKAGE_VERSION ""
| #define PACKAGE_STRING ""
| #define PACKAGE_BUGREPORT ""
| #define STDC_HEADERS 1
| #define HAVE_SYS_TYPES_H 1
| #define HAVE_SYS_STAT_H 1
| #define HAVE_STDLIB_H 1
| #define HAVE_STRING_H 1
| #define HAVE_MEMORY_H 1
| #define HAVE_STRINGS_H 1
| #define HAVE_INTTYPES_H 1
| #define HAVE_STDINT_H 1
| #define HAVE_UNISTD_H 1
| /* end confdefs.h.  */
| #include <sqlite.h>
configure:40554: result: no
configure:40582: checking for sqlite.h
configure:40591: result: no
configure:42040: checking sybdb.h usability
configure:42057: gcc -c -g -O2 -pthread  -D_REENTRANT -D_GNU_SOURCE conftest.c >&5
conftest.c:51:19: fatal error: sybdb.h: No such file or directory
 #include <sybdb.h>
                   ^
compilation terminated.
configure:42064: $? = 1
configure: failed program was:
| /* confdefs.h.  */
| #define PACKAGE_NAME ""
| #define PACKAGE_TARNAME ""
| #define PACKAGE_VERSION ""
| #define PACKAGE_STRING ""
| #define PACKAGE_BUGREPORT ""
| #define STDC_HEADERS 1
| #define HAVE_SYS_TYPES_H 1
| #define HAVE_SYS_STAT_H 1
| #define HAVE_STDLIB_H 1
| #define HAVE_STRING_H 1
| #define HAVE_MEMORY_H 1
| #define HAVE_STRINGS_H 1
| #define HAVE_INTTYPES_H 1
| #define HAVE_STDINT_H 1
| #define HAVE_UNISTD_H 1
| /* end confdefs.h.  */
| #include <stdio.h>
| #ifdef HAVE_SYS_TYPES_H
| # include <sys/types.h>
| #endif
| #ifdef HAVE_SYS_STAT_H
| # include <sys/stat.h>
| #endif
| #ifdef STDC_HEADERS
| # include <stdlib.h>
| # include <stddef.h>
| #else
| # ifdef HAVE_STDLIB_H
| #  include <stdlib.h>
| # endif
| #endif
| #ifdef HAVE_STRING_H
| # if !defined STDC_HEADERS && defined HAVE_MEMORY_H
| #  include <memory.h>
| # endif
| # include <string.h>
| #endif
| #ifdef HAVE_STRINGS_H
| # include <strings.h>
| #endif
| #ifdef HAVE_INTTYPES_H
| # include <inttypes.h>
| #endif
| #ifdef HAVE_STDINT_H
| # include <stdint.h>
| #endif
| #ifdef HAVE_UNISTD_H
| # include <unistd.h>
| #endif
| #include <sybdb.h>
configure:42078: result: no
configure:42082: checking sybdb.h presence
configure:42097: gcc -E  -D_REENTRANT -D_GNU_SOURCE conftest.c
conftest.c:18:19: fatal error: sybdb.h: No such file or directory
 #include <sybdb.h>
                   ^
compilation terminated.
configure:42104: $? = 1
configure: failed program was:
| /* confdefs.h.  */
| #define PACKAGE_NAME ""
| #define PACKAGE_TARNAME ""
| #define PACKAGE_VERSION ""
| #define PACKAGE_STRING ""
| #define PACKAGE_BUGREPORT ""
| #define STDC_HEADERS 1
| #define HAVE_SYS_TYPES_H 1
| #define HAVE_SYS_STAT_H 1
| #define HAVE_STDLIB_H 1
| #define HAVE_STRING_H 1
| #define HAVE_MEMORY_H 1
| #define HAVE_STRINGS_H 1
| #define HAVE_INTTYPES_H 1
| #define HAVE_STDINT_H 1
| #define HAVE_UNISTD_H 1
| /* end confdefs.h.  */
| #include <sybdb.h>
configure:42118: result: no
configure:42146: checking for sybdb.h
configure:42155: result: no
configure:42376: checking Expat 1.95.x
configure:42406: gcc -o conftest -g -O2 -pthread  -D_REENTRANT -D_GNU_SOURCE  conftest.c  -lexpat >&5
configure:42413: $? = 0
configure:42435: result: yes
configure:43250: checking iconv.h usability
configure:43267: gcc -c -g -O2 -pthread  -D_REENTRANT -D_GNU_SOURCE conftest.c >&5
configure:43274: $? = 0
configure:43288: result: yes
configure:43292: checking iconv.h presence
configure:43307: gcc -E  -D_REENTRANT -D_GNU_SOURCE conftest.c
configure:43314: $? = 0
configure:43328: result: yes
configure:43356: checking for iconv.h
configure:43363: result: yes
configure:43397: gcc -o conftest -g -O2 -pthread  -D_REENTRANT -D_GNU_SOURCE  conftest.c  >&5
configure:43404: $? = 0
configure:43670: checking for type of inbuf parameter to iconv
configure:43697: gcc -c -g -O2 -pthread  -Werror  -D_REENTRANT -D_GNU_SOURCE conftest.c >&5
configure:43704: $? = 0
configure:43731: result: char **
configure:43743: checking for iconv.h
configure:43750: result: yes
configure:43754: checking langinfo.h usability
configure:43771: gcc -c -g -O2 -pthread  -D_REENTRANT -D_GNU_SOURCE conftest.c >&5
configure:43778: $? = 0
configure:43792: result: yes
configure:43796: checking langinfo.h presence
configure:43811: gcc -E  -D_REENTRANT -D_GNU_SOURCE conftest.c
configure:43818: $? = 0
configure:43832: result: yes
configure:43860: checking for langinfo.h
configure:43869: result: yes
configure:43899: checking for nl_langinfo
configure:43955: gcc -o conftest -g -O2 -pthread  -D_REENTRANT -D_GNU_SOURCE  conftest.c  >&5
configure:43962: $? = 0
configure:43984: result: yes
configure:44006: checking for CODESET in langinfo.h
configure:44035: result: yes
configure:44111: checking for library containing crypt
configure:44152: gcc -o conftest -g -O2 -pthread  -D_REENTRANT -D_GNU_SOURCE  conftest.c  >&5
/tmp/ccQwya32.o: In function `main':
/home/tyu/Documents/concurrency-bugs/apache-45605/httpd-2.2.9/srclib/apr-util/conftest.c:35: undefined reference to `crypt'
collect2: error: ld returned 1 exit status
configure:44159: $? = 1
configure: failed program was:
| /* confdefs.h.  */
| #define PACKAGE_NAME ""
| #define PACKAGE_TARNAME ""
| #define PACKAGE_VERSION ""
| #define PACKAGE_STRING ""
| #define PACKAGE_BUGREPORT ""
| #define STDC_HEADERS 1
| #define HAVE_SYS_TYPES_H 1
| #define HAVE_SYS_STAT_H 1
| #define HAVE_STDLIB_H 1
| #define HAVE_STRING_H 1
| #define HAVE_MEMORY_H 1
| #define HAVE_STRINGS_H 1
| #define HAVE_INTTYPES_H 1
| #define HAVE_STDINT_H 1
| #define HAVE_UNISTD_H 1
| #define HAVE_EXPAT_H 1
| #define HAVE_ICONV_H 1
| #define HAVE_LANGINFO_H 1
| #define HAVE_NL_LANGINFO 1
| #define HAVE_CODESET 1
| #define APU_DSO_BUILD 1
| /* end confdefs.h.  */
| 
| /* Override any GCC internal prototype to avoid an error.
|    Use char because int might match the return type of a GCC
|    builtin and then its argument prototype would still apply.  */
| #ifdef __cplusplus
| extern "C"
| #endif
| char crypt ();
| int
| main ()
| {
| return crypt ();
|   ;
|   return 0;
| }
configure:44152: gcc -o conftest -g -O2 -pthread  -D_REENTRANT -D_GNU_SOURCE  conftest.c -lcrypt   >&5
configure:44159: $? = 0
configure:44190: result: -lcrypt
configure:44198: checking if system crypt() function is threadsafe
configure:44210: result: no
configure:44217: checking for crypt_r
configure:44273: gcc -o conftest -g -O2 -pthread  -D_REENTRANT -D_GNU_SOURCE  conftest.c -lcrypt  >&5
configure:44280: $? = 0
configure:44302: result: yes
configure:44318: checking style of crypt_r
configure:44345: gcc -c -g -O2 -pthread  -D_REENTRANT -D_GNU_SOURCE conftest.c >&5
conftest.c: In function 'main':
conftest.c:29:1: error: unknown type name 'CRYPTD'
 CRYPTD buffer;
 ^
conftest.c:30:3: warning: passing argument 3 of 'crypt_r' from incompatible pointer type [enabled by default]
   crypt_r("passwd", "hash", &buffer);
   ^
In file included from conftest.c:25:0:
/usr/include/crypt.h:60:14: note: expected 'struct crypt_data * __restrict__' but argument is of type 'int *'
 extern char *crypt_r (const char *__key, const char *__salt,
              ^
configure:44352: $? = 1
configure: failed program was:
| /* confdefs.h.  */
| #define PACKAGE_NAME ""
| #define PACKAGE_TARNAME ""
| #define PACKAGE_VERSION ""
| #define PACKAGE_STRING ""
| #define PACKAGE_BUGREPORT ""
| #define STDC_HEADERS 1
| #define HAVE_SYS_TYPES_H 1
| #define HAVE_SYS_STAT_H 1
| #define HAVE_STDLIB_H 1
| #define HAVE_STRING_H 1
| #define HAVE_MEMORY_H 1
| #define HAVE_STRINGS_H 1
| #define HAVE_INTTYPES_H 1
| #define HAVE_STDINT_H 1
| #define HAVE_UNISTD_H 1
| #define HAVE_EXPAT_H 1
| #define HAVE_ICONV_H 1
| #define HAVE_LANGINFO_H 1
| #define HAVE_NL_LANGINFO 1
| #define HAVE_CODESET 1
| #define APU_DSO_BUILD 1
| #define HAVE_CRYPT_R 1
| /* end confdefs.h.  */
| #include <crypt.h>
| int
| main ()
| {
| CRYPTD buffer;
|   crypt_r("passwd", "hash", &buffer);
|   ;
|   return 0;
| }
configure:44384: gcc -c -g -O2 -pthread  -D_REENTRANT -D_GNU_SOURCE conftest.c >&5
configure:44391: $? = 0
configure:44409: result: struct_crypt_data
configure:44635: creating ./config.status

## ---------------------- ##
## Running config.status. ##
## ---------------------- ##

This file was extended by config.status, which was
generated by GNU Autoconf 2.62.  Invocation command line was

  CONFIG_FILES    = 
  CONFIG_HEADERS  = 
  CONFIG_LINKS    = 
  CONFIG_COMMANDS = 
  $ ./config.status 

on ubuntu

config.status:843: creating Makefile
config.status:843: creating export_vars.sh
config.status:843: creating build/pkg/pkginfo
config.status:843: creating apr-util.pc
config.status:843: creating apu-1-config
config.status:843: creating include/private/apu_select_dbm.h
config.status:843: creating include/apr_ldap.h
config.status:843: creating include/apu.h
config.status:843: creating include/apu_want.h
config.status:843: creating test/Makefile
config.status:843: creating include/private/apu_config.h
config.status:1077: executing default commands

## ---------------- ##
## Cache variables. ##
## ---------------- ##

ac_cv_build=x86_64-unknown-linux-gnu
ac_cv_c_compiler_gnu=yes
ac_cv_define_CODESET=yes
ac_cv_env_CC_set=
ac_cv_env_CC_value=
ac_cv_env_CFLAGS_set=
ac_cv_env_CFLAGS_value=
ac_cv_env_CPPFLAGS_set=
ac_cv_env_CPPFLAGS_value=
ac_cv_env_CPP_set=
ac_cv_env_CPP_value=
ac_cv_env_LDFLAGS_set=
ac_cv_env_LDFLAGS_value=
ac_cv_env_LIBS_set=
ac_cv_env_LIBS_value=
ac_cv_env_build_alias_set=
ac_cv_env_build_alias_value=
ac_cv_env_host_alias_set=
ac_cv_env_host_alias_value=
ac_cv_env_target_alias_set=
ac_cv_env_target_alias_value=
ac_cv_func_crypt_r=yes
ac_cv_func_nl_langinfo=yes
ac_cv_header_iconv_h=yes
ac_cv_header_inttypes_h=yes
ac_cv_header_langinfo_h=yes
ac_cv_header_libpq_fe_h=no
ac_cv_header_memory_h=yes
ac_cv_header_postgresql_libpq_fe_h=no
ac_cv_header_sqlite3_h=no
ac_cv_header_sqlite_h=no
ac_cv_header_stdc=yes
ac_cv_header_stdint_h=yes
ac_cv_header_stdlib_h=yes
ac_cv_header_string_h=yes
ac_cv_header_strings_h=yes
ac_cv_header_sybdb_h=no
ac_cv_header_sys_stat_h=yes
ac_cv_header_sys_types_h=yes
ac_cv_header_unistd_h=yes
ac_cv_host=x86_64-unknown-linux-gnu
ac_cv_mkdir_p=yes
ac_cv_objext=o
ac_cv_path_EGREP='/bin/grep -E'
ac_cv_path_GREP=/bin/grep
ac_cv_path_install='/usr/bin/install -c'
ac_cv_prog_CPP='gcc -E'
ac_cv_prog_ac_ct_CC=gcc
ac_cv_prog_cc_c89=
ac_cv_prog_cc_g=yes
ac_cv_search_crypt=-lcrypt
ac_cv_target=x86_64-unknown-linux-gnu
apr_cv_crypt_r_style=struct_crypt_data
apu_cv_expat_system=yes

## ----------------- ##
## Output variables. ##
## ----------------- ##

APRUTIL_DOTTED_VERSION='1.3.0'
APRUTIL_EXPORT_LIBS='-lexpat'
APRUTIL_INCLUDES=''
APRUTIL_LDFLAGS=''
APRUTIL_LIBNAME='aprutil-${APRUTIL_MAJOR_VERSION}'
APRUTIL_LIBS='-lexpat /home/tyu/Documents/concurrency-bugs/apache-45605/httpd-2.2.9/srclib/apr/libapr-1.la -luuid -lrt -lcrypt -lpthread -ldl'
APRUTIL_MAJOR_VERSION='1'
APRUTIL_PRIV_INCLUDES='-I/home/tyu/Documents/concurrency-bugs/apache-45605/httpd-2.2.9/srclib/apr-util/include -I/home/tyu/Documents/concurrency-bugs/apache-45605/httpd-2.2.9/srclib/apr-util/include/private'
APR_BUILD_DIR='/home/tyu/Documents/concurrency-bugs/apache-45605/httpd-2.2.9/srclib/apr/build'
APR_ICONV_DIR=''
APR_INCLUDES=' -I/home/tyu/Documents/concurrency-bugs/apache-45605/httpd-2.2.9/srclib/apr/include '
APR_LIBS=' /home/tyu/Documents/concurrency-bugs/apache-45605/httpd-2.2.9/srclib/apr/libapr-1.la -luuid -lrt -lcrypt  -lpthread -ldl'
APR_XML_DIR=''
APU_CONFIG_LOCATION='source'
APU_DSO_LIBDIR='${libdir}/apr-util-1'
APU_HAVE_MODULES='yes'
APU_LTVERSION='-version-info 3:0:3'
APU_MODULES=' '
CC='gcc'
CFLAGS='-g -O2 -pthread'
CPP='gcc -E'
CPPFLAGS=' -D_REENTRANT -D_GNU_SOURCE'
DEFS='-DHAVE_CONFIG_H'
ECHO_C=''
ECHO_N='-n'
ECHO_T=''
EGREP='/bin/grep -E'
EXEEXT=''
EXTRA_OBJECTS=''
GREP='/bin/grep'
INCLUDE_OUTPUTS='include /home/tyu/Documents/concurrency-bugs/apache-45605/httpd-2.2.9/srclib/apr-util/build-outputs.mk'
INCLUDE_RULES='include /home/tyu/Documents/concurrency-bugs/apache-45605/httpd-2.2.9/srclib/apr-util/build/rules.mk'
INSTALL_DATA='${INSTALL} -m 644'
INSTALL_PROGRAM='${INSTALL}'
INSTALL_SCRIPT='${INSTALL}'
LDADD_dbd_freetds=''
LDADD_dbd_mysql=''
LDADD_dbd_oracle=''
LDADD_dbd_pgsql=''
LDADD_dbd_sqlite2=''
LDADD_dbd_sqlite3=''
LDADD_ldap=''
LDFLAGS=''
LIBOBJS=''
LIBS='-lcrypt '
LTLIBOBJS=''
LT_NO_INSTALL='-no-install'
MYSQL_CONFIG=''
OBJEXT='o'
PACKAGE_BUGREPORT=''
PACKAGE_NAME=''
PACKAGE_STRING=''
PACKAGE_TARNAME=''
PACKAGE_VERSION=''
PATH_SEPARATOR=':'
PGSQL_CONFIG=''
SHELL='/bin/bash'
abs_builddir='/home/tyu/Documents/concurrency-bugs/apache-45605/httpd-2.2.9/srclib/apr-util'
abs_srcdir='/home/tyu/Documents/concurrency-bugs/apache-45605/httpd-2.2.9/srclib/apr-util'
ac_ct_CC='gcc'
apr_shlibpath_var='LD_LIBRARY_PATH'
apu_db_header='db.h'
apu_db_version='0'
apu_has_ldap='0'
apu_has_ldap_microsoft='0'
apu_has_ldap_mozilla='0'
apu_has_ldap_netscape='0'
apu_has_ldap_novell='0'
apu_has_ldap_openldap='0'
apu_has_ldap_other='0'
apu_has_ldap_solaris='0'
apu_has_ldap_sslinit='0'
apu_has_ldap_start_tls_s='0'
apu_has_ldap_tivoli='0'
apu_has_ldap_zos='0'
apu_has_ldapssl_add_trusted_cert='0'
apu_has_ldapssl_client_deinit='0'
apu_has_ldapssl_client_init='0'
apu_has_ldapssl_init='0'
apu_has_ldapssl_install_routines='0'
apu_have_db='0'
apu_have_freetds='0'
apu_have_gdbm='0'
apu_have_mysql='0'
apu_have_ndbm='0'
apu_have_oracle='0'
apu_have_pgsql='0'
apu_have_sdbm='1'
apu_have_sqlite2='0'
apu_have_sqlite3='0'
apu_use_db='0'
apu_use_gdbm='0'
apu_use_ndbm='0'
apu_use_sdbm='1'
bindir='${prefix}/bin'
build='x86_64-unknown-linux-gnu'
build_alias=''
build_cpu='x86_64'
build_os='linux-gnu'
build_vendor='unknown'
datadir='${prefix}'
datarootdir='${prefix}/share'
docdir='${datarootdir}/doc/${PACKAGE}'
dvidir='${docdir}'
exec_prefix='/usr/local/apache2'
have_apr_iconv='0'
have_iconv='1'
host='x86_64-unknown-linux-gnu'
host_alias=''
host_cpu='x86_64'
host_os='linux-gnu'
host_vendor='unknown'
htmldir='${docdir}'
includedir='/usr/local/apache2/include'
infodir='${datarootdir}/info'
lber_h=''
ldap_h=''
ldap_ssl_h=''
lib_target='-rpath $(libdir) $(OBJECTS)'
libdir='${prefix}/lib'
libexecdir='${exec_prefix}/modules'
localedir='${datarootdir}/locale'
localstatedir='${prefix}'
mandir='${prefix}/man'
oldincludedir='/usr/include'
pdfdir='${docdir}'
prefix='/usr/local/apache2'
program_transform_name='s,x,x,'
psdir='${docdir}'
sbindir='${exec_prefix}/bin'
sharedstatedir='${prefix}/com'
so_ext='lo'
sysconfdir='${prefix}/conf'
target='x86_64-unknown-linux-gnu'
target_alias=''
target_cpu='x86_64'
target_os='linux-gnu'
target_vendor='unknown'
top_builddir='/home/tyu/Documents/concurrency-bugs/apache-45605/httpd-2.2.9/srclib/apr-util'

## ----------- ##
## confdefs.h. ##
## ----------- ##

#define PACKAGE_NAME ""
#define PACKAGE_TARNAME ""
#define PACKAGE_VERSION ""
#define PACKAGE_STRING ""
#define PACKAGE_BUGREPORT ""
#define STDC_HEADERS 1
#define HAVE_SYS_TYPES_H 1
#define HAVE_SYS_STAT_H 1
#define HAVE_STDLIB_H 1
#define HAVE_STRING_H 1
#define HAVE_MEMORY_H 1
#define HAVE_STRINGS_H 1
#define HAVE_INTTYPES_H 1
#define HAVE_STDINT_H 1
#define HAVE_UNISTD_H 1
#define HAVE_EXPAT_H 1
#define HAVE_ICONV_H 1
#define HAVE_LANGINFO_H 1
#define HAVE_NL_LANGINFO 1
#define HAVE_CODESET 1
#define APU_DSO_BUILD 1
#define HAVE_CRYPT_R 1
#define CRYPT_R_STRUCT_CRYPT_DATA 1
#define APU_DSO_LIBDIR "/usr/local/apache2/lib/apr-util-1"

configure: exit 0
