This file contains any messages produced by compilers while
running configure, to aid debugging if configure makes a mistake.

It was created by configure, which was
generated by GNU Autoconf 2.54.  Invocation command line was

  $ /home/tyu/Documents/concurrency-bugs/apache-25520/httpd-2.0.48/srclib/apr-util/configure --prefix=/home/tyu/Documents/concurrency-bugs/apache-25520/build/installed --enable-static-htpasswd --disable-shared CC=/home/tyu/Documents/llvm/Release+Asserts/bin/clang CFLAGS=-emit-llvm -flto -g CPP=/home/tyu/Documents/llvm/Release+Asserts/bin/clang -E --cache-file=/dev/null --srcdir=/home/tyu/Documents/concurrency-bugs/apache-25520/httpd-2.0.48/srclib/apr-util --with-apr=../apr --prefix=/home/tyu/Documents/concurrency-bugs/apache-25520/build/installed --exec-prefix=/home/tyu/Documents/concurrency-bugs/apache-25520/build/installed --libdir=${prefix}/lib --includedir=/home/tyu/Documents/concurrency-bugs/apache-25520/build/installed/include --bindir=${prefix}/bin

## --------- ##
## Platform. ##
## --------- ##

hostname = ubuntu
uname -m = x86_64
uname -r = 3.16.0-30-generic
uname -s = Linux
uname -v = #40~14.04.1-Ubuntu SMP Thu Jan 15 17:43:14 UTC 2015

/usr/bin/uname -p = unknown
/bin/uname -X     = unknown

/bin/arch              = unknown
/usr/bin/arch -k       = unknown
/usr/convex/getsysinfo = unknown
hostinfo               = unknown
/bin/machine           = unknown
/usr/bin/oslevel       = unknown
/bin/universe          = unknown

PATH: /usr/local/sbin
PATH: /usr/local/bin
PATH: /usr/sbin
PATH: /usr/bin
PATH: /sbin
PATH: /bin
PATH: /usr/games
PATH: /usr/local/games


## ----------- ##
## Core tests. ##
## ----------- ##

configure:1505: checking build system type
configure:1523: result: x86_64-unknown-linux-gnu
configure:1531: checking host system type
configure:1545: result: x86_64-unknown-linux-gnu
configure:1553: checking target system type
configure:1567: result: x86_64-unknown-linux-gnu
configure:1588: checking for working mkdir -p
configure:1604: result: yes
configure:1688: checking for chosen layout
configure:1690: result: apr-util
configure:1897: checking for APR
configure:1957: result: yes
configure:2084: checking for gcc
configure:2110: result: /home/tyu/Documents/llvm/Release+Asserts/bin/clang
configure:2352: checking for C compiler version
configure:2355: /home/tyu/Documents/llvm/Release+Asserts/bin/clang --version </dev/null >&5
clang version 3.2 (tags/RELEASE_32/final)
Target: x86_64-unknown-linux-gnu
Thread model: posix
configure:2358: $? = 0
configure:2360: /home/tyu/Documents/llvm/Release+Asserts/bin/clang -v </dev/null >&5
clang version 3.2 (tags/RELEASE_32/final)
Target: x86_64-unknown-linux-gnu
Thread model: posix
configure:2363: $? = 0
configure:2365: /home/tyu/Documents/llvm/Release+Asserts/bin/clang -V </dev/null >&5
clang: error: argument to '-V' is missing (expected 1 value)
clang: error: no input files
configure:2368: $? = 1
configure:2388: checking for C compiler default output
configure:2391: /home/tyu/Documents/llvm/Release+Asserts/bin/clang -emit-llvm -flto -g -pthread  -D_REENTRANT -D_GNU_SOURCE  conftest.c  >&5
clang: warning: argument unused during compilation: '-flto'
configure:2394: $? = 0
configure:2428: result: a.out
configure:2433: checking whether the C compiler works
configure:2439: ./a.out
configure:2442: $? = 0
configure:2457: result: yes
configure:2464: checking whether we are cross compiling
configure:2466: result: no
configure:2469: checking for suffix of executables
configure:2471: /home/tyu/Documents/llvm/Release+Asserts/bin/clang -o conftest -emit-llvm -flto -g -pthread  -D_REENTRANT -D_GNU_SOURCE  conftest.c  >&5
clang: warning: argument unused during compilation: '-flto'
configure:2474: $? = 0
configure:2497: result: 
configure:2503: checking for suffix of object files
configure:2521: /home/tyu/Documents/llvm/Release+Asserts/bin/clang -c -emit-llvm -flto -g -pthread  -D_REENTRANT -D_GNU_SOURCE conftest.c >&5
clang: warning: argument unused during compilation: '-flto'
configure:2524: $? = 0
configure:2543: result: o
configure:2547: checking whether we are using the GNU C compiler
configure:2568: /home/tyu/Documents/llvm/Release+Asserts/bin/clang -c -emit-llvm -flto -g -pthread  -D_REENTRANT -D_GNU_SOURCE conftest.c >&5
clang: warning: argument unused during compilation: '-flto'
configure:2571: $? = 0
configure:2574: test -s conftest.o
configure:2577: $? = 0
configure:2589: result: yes
configure:2595: checking whether /home/tyu/Documents/llvm/Release+Asserts/bin/clang accepts -g
configure:2613: /home/tyu/Documents/llvm/Release+Asserts/bin/clang -c -g  -D_REENTRANT -D_GNU_SOURCE conftest.c >&5
configure:2616: $? = 0
configure:2619: test -s conftest.o
configure:2622: $? = 0
configure:2632: result: yes
configure:2649: checking for /home/tyu/Documents/llvm/Release+Asserts/bin/clang option to accept ANSI C
configure:2706: /home/tyu/Documents/llvm/Release+Asserts/bin/clang  -c -emit-llvm -flto -g -pthread  -D_REENTRANT -D_GNU_SOURCE conftest.c >&5
clang: warning: argument unused during compilation: '-flto'
configure:2709: $? = 0
configure:2712: test -s conftest.o
configure:2715: $? = 0
configure:2732: result: none needed
configure:2750: /home/tyu/Documents/llvm/Release+Asserts/bin/clang -c -emit-llvm -flto -g -pthread  -D_REENTRANT -D_GNU_SOURCE conftest.c >&5
clang: warning: argument unused during compilation: '-flto'
conftest.c:2:3: error: unknown type name 'choke'
  choke me
  ^
conftest.c:2:11: error: expected ';' after top level declarator
  choke me
          ^
          ;
2 errors generated.
configure:2753: $? = 1
configure: failed program was:
#ifndef __cplusplus
  choke me
#endif
configure:2857: checking how to run the C preprocessor
configure:2959: result: /home/tyu/Documents/llvm/Release+Asserts/bin/clang -E
configure:2974: /home/tyu/Documents/llvm/Release+Asserts/bin/clang -E  -D_REENTRANT -D_GNU_SOURCE conftest.c
configure:2980: $? = 0
configure:3007: /home/tyu/Documents/llvm/Release+Asserts/bin/clang -E  -D_REENTRANT -D_GNU_SOURCE conftest.c
configure:3003:10: fatal error: 'ac_nonexistent.h' file not found
#include <ac_nonexistent.h>
         ^
1 error generated.
configure:3013: $? = 1
configure: failed program was:
#line 3002 "configure"
#include "confdefs.h"
#include <ac_nonexistent.h>
configure:3053: checking for egrep
configure:3063: result: grep -E
configure:3068: checking for ANSI C header files
configure:3082: /home/tyu/Documents/llvm/Release+Asserts/bin/clang -E  -D_REENTRANT -D_GNU_SOURCE conftest.c
configure:3088: $? = 0
configure:3175: /home/tyu/Documents/llvm/Release+Asserts/bin/clang -o conftest -emit-llvm -flto -g -pthread  -D_REENTRANT -D_GNU_SOURCE  conftest.c  >&5
clang: warning: argument unused during compilation: '-flto'
configure:3166:7: warning: implicitly declaring library function 'exit' with type 'void (int) __attribute__((noreturn))'
      exit(2);
      ^
configure:3166:7: note: please include the header <stdlib.h> or explicitly provide a declaration for 'exit'
1 warning generated.
configure:3178: $? = 0
configure:3180: ./conftest
configure:3183: $? = 0
configure:3197: result: yes
configure:3221: checking for sys/types.h
configure:3234: /home/tyu/Documents/llvm/Release+Asserts/bin/clang -c -emit-llvm -flto -g -pthread  -D_REENTRANT -D_GNU_SOURCE conftest.c >&5
clang: warning: argument unused during compilation: '-flto'
configure:3237: $? = 0
configure:3240: test -s conftest.o
configure:3243: $? = 0
configure:3253: result: yes
configure:3221: checking for sys/stat.h
configure:3234: /home/tyu/Documents/llvm/Release+Asserts/bin/clang -c -emit-llvm -flto -g -pthread  -D_REENTRANT -D_GNU_SOURCE conftest.c >&5
clang: warning: argument unused during compilation: '-flto'
configure:3237: $? = 0
configure:3240: test -s conftest.o
configure:3243: $? = 0
configure:3253: result: yes
configure:3221: checking for stdlib.h
configure:3234: /home/tyu/Documents/llvm/Release+Asserts/bin/clang -c -emit-llvm -flto -g -pthread  -D_REENTRANT -D_GNU_SOURCE conftest.c >&5
clang: warning: argument unused during compilation: '-flto'
configure:3237: $? = 0
configure:3240: test -s conftest.o
configure:3243: $? = 0
configure:3253: result: yes
configure:3221: checking for string.h
configure:3234: /home/tyu/Documents/llvm/Release+Asserts/bin/clang -c -emit-llvm -flto -g -pthread  -D_REENTRANT -D_GNU_SOURCE conftest.c >&5
clang: warning: argument unused during compilation: '-flto'
configure:3237: $? = 0
configure:3240: test -s conftest.o
configure:3243: $? = 0
configure:3253: result: yes
configure:3221: checking for memory.h
configure:3234: /home/tyu/Documents/llvm/Release+Asserts/bin/clang -c -emit-llvm -flto -g -pthread  -D_REENTRANT -D_GNU_SOURCE conftest.c >&5
clang: warning: argument unused during compilation: '-flto'
configure:3237: $? = 0
configure:3240: test -s conftest.o
configure:3243: $? = 0
configure:3253: result: yes
configure:3221: checking for strings.h
configure:3234: /home/tyu/Documents/llvm/Release+Asserts/bin/clang -c -emit-llvm -flto -g -pthread  -D_REENTRANT -D_GNU_SOURCE conftest.c >&5
clang: warning: argument unused during compilation: '-flto'
configure:3237: $? = 0
configure:3240: test -s conftest.o
configure:3243: $? = 0
configure:3253: result: yes
configure:3221: checking for inttypes.h
configure:3234: /home/tyu/Documents/llvm/Release+Asserts/bin/clang -c -emit-llvm -flto -g -pthread  -D_REENTRANT -D_GNU_SOURCE conftest.c >&5
clang: warning: argument unused during compilation: '-flto'
configure:3237: $? = 0
configure:3240: test -s conftest.o
configure:3243: $? = 0
configure:3253: result: yes
configure:3221: checking for stdint.h
configure:3234: /home/tyu/Documents/llvm/Release+Asserts/bin/clang -c -emit-llvm -flto -g -pthread  -D_REENTRANT -D_GNU_SOURCE conftest.c >&5
clang: warning: argument unused during compilation: '-flto'
configure:3237: $? = 0
configure:3240: test -s conftest.o
configure:3243: $? = 0
configure:3253: result: yes
configure:3221: checking for unistd.h
configure:3234: /home/tyu/Documents/llvm/Release+Asserts/bin/clang -c -emit-llvm -flto -g -pthread  -D_REENTRANT -D_GNU_SOURCE conftest.c >&5
clang: warning: argument unused during compilation: '-flto'
configure:3237: $? = 0
configure:3240: test -s conftest.o
configure:3243: $? = 0
configure:3253: result: yes
configure:6972: checking gdbm.h usability
configure:6981: /home/tyu/Documents/llvm/Release+Asserts/bin/clang -c -emit-llvm -flto -g -pthread  -D_REENTRANT -D_GNU_SOURCE conftest.c >&5
clang: warning: argument unused during compilation: '-flto'
configure:7009:10: fatal error: 'gdbm.h' file not found
#include <gdbm.h>
         ^
1 error generated.
configure:6984: $? = 1
configure: failed program was:
#line 6974 "configure"
#include "confdefs.h"
#include <stdio.h>
#if HAVE_SYS_TYPES_H
# include <sys/types.h>
#endif
#if HAVE_SYS_STAT_H
# include <sys/stat.h>
#endif
#if STDC_HEADERS
# include <stdlib.h>
# include <stddef.h>
#else
# if HAVE_STDLIB_H
#  include <stdlib.h>
# endif
#endif
#if HAVE_STRING_H
# if !STDC_HEADERS && HAVE_MEMORY_H
#  include <memory.h>
# endif
# include <string.h>
#endif
#if HAVE_STRINGS_H
# include <strings.h>
#endif
#if HAVE_INTTYPES_H
# include <inttypes.h>
#else
# if HAVE_STDINT_H
#  include <stdint.h>
# endif
#endif
#if HAVE_UNISTD_H
# include <unistd.h>
#endif
#include <gdbm.h>
configure:6999: result: no
configure:7003: checking gdbm.h presence
configure:7010: /home/tyu/Documents/llvm/Release+Asserts/bin/clang -E  -D_REENTRANT -D_GNU_SOURCE conftest.c
configure:7006:10: fatal error: 'gdbm.h' file not found
#include <gdbm.h>
         ^
1 error generated.
configure:7016: $? = 1
configure: failed program was:
#line 7005 "configure"
#include "confdefs.h"
#include <gdbm.h>
configure:7034: result: no
configure:7052: checking for gdbm.h
configure:7059: result: no
configure:23501: checking checking for Berkeley DB 4.1 in the standard places
configure:23503: result: 
configure:23525: checking db4/db.h usability
configure:23534: /home/tyu/Documents/llvm/Release+Asserts/bin/clang -c -emit-llvm -flto -g -pthread  -D_REENTRANT -D_GNU_SOURCE conftest.c >&5
clang: warning: argument unused during compilation: '-flto'
configure:23562:10: fatal error: 'db4/db.h' file not found
#include <db4/db.h>
         ^
1 error generated.
configure:23537: $? = 1
configure: failed program was:
#line 23527 "configure"
#include "confdefs.h"
#include <stdio.h>
#if HAVE_SYS_TYPES_H
# include <sys/types.h>
#endif
#if HAVE_SYS_STAT_H
# include <sys/stat.h>
#endif
#if STDC_HEADERS
# include <stdlib.h>
# include <stddef.h>
#else
# if HAVE_STDLIB_H
#  include <stdlib.h>
# endif
#endif
#if HAVE_STRING_H
# if !STDC_HEADERS && HAVE_MEMORY_H
#  include <memory.h>
# endif
# include <string.h>
#endif
#if HAVE_STRINGS_H
# include <strings.h>
#endif
#if HAVE_INTTYPES_H
# include <inttypes.h>
#else
# if HAVE_STDINT_H
#  include <stdint.h>
# endif
#endif
#if HAVE_UNISTD_H
# include <unistd.h>
#endif
#include <db4/db.h>
configure:23552: result: no
configure:23556: checking db4/db.h presence
configure:23563: /home/tyu/Documents/llvm/Release+Asserts/bin/clang -E  -D_REENTRANT -D_GNU_SOURCE conftest.c
configure:23559:10: fatal error: 'db4/db.h' file not found
#include <db4/db.h>
         ^
1 error generated.
configure:23569: $? = 1
configure: failed program was:
#line 23558 "configure"
#include "confdefs.h"
#include <db4/db.h>
configure:23587: result: no
configure:23605: checking for db4/db.h
configure:23612: result: no
configure:23525: checking db.h usability
configure:23534: /home/tyu/Documents/llvm/Release+Asserts/bin/clang -c -emit-llvm -flto -g -pthread  -D_REENTRANT -D_GNU_SOURCE conftest.c >&5
clang: warning: argument unused during compilation: '-flto'
configure:23562:10: fatal error: 'db.h' file not found
#include <db.h>
         ^
1 error generated.
configure:23537: $? = 1
configure: failed program was:
#line 23527 "configure"
#include "confdefs.h"
#include <stdio.h>
#if HAVE_SYS_TYPES_H
# include <sys/types.h>
#endif
#if HAVE_SYS_STAT_H
# include <sys/stat.h>
#endif
#if STDC_HEADERS
# include <stdlib.h>
# include <stddef.h>
#else
# if HAVE_STDLIB_H
#  include <stdlib.h>
# endif
#endif
#if HAVE_STRING_H
# if !STDC_HEADERS && HAVE_MEMORY_H
#  include <memory.h>
# endif
# include <string.h>
#endif
#if HAVE_STRINGS_H
# include <strings.h>
#endif
#if HAVE_INTTYPES_H
# include <inttypes.h>
#else
# if HAVE_STDINT_H
#  include <stdint.h>
# endif
#endif
#if HAVE_UNISTD_H
# include <unistd.h>
#endif
#include <db.h>
configure:23552: result: no
configure:23556: checking db.h presence
configure:23563: /home/tyu/Documents/llvm/Release+Asserts/bin/clang -E  -D_REENTRANT -D_GNU_SOURCE conftest.c
configure:23559:10: fatal error: 'db.h' file not found
#include <db.h>
         ^
1 error generated.
configure:23569: $? = 1
configure: failed program was:
#line 23558 "configure"
#include "confdefs.h"
#include <db.h>
configure:23587: result: no
configure:23605: checking for db.h
configure:23612: result: no
configure:23525: checking db4/db.h usability
configure:23534: /home/tyu/Documents/llvm/Release+Asserts/bin/clang -c -emit-llvm -flto -g -pthread  -D_REENTRANT -D_GNU_SOURCE conftest.c >&5
clang: warning: argument unused during compilation: '-flto'
configure:23562:10: fatal error: 'db4/db.h' file not found
#include <db4/db.h>
         ^
1 error generated.
configure:23537: $? = 1
configure: failed program was:
#line 23527 "configure"
#include "confdefs.h"
#include <stdio.h>
#if HAVE_SYS_TYPES_H
# include <sys/types.h>
#endif
#if HAVE_SYS_STAT_H
# include <sys/stat.h>
#endif
#if STDC_HEADERS
# include <stdlib.h>
# include <stddef.h>
#else
# if HAVE_STDLIB_H
#  include <stdlib.h>
# endif
#endif
#if HAVE_STRING_H
# if !STDC_HEADERS && HAVE_MEMORY_H
#  include <memory.h>
# endif
# include <string.h>
#endif
#if HAVE_STRINGS_H
# include <strings.h>
#endif
#if HAVE_INTTYPES_H
# include <inttypes.h>
#else
# if HAVE_STDINT_H
#  include <stdint.h>
# endif
#endif
#if HAVE_UNISTD_H
# include <unistd.h>
#endif
#include <db4/db.h>
configure:23552: result: no
configure:23556: checking db4/db.h presence
configure:23563: /home/tyu/Documents/llvm/Release+Asserts/bin/clang -E  -D_REENTRANT -D_GNU_SOURCE conftest.c
configure:23559:10: fatal error: 'db4/db.h' file not found
#include <db4/db.h>
         ^
1 error generated.
configure:23569: $? = 1
configure: failed program was:
#line 23558 "configure"
#include "confdefs.h"
#include <db4/db.h>
configure:23587: result: no
configure:23605: checking for db4/db.h
configure:23612: result: no
configure:23525: checking db.h usability
configure:23534: /home/tyu/Documents/llvm/Release+Asserts/bin/clang -c -emit-llvm -flto -g -pthread  -D_REENTRANT -D_GNU_SOURCE conftest.c >&5
clang: warning: argument unused during compilation: '-flto'
configure:23562:10: fatal error: 'db.h' file not found
#include <db.h>
         ^
1 error generated.
configure:23537: $? = 1
configure: failed program was:
#line 23527 "configure"
#include "confdefs.h"
#include <stdio.h>
#if HAVE_SYS_TYPES_H
# include <sys/types.h>
#endif
#if HAVE_SYS_STAT_H
# include <sys/stat.h>
#endif
#if STDC_HEADERS
# include <stdlib.h>
# include <stddef.h>
#else
# if HAVE_STDLIB_H
#  include <stdlib.h>
# endif
#endif
#if HAVE_STRING_H
# if !STDC_HEADERS && HAVE_MEMORY_H
#  include <memory.h>
# endif
# include <string.h>
#endif
#if HAVE_STRINGS_H
# include <strings.h>
#endif
#if HAVE_INTTYPES_H
# include <inttypes.h>
#else
# if HAVE_STDINT_H
#  include <stdint.h>
# endif
#endif
#if HAVE_UNISTD_H
# include <unistd.h>
#endif
#include <db.h>
configure:23552: result: no
configure:23556: checking db.h presence
configure:23563: /home/tyu/Documents/llvm/Release+Asserts/bin/clang -E  -D_REENTRANT -D_GNU_SOURCE conftest.c
configure:23559:10: fatal error: 'db.h' file not found
#include <db.h>
         ^
1 error generated.
configure:23569: $? = 1
configure: failed program was:
#line 23558 "configure"
#include "confdefs.h"
#include <db.h>
configure:23587: result: no
configure:23605: checking for db.h
configure:23612: result: no
configure:23525: checking db4/db.h usability
configure:23534: /home/tyu/Documents/llvm/Release+Asserts/bin/clang -c -emit-llvm -flto -g -pthread  -D_REENTRANT -D_GNU_SOURCE conftest.c >&5
clang: warning: argument unused during compilation: '-flto'
configure:23562:10: fatal error: 'db4/db.h' file not found
#include <db4/db.h>
         ^
1 error generated.
configure:23537: $? = 1
configure: failed program was:
#line 23527 "configure"
#include "confdefs.h"
#include <stdio.h>
#if HAVE_SYS_TYPES_H
# include <sys/types.h>
#endif
#if HAVE_SYS_STAT_H
# include <sys/stat.h>
#endif
#if STDC_HEADERS
# include <stdlib.h>
# include <stddef.h>
#else
# if HAVE_STDLIB_H
#  include <stdlib.h>
# endif
#endif
#if HAVE_STRING_H
# if !STDC_HEADERS && HAVE_MEMORY_H
#  include <memory.h>
# endif
# include <string.h>
#endif
#if HAVE_STRINGS_H
# include <strings.h>
#endif
#if HAVE_INTTYPES_H
# include <inttypes.h>
#else
# if HAVE_STDINT_H
#  include <stdint.h>
# endif
#endif
#if HAVE_UNISTD_H
# include <unistd.h>
#endif
#include <db4/db.h>
configure:23552: result: no
configure:23556: checking db4/db.h presence
configure:23563: /home/tyu/Documents/llvm/Release+Asserts/bin/clang -E  -D_REENTRANT -D_GNU_SOURCE conftest.c
configure:23559:10: fatal error: 'db4/db.h' file not found
#include <db4/db.h>
         ^
1 error generated.
configure:23569: $? = 1
configure: failed program was:
#line 23558 "configure"
#include "confdefs.h"
#include <db4/db.h>
configure:23587: result: no
configure:23605: checking for db4/db.h
configure:23612: result: no
configure:23525: checking db.h usability
configure:23534: /home/tyu/Documents/llvm/Release+Asserts/bin/clang -c -emit-llvm -flto -g -pthread  -D_REENTRANT -D_GNU_SOURCE conftest.c >&5
clang: warning: argument unused during compilation: '-flto'
configure:23562:10: fatal error: 'db.h' file not found
#include <db.h>
         ^
1 error generated.
configure:23537: $? = 1
configure: failed program was:
#line 23527 "configure"
#include "confdefs.h"
#include <stdio.h>
#if HAVE_SYS_TYPES_H
# include <sys/types.h>
#endif
#if HAVE_SYS_STAT_H
# include <sys/stat.h>
#endif
#if STDC_HEADERS
# include <stdlib.h>
# include <stddef.h>
#else
# if HAVE_STDLIB_H
#  include <stdlib.h>
# endif
#endif
#if HAVE_STRING_H
# if !STDC_HEADERS && HAVE_MEMORY_H
#  include <memory.h>
# endif
# include <string.h>
#endif
#if HAVE_STRINGS_H
# include <strings.h>
#endif
#if HAVE_INTTYPES_H
# include <inttypes.h>
#else
# if HAVE_STDINT_H
#  include <stdint.h>
# endif
#endif
#if HAVE_UNISTD_H
# include <unistd.h>
#endif
#include <db.h>
configure:23552: result: no
configure:23556: checking db.h presence
configure:23563: /home/tyu/Documents/llvm/Release+Asserts/bin/clang -E  -D_REENTRANT -D_GNU_SOURCE conftest.c
configure:23559:10: fatal error: 'db.h' file not found
#include <db.h>
         ^
1 error generated.
configure:23569: $? = 1
configure: failed program was:
#line 23558 "configure"
#include "confdefs.h"
#include <db.h>
configure:23587: result: no
configure:23605: checking for db.h
configure:23612: result: no
configure:23501: checking checking for Berkeley DB 4.1 in /usr/local/BerkeleyDB.4.1
configure:23503: result: 
configure:23525: checking db4/db.h usability
configure:23534: /home/tyu/Documents/llvm/Release+Asserts/bin/clang -c -emit-llvm -flto -g -pthread  -D_REENTRANT -D_GNU_SOURCE -I/usr/local/BerkeleyDB.4.1/include conftest.c >&5
clang: warning: argument unused during compilation: '-flto'
configure:23562:10: fatal error: 'db4/db.h' file not found
#include <db4/db.h>
         ^
1 error generated.
configure:23537: $? = 1
configure: failed program was:
#line 23527 "configure"
#include "confdefs.h"
#include <stdio.h>
#if HAVE_SYS_TYPES_H
# include <sys/types.h>
#endif
#if HAVE_SYS_STAT_H
# include <sys/stat.h>
#endif
#if STDC_HEADERS
# include <stdlib.h>
# include <stddef.h>
#else
# if HAVE_STDLIB_H
#  include <stdlib.h>
# endif
#endif
#if HAVE_STRING_H
# if !STDC_HEADERS && HAVE_MEMORY_H
#  include <memory.h>
# endif
# include <string.h>
#endif
#if HAVE_STRINGS_H
# include <strings.h>
#endif
#if HAVE_INTTYPES_H
# include <inttypes.h>
#else
# if HAVE_STDINT_H
#  include <stdint.h>
# endif
#endif
#if HAVE_UNISTD_H
# include <unistd.h>
#endif
#include <db4/db.h>
configure:23552: result: no
configure:23556: checking db4/db.h presence
configure:23563: /home/tyu/Documents/llvm/Release+Asserts/bin/clang -E  -D_REENTRANT -D_GNU_SOURCE -I/usr/local/BerkeleyDB.4.1/include conftest.c
configure:23559:10: fatal error: 'db4/db.h' file not found
#include <db4/db.h>
         ^
1 error generated.
configure:23569: $? = 1
configure: failed program was:
#line 23558 "configure"
#include "confdefs.h"
#include <db4/db.h>
configure:23587: result: no
configure:23605: checking for db4/db.h
configure:23612: result: no
configure:23525: checking db.h usability
configure:23534: /home/tyu/Documents/llvm/Release+Asserts/bin/clang -c -emit-llvm -flto -g -pthread  -D_REENTRANT -D_GNU_SOURCE -I/usr/local/BerkeleyDB.4.1/include conftest.c >&5
clang: warning: argument unused during compilation: '-flto'
configure:23562:10: fatal error: 'db.h' file not found
#include <db.h>
         ^
1 error generated.
configure:23537: $? = 1
configure: failed program was:
#line 23527 "configure"
#include "confdefs.h"
#include <stdio.h>
#if HAVE_SYS_TYPES_H
# include <sys/types.h>
#endif
#if HAVE_SYS_STAT_H
# include <sys/stat.h>
#endif
#if STDC_HEADERS
# include <stdlib.h>
# include <stddef.h>
#else
# if HAVE_STDLIB_H
#  include <stdlib.h>
# endif
#endif
#if HAVE_STRING_H
# if !STDC_HEADERS && HAVE_MEMORY_H
#  include <memory.h>
# endif
# include <string.h>
#endif
#if HAVE_STRINGS_H
# include <strings.h>
#endif
#if HAVE_INTTYPES_H
# include <inttypes.h>
#else
# if HAVE_STDINT_H
#  include <stdint.h>
# endif
#endif
#if HAVE_UNISTD_H
# include <unistd.h>
#endif
#include <db.h>
configure:23552: result: no
configure:23556: checking db.h presence
configure:23563: /home/tyu/Documents/llvm/Release+Asserts/bin/clang -E  -D_REENTRANT -D_GNU_SOURCE -I/usr/local/BerkeleyDB.4.1/include conftest.c
configure:23559:10: fatal error: 'db.h' file not found
#include <db.h>
         ^
1 error generated.
configure:23569: $? = 1
configure: failed program was:
#line 23558 "configure"
#include "confdefs.h"
#include <db.h>
configure:23587: result: no
configure:23605: checking for db.h
configure:23612: result: no
configure:23525: checking db4/db.h usability
configure:23534: /home/tyu/Documents/llvm/Release+Asserts/bin/clang -c -emit-llvm -flto -g -pthread  -D_REENTRANT -D_GNU_SOURCE -I/usr/local/BerkeleyDB.4.1/include conftest.c >&5
clang: warning: argument unused during compilation: '-flto'
configure:23562:10: fatal error: 'db4/db.h' file not found
#include <db4/db.h>
         ^
1 error generated.
configure:23537: $? = 1
configure: failed program was:
#line 23527 "configure"
#include "confdefs.h"
#include <stdio.h>
#if HAVE_SYS_TYPES_H
# include <sys/types.h>
#endif
#if HAVE_SYS_STAT_H
# include <sys/stat.h>
#endif
#if STDC_HEADERS
# include <stdlib.h>
# include <stddef.h>
#else
# if HAVE_STDLIB_H
#  include <stdlib.h>
# endif
#endif
#if HAVE_STRING_H
# if !STDC_HEADERS && HAVE_MEMORY_H
#  include <memory.h>
# endif
# include <string.h>
#endif
#if HAVE_STRINGS_H
# include <strings.h>
#endif
#if HAVE_INTTYPES_H
# include <inttypes.h>
#else
# if HAVE_STDINT_H
#  include <stdint.h>
# endif
#endif
#if HAVE_UNISTD_H
# include <unistd.h>
#endif
#include <db4/db.h>
configure:23552: result: no
configure:23556: checking db4/db.h presence
configure:23563: /home/tyu/Documents/llvm/Release+Asserts/bin/clang -E  -D_REENTRANT -D_GNU_SOURCE -I/usr/local/BerkeleyDB.4.1/include conftest.c
configure:23559:10: fatal error: 'db4/db.h' file not found
#include <db4/db.h>
         ^
1 error generated.
configure:23569: $? = 1
configure: failed program was:
#line 23558 "configure"
#include "confdefs.h"
#include <db4/db.h>
configure:23587: result: no
configure:23605: checking for db4/db.h
configure:23612: result: no
configure:23525: checking db.h usability
configure:23534: /home/tyu/Documents/llvm/Release+Asserts/bin/clang -c -emit-llvm -flto -g -pthread  -D_REENTRANT -D_GNU_SOURCE -I/usr/local/BerkeleyDB.4.1/include conftest.c >&5
clang: warning: argument unused during compilation: '-flto'
configure:23562:10: fatal error: 'db.h' file not found
#include <db.h>
         ^
1 error generated.
configure:23537: $? = 1
configure: failed program was:
#line 23527 "configure"
#include "confdefs.h"
#include <stdio.h>
#if HAVE_SYS_TYPES_H
# include <sys/types.h>
#endif
#if HAVE_SYS_STAT_H
# include <sys/stat.h>
#endif
#if STDC_HEADERS
# include <stdlib.h>
# include <stddef.h>
#else
# if HAVE_STDLIB_H
#  include <stdlib.h>
# endif
#endif
#if HAVE_STRING_H
# if !STDC_HEADERS && HAVE_MEMORY_H
#  include <memory.h>
# endif
# include <string.h>
#endif
#if HAVE_STRINGS_H
# include <strings.h>
#endif
#if HAVE_INTTYPES_H
# include <inttypes.h>
#else
# if HAVE_STDINT_H
#  include <stdint.h>
# endif
#endif
#if HAVE_UNISTD_H
# include <unistd.h>
#endif
#include <db.h>
configure:23552: result: no
configure:23556: checking db.h presence
configure:23563: /home/tyu/Documents/llvm/Release+Asserts/bin/clang -E  -D_REENTRANT -D_GNU_SOURCE -I/usr/local/BerkeleyDB.4.1/include conftest.c
configure:23559:10: fatal error: 'db.h' file not found
#include <db.h>
         ^
1 error generated.
configure:23569: $? = 1
configure: failed program was:
#line 23558 "configure"
#include "confdefs.h"
#include <db.h>
configure:23587: result: no
configure:23605: checking for db.h
configure:23612: result: no
configure:23525: checking db4/db.h usability
configure:23534: /home/tyu/Documents/llvm/Release+Asserts/bin/clang -c -emit-llvm -flto -g -pthread  -D_REENTRANT -D_GNU_SOURCE -I/usr/local/BerkeleyDB.4.1/include conftest.c >&5
clang: warning: argument unused during compilation: '-flto'
configure:23562:10: fatal error: 'db4/db.h' file not found
#include <db4/db.h>
         ^
1 error generated.
configure:23537: $? = 1
configure: failed program was:
#line 23527 "configure"
#include "confdefs.h"
#include <stdio.h>
#if HAVE_SYS_TYPES_H
# include <sys/types.h>
#endif
#if HAVE_SYS_STAT_H
# include <sys/stat.h>
#endif
#if STDC_HEADERS
# include <stdlib.h>
# include <stddef.h>
#else
# if HAVE_STDLIB_H
#  include <stdlib.h>
# endif
#endif
#if HAVE_STRING_H
# if !STDC_HEADERS && HAVE_MEMORY_H
#  include <memory.h>
# endif
# include <string.h>
#endif
#if HAVE_STRINGS_H
# include <strings.h>
#endif
#if HAVE_INTTYPES_H
# include <inttypes.h>
#else
# if HAVE_STDINT_H
#  include <stdint.h>
# endif
#endif
#if HAVE_UNISTD_H
# include <unistd.h>
#endif
#include <db4/db.h>
configure:23552: result: no
configure:23556: checking db4/db.h presence
configure:23563: /home/tyu/Documents/llvm/Release+Asserts/bin/clang -E  -D_REENTRANT -D_GNU_SOURCE -I/usr/local/BerkeleyDB.4.1/include conftest.c
configure:23559:10: fatal error: 'db4/db.h' file not found
#include <db4/db.h>
         ^
1 error generated.
configure:23569: $? = 1
configure: failed program was:
#line 23558 "configure"
#include "confdefs.h"
#include <db4/db.h>
configure:23587: result: no
configure:23605: checking for db4/db.h
configure:23612: result: no
configure:23525: checking db.h usability
configure:23534: /home/tyu/Documents/llvm/Release+Asserts/bin/clang -c -emit-llvm -flto -g -pthread  -D_REENTRANT -D_GNU_SOURCE -I/usr/local/BerkeleyDB.4.1/include conftest.c >&5
clang: warning: argument unused during compilation: '-flto'
configure:23562:10: fatal error: 'db.h' file not found
#include <db.h>
         ^
1 error generated.
configure:23537: $? = 1
configure: failed program was:
#line 23527 "configure"
#include "confdefs.h"
#include <stdio.h>
#if HAVE_SYS_TYPES_H
# include <sys/types.h>
#endif
#if HAVE_SYS_STAT_H
# include <sys/stat.h>
#endif
#if STDC_HEADERS
# include <stdlib.h>
# include <stddef.h>
#else
# if HAVE_STDLIB_H
#  include <stdlib.h>
# endif
#endif
#if HAVE_STRING_H
# if !STDC_HEADERS && HAVE_MEMORY_H
#  include <memory.h>
# endif
# include <string.h>
#endif
#if HAVE_STRINGS_H
# include <strings.h>
#endif
#if HAVE_INTTYPES_H
# include <inttypes.h>
#else
# if HAVE_STDINT_H
#  include <stdint.h>
# endif
#endif
#if HAVE_UNISTD_H
# include <unistd.h>
#endif
#include <db.h>
configure:23552: result: no
configure:23556: checking db.h presence
configure:23563: /home/tyu/Documents/llvm/Release+Asserts/bin/clang -E  -D_REENTRANT -D_GNU_SOURCE -I/usr/local/BerkeleyDB.4.1/include conftest.c
configure:23559:10: fatal error: 'db.h' file not found
#include <db.h>
         ^
1 error generated.
configure:23569: $? = 1
configure: failed program was:
#line 23558 "configure"
#include "confdefs.h"
#include <db.h>
configure:23587: result: no
configure:23605: checking for db.h
configure:23612: result: no
configure:24025: checking checking for Berkeley DB 4.0 in the standard places
configure:24027: result: 
configure:24049: checking db4/db.h usability
configure:24058: /home/tyu/Documents/llvm/Release+Asserts/bin/clang -c -emit-llvm -flto -g -pthread  -D_REENTRANT -D_GNU_SOURCE conftest.c >&5
clang: warning: argument unused during compilation: '-flto'
configure:24086:10: fatal error: 'db4/db.h' file not found
#include <db4/db.h>
         ^
1 error generated.
configure:24061: $? = 1
configure: failed program was:
#line 24051 "configure"
#include "confdefs.h"
#include <stdio.h>
#if HAVE_SYS_TYPES_H
# include <sys/types.h>
#endif
#if HAVE_SYS_STAT_H
# include <sys/stat.h>
#endif
#if STDC_HEADERS
# include <stdlib.h>
# include <stddef.h>
#else
# if HAVE_STDLIB_H
#  include <stdlib.h>
# endif
#endif
#if HAVE_STRING_H
# if !STDC_HEADERS && HAVE_MEMORY_H
#  include <memory.h>
# endif
# include <string.h>
#endif
#if HAVE_STRINGS_H
# include <strings.h>
#endif
#if HAVE_INTTYPES_H
# include <inttypes.h>
#else
# if HAVE_STDINT_H
#  include <stdint.h>
# endif
#endif
#if HAVE_UNISTD_H
# include <unistd.h>
#endif
#include <db4/db.h>
configure:24076: result: no
configure:24080: checking db4/db.h presence
configure:24087: /home/tyu/Documents/llvm/Release+Asserts/bin/clang -E  -D_REENTRANT -D_GNU_SOURCE conftest.c
configure:24083:10: fatal error: 'db4/db.h' file not found
#include <db4/db.h>
         ^
1 error generated.
configure:24093: $? = 1
configure: failed program was:
#line 24082 "configure"
#include "confdefs.h"
#include <db4/db.h>
configure:24111: result: no
configure:24129: checking for db4/db.h
configure:24136: result: no
configure:24049: checking db.h usability
configure:24058: /home/tyu/Documents/llvm/Release+Asserts/bin/clang -c -emit-llvm -flto -g -pthread  -D_REENTRANT -D_GNU_SOURCE conftest.c >&5
clang: warning: argument unused during compilation: '-flto'
configure:24086:10: fatal error: 'db.h' file not found
#include <db.h>
         ^
1 error generated.
configure:24061: $? = 1
configure: failed program was:
#line 24051 "configure"
#include "confdefs.h"
#include <stdio.h>
#if HAVE_SYS_TYPES_H
# include <sys/types.h>
#endif
#if HAVE_SYS_STAT_H
# include <sys/stat.h>
#endif
#if STDC_HEADERS
# include <stdlib.h>
# include <stddef.h>
#else
# if HAVE_STDLIB_H
#  include <stdlib.h>
# endif
#endif
#if HAVE_STRING_H
# if !STDC_HEADERS && HAVE_MEMORY_H
#  include <memory.h>
# endif
# include <string.h>
#endif
#if HAVE_STRINGS_H
# include <strings.h>
#endif
#if HAVE_INTTYPES_H
# include <inttypes.h>
#else
# if HAVE_STDINT_H
#  include <stdint.h>
# endif
#endif
#if HAVE_UNISTD_H
# include <unistd.h>
#endif
#include <db.h>
configure:24076: result: no
configure:24080: checking db.h presence
configure:24087: /home/tyu/Documents/llvm/Release+Asserts/bin/clang -E  -D_REENTRANT -D_GNU_SOURCE conftest.c
configure:24083:10: fatal error: 'db.h' file not found
#include <db.h>
         ^
1 error generated.
configure:24093: $? = 1
configure: failed program was:
#line 24082 "configure"
#include "confdefs.h"
#include <db.h>
configure:24111: result: no
configure:24129: checking for db.h
configure:24136: result: no
configure:24049: checking db4/db.h usability
configure:24058: /home/tyu/Documents/llvm/Release+Asserts/bin/clang -c -emit-llvm -flto -g -pthread  -D_REENTRANT -D_GNU_SOURCE conftest.c >&5
clang: warning: argument unused during compilation: '-flto'
configure:24086:10: fatal error: 'db4/db.h' file not found
#include <db4/db.h>
         ^
1 error generated.
configure:24061: $? = 1
configure: failed program was:
#line 24051 "configure"
#include "confdefs.h"
#include <stdio.h>
#if HAVE_SYS_TYPES_H
# include <sys/types.h>
#endif
#if HAVE_SYS_STAT_H
# include <sys/stat.h>
#endif
#if STDC_HEADERS
# include <stdlib.h>
# include <stddef.h>
#else
# if HAVE_STDLIB_H
#  include <stdlib.h>
# endif
#endif
#if HAVE_STRING_H
# if !STDC_HEADERS && HAVE_MEMORY_H
#  include <memory.h>
# endif
# include <string.h>
#endif
#if HAVE_STRINGS_H
# include <strings.h>
#endif
#if HAVE_INTTYPES_H
# include <inttypes.h>
#else
# if HAVE_STDINT_H
#  include <stdint.h>
# endif
#endif
#if HAVE_UNISTD_H
# include <unistd.h>
#endif
#include <db4/db.h>
configure:24076: result: no
configure:24080: checking db4/db.h presence
configure:24087: /home/tyu/Documents/llvm/Release+Asserts/bin/clang -E  -D_REENTRANT -D_GNU_SOURCE conftest.c
configure:24083:10: fatal error: 'db4/db.h' file not found
#include <db4/db.h>
         ^
1 error generated.
configure:24093: $? = 1
configure: failed program was:
#line 24082 "configure"
#include "confdefs.h"
#include <db4/db.h>
configure:24111: result: no
configure:24129: checking for db4/db.h
configure:24136: result: no
configure:24049: checking db.h usability
configure:24058: /home/tyu/Documents/llvm/Release+Asserts/bin/clang -c -emit-llvm -flto -g -pthread  -D_REENTRANT -D_GNU_SOURCE conftest.c >&5
clang: warning: argument unused during compilation: '-flto'
configure:24086:10: fatal error: 'db.h' file not found
#include <db.h>
         ^
1 error generated.
configure:24061: $? = 1
configure: failed program was:
#line 24051 "configure"
#include "confdefs.h"
#include <stdio.h>
#if HAVE_SYS_TYPES_H
# include <sys/types.h>
#endif
#if HAVE_SYS_STAT_H
# include <sys/stat.h>
#endif
#if STDC_HEADERS
# include <stdlib.h>
# include <stddef.h>
#else
# if HAVE_STDLIB_H
#  include <stdlib.h>
# endif
#endif
#if HAVE_STRING_H
# if !STDC_HEADERS && HAVE_MEMORY_H
#  include <memory.h>
# endif
# include <string.h>
#endif
#if HAVE_STRINGS_H
# include <strings.h>
#endif
#if HAVE_INTTYPES_H
# include <inttypes.h>
#else
# if HAVE_STDINT_H
#  include <stdint.h>
# endif
#endif
#if HAVE_UNISTD_H
# include <unistd.h>
#endif
#include <db.h>
configure:24076: result: no
configure:24080: checking db.h presence
configure:24087: /home/tyu/Documents/llvm/Release+Asserts/bin/clang -E  -D_REENTRANT -D_GNU_SOURCE conftest.c
configure:24083:10: fatal error: 'db.h' file not found
#include <db.h>
         ^
1 error generated.
configure:24093: $? = 1
configure: failed program was:
#line 24082 "configure"
#include "confdefs.h"
#include <db.h>
configure:24111: result: no
configure:24129: checking for db.h
configure:24136: result: no
configure:24049: checking db4/db.h usability
configure:24058: /home/tyu/Documents/llvm/Release+Asserts/bin/clang -c -emit-llvm -flto -g -pthread  -D_REENTRANT -D_GNU_SOURCE conftest.c >&5
clang: warning: argument unused during compilation: '-flto'
configure:24086:10: fatal error: 'db4/db.h' file not found
#include <db4/db.h>
         ^
1 error generated.
configure:24061: $? = 1
configure: failed program was:
#line 24051 "configure"
#include "confdefs.h"
#include <stdio.h>
#if HAVE_SYS_TYPES_H
# include <sys/types.h>
#endif
#if HAVE_SYS_STAT_H
# include <sys/stat.h>
#endif
#if STDC_HEADERS
# include <stdlib.h>
# include <stddef.h>
#else
# if HAVE_STDLIB_H
#  include <stdlib.h>
# endif
#endif
#if HAVE_STRING_H
# if !STDC_HEADERS && HAVE_MEMORY_H
#  include <memory.h>
# endif
# include <string.h>
#endif
#if HAVE_STRINGS_H
# include <strings.h>
#endif
#if HAVE_INTTYPES_H
# include <inttypes.h>
#else
# if HAVE_STDINT_H
#  include <stdint.h>
# endif
#endif
#if HAVE_UNISTD_H
# include <unistd.h>
#endif
#include <db4/db.h>
configure:24076: result: no
configure:24080: checking db4/db.h presence
configure:24087: /home/tyu/Documents/llvm/Release+Asserts/bin/clang -E  -D_REENTRANT -D_GNU_SOURCE conftest.c
configure:24083:10: fatal error: 'db4/db.h' file not found
#include <db4/db.h>
         ^
1 error generated.
configure:24093: $? = 1
configure: failed program was:
#line 24082 "configure"
#include "confdefs.h"
#include <db4/db.h>
configure:24111: result: no
configure:24129: checking for db4/db.h
configure:24136: result: no
configure:24049: checking db.h usability
configure:24058: /home/tyu/Documents/llvm/Release+Asserts/bin/clang -c -emit-llvm -flto -g -pthread  -D_REENTRANT -D_GNU_SOURCE conftest.c >&5
clang: warning: argument unused during compilation: '-flto'
configure:24086:10: fatal error: 'db.h' file not found
#include <db.h>
         ^
1 error generated.
configure:24061: $? = 1
configure: failed program was:
#line 24051 "configure"
#include "confdefs.h"
#include <stdio.h>
#if HAVE_SYS_TYPES_H
# include <sys/types.h>
#endif
#if HAVE_SYS_STAT_H
# include <sys/stat.h>
#endif
#if STDC_HEADERS
# include <stdlib.h>
# include <stddef.h>
#else
# if HAVE_STDLIB_H
#  include <stdlib.h>
# endif
#endif
#if HAVE_STRING_H
# if !STDC_HEADERS && HAVE_MEMORY_H
#  include <memory.h>
# endif
# include <string.h>
#endif
#if HAVE_STRINGS_H
# include <strings.h>
#endif
#if HAVE_INTTYPES_H
# include <inttypes.h>
#else
# if HAVE_STDINT_H
#  include <stdint.h>
# endif
#endif
#if HAVE_UNISTD_H
# include <unistd.h>
#endif
#include <db.h>
configure:24076: result: no
configure:24080: checking db.h presence
configure:24087: /home/tyu/Documents/llvm/Release+Asserts/bin/clang -E  -D_REENTRANT -D_GNU_SOURCE conftest.c
configure:24083:10: fatal error: 'db.h' file not found
#include <db.h>
         ^
1 error generated.
configure:24093: $? = 1
configure: failed program was:
#line 24082 "configure"
#include "confdefs.h"
#include <db.h>
configure:24111: result: no
configure:24129: checking for db.h
configure:24136: result: no
configure:24025: checking checking for Berkeley DB 4.0 in /usr/local
configure:24027: result: 
configure:24049: checking db4/db.h usability
configure:24058: /home/tyu/Documents/llvm/Release+Asserts/bin/clang -c -emit-llvm -flto -g -pthread  -D_REENTRANT -D_GNU_SOURCE -I/usr/local/include conftest.c >&5
clang: warning: argument unused during compilation: '-flto'
configure:24086:10: fatal error: 'db4/db.h' file not found
#include <db4/db.h>
         ^
1 error generated.
configure:24061: $? = 1
configure: failed program was:
#line 24051 "configure"
#include "confdefs.h"
#include <stdio.h>
#if HAVE_SYS_TYPES_H
# include <sys/types.h>
#endif
#if HAVE_SYS_STAT_H
# include <sys/stat.h>
#endif
#if STDC_HEADERS
# include <stdlib.h>
# include <stddef.h>
#else
# if HAVE_STDLIB_H
#  include <stdlib.h>
# endif
#endif
#if HAVE_STRING_H
# if !STDC_HEADERS && HAVE_MEMORY_H
#  include <memory.h>
# endif
# include <string.h>
#endif
#if HAVE_STRINGS_H
# include <strings.h>
#endif
#if HAVE_INTTYPES_H
# include <inttypes.h>
#else
# if HAVE_STDINT_H
#  include <stdint.h>
# endif
#endif
#if HAVE_UNISTD_H
# include <unistd.h>
#endif
#include <db4/db.h>
configure:24076: result: no
configure:24080: checking db4/db.h presence
configure:24087: /home/tyu/Documents/llvm/Release+Asserts/bin/clang -E  -D_REENTRANT -D_GNU_SOURCE -I/usr/local/include conftest.c
configure:24083:10: fatal error: 'db4/db.h' file not found
#include <db4/db.h>
         ^
1 error generated.
configure:24093: $? = 1
configure: failed program was:
#line 24082 "configure"
#include "confdefs.h"
#include <db4/db.h>
configure:24111: result: no
configure:24129: checking for db4/db.h
configure:24136: result: no
configure:24049: checking db.h usability
configure:24058: /home/tyu/Documents/llvm/Release+Asserts/bin/clang -c -emit-llvm -flto -g -pthread  -D_REENTRANT -D_GNU_SOURCE -I/usr/local/include conftest.c >&5
clang: warning: argument unused during compilation: '-flto'
configure:24086:10: fatal error: 'db.h' file not found
#include <db.h>
         ^
1 error generated.
configure:24061: $? = 1
configure: failed program was:
#line 24051 "configure"
#include "confdefs.h"
#include <stdio.h>
#if HAVE_SYS_TYPES_H
# include <sys/types.h>
#endif
#if HAVE_SYS_STAT_H
# include <sys/stat.h>
#endif
#if STDC_HEADERS
# include <stdlib.h>
# include <stddef.h>
#else
# if HAVE_STDLIB_H
#  include <stdlib.h>
# endif
#endif
#if HAVE_STRING_H
# if !STDC_HEADERS && HAVE_MEMORY_H
#  include <memory.h>
# endif
# include <string.h>
#endif
#if HAVE_STRINGS_H
# include <strings.h>
#endif
#if HAVE_INTTYPES_H
# include <inttypes.h>
#else
# if HAVE_STDINT_H
#  include <stdint.h>
# endif
#endif
#if HAVE_UNISTD_H
# include <unistd.h>
#endif
#include <db.h>
configure:24076: result: no
configure:24080: checking db.h presence
configure:24087: /home/tyu/Documents/llvm/Release+Asserts/bin/clang -E  -D_REENTRANT -D_GNU_SOURCE -I/usr/local/include conftest.c
configure:24083:10: fatal error: 'db.h' file not found
#include <db.h>
         ^
1 error generated.
configure:24093: $? = 1
configure: failed program was:
#line 24082 "configure"
#include "confdefs.h"
#include <db.h>
configure:24111: result: no
configure:24129: checking for db.h
configure:24136: result: no
configure:24049: checking db4/db.h usability
configure:24058: /home/tyu/Documents/llvm/Release+Asserts/bin/clang -c -emit-llvm -flto -g -pthread  -D_REENTRANT -D_GNU_SOURCE -I/usr/local/include conftest.c >&5
clang: warning: argument unused during compilation: '-flto'
configure:24086:10: fatal error: 'db4/db.h' file not found
#include <db4/db.h>
         ^
1 error generated.
configure:24061: $? = 1
configure: failed program was:
#line 24051 "configure"
#include "confdefs.h"
#include <stdio.h>
#if HAVE_SYS_TYPES_H
# include <sys/types.h>
#endif
#if HAVE_SYS_STAT_H
# include <sys/stat.h>
#endif
#if STDC_HEADERS
# include <stdlib.h>
# include <stddef.h>
#else
# if HAVE_STDLIB_H
#  include <stdlib.h>
# endif
#endif
#if HAVE_STRING_H
# if !STDC_HEADERS && HAVE_MEMORY_H
#  include <memory.h>
# endif
# include <string.h>
#endif
#if HAVE_STRINGS_H
# include <strings.h>
#endif
#if HAVE_INTTYPES_H
# include <inttypes.h>
#else
# if HAVE_STDINT_H
#  include <stdint.h>
# endif
#endif
#if HAVE_UNISTD_H
# include <unistd.h>
#endif
#include <db4/db.h>
configure:24076: result: no
configure:24080: checking db4/db.h presence
configure:24087: /home/tyu/Documents/llvm/Release+Asserts/bin/clang -E  -D_REENTRANT -D_GNU_SOURCE -I/usr/local/include conftest.c
configure:24083:10: fatal error: 'db4/db.h' file not found
#include <db4/db.h>
         ^
1 error generated.
configure:24093: $? = 1
configure: failed program was:
#line 24082 "configure"
#include "confdefs.h"
#include <db4/db.h>
configure:24111: result: no
configure:24129: checking for db4/db.h
configure:24136: result: no
configure:24049: checking db.h usability
configure:24058: /home/tyu/Documents/llvm/Release+Asserts/bin/clang -c -emit-llvm -flto -g -pthread  -D_REENTRANT -D_GNU_SOURCE -I/usr/local/include conftest.c >&5
clang: warning: argument unused during compilation: '-flto'
configure:24086:10: fatal error: 'db.h' file not found
#include <db.h>
         ^
1 error generated.
configure:24061: $? = 1
configure: failed program was:
#line 24051 "configure"
#include "confdefs.h"
#include <stdio.h>
#if HAVE_SYS_TYPES_H
# include <sys/types.h>
#endif
#if HAVE_SYS_STAT_H
# include <sys/stat.h>
#endif
#if STDC_HEADERS
# include <stdlib.h>
# include <stddef.h>
#else
# if HAVE_STDLIB_H
#  include <stdlib.h>
# endif
#endif
#if HAVE_STRING_H
# if !STDC_HEADERS && HAVE_MEMORY_H
#  include <memory.h>
# endif
# include <string.h>
#endif
#if HAVE_STRINGS_H
# include <strings.h>
#endif
#if HAVE_INTTYPES_H
# include <inttypes.h>
#else
# if HAVE_STDINT_H
#  include <stdint.h>
# endif
#endif
#if HAVE_UNISTD_H
# include <unistd.h>
#endif
#include <db.h>
configure:24076: result: no
configure:24080: checking db.h presence
configure:24087: /home/tyu/Documents/llvm/Release+Asserts/bin/clang -E  -D_REENTRANT -D_GNU_SOURCE -I/usr/local/include conftest.c
configure:24083:10: fatal error: 'db.h' file not found
#include <db.h>
         ^
1 error generated.
configure:24093: $? = 1
configure: failed program was:
#line 24082 "configure"
#include "confdefs.h"
#include <db.h>
configure:24111: result: no
configure:24129: checking for db.h
configure:24136: result: no
configure:24049: checking db4/db.h usability
configure:24058: /home/tyu/Documents/llvm/Release+Asserts/bin/clang -c -emit-llvm -flto -g -pthread  -D_REENTRANT -D_GNU_SOURCE -I/usr/local/include conftest.c >&5
clang: warning: argument unused during compilation: '-flto'
configure:24086:10: fatal error: 'db4/db.h' file not found
#include <db4/db.h>
         ^
1 error generated.
configure:24061: $? = 1
configure: failed program was:
#line 24051 "configure"
#include "confdefs.h"
#include <stdio.h>
#if HAVE_SYS_TYPES_H
# include <sys/types.h>
#endif
#if HAVE_SYS_STAT_H
# include <sys/stat.h>
#endif
#if STDC_HEADERS
# include <stdlib.h>
# include <stddef.h>
#else
# if HAVE_STDLIB_H
#  include <stdlib.h>
# endif
#endif
#if HAVE_STRING_H
# if !STDC_HEADERS && HAVE_MEMORY_H
#  include <memory.h>
# endif
# include <string.h>
#endif
#if HAVE_STRINGS_H
# include <strings.h>
#endif
#if HAVE_INTTYPES_H
# include <inttypes.h>
#else
# if HAVE_STDINT_H
#  include <stdint.h>
# endif
#endif
#if HAVE_UNISTD_H
# include <unistd.h>
#endif
#include <db4/db.h>
configure:24076: result: no
configure:24080: checking db4/db.h presence
configure:24087: /home/tyu/Documents/llvm/Release+Asserts/bin/clang -E  -D_REENTRANT -D_GNU_SOURCE -I/usr/local/include conftest.c
configure:24083:10: fatal error: 'db4/db.h' file not found
#include <db4/db.h>
         ^
1 error generated.
configure:24093: $? = 1
configure: failed program was:
#line 24082 "configure"
#include "confdefs.h"
#include <db4/db.h>
configure:24111: result: no
configure:24129: checking for db4/db.h
configure:24136: result: no
configure:24049: checking db.h usability
configure:24058: /home/tyu/Documents/llvm/Release+Asserts/bin/clang -c -emit-llvm -flto -g -pthread  -D_REENTRANT -D_GNU_SOURCE -I/usr/local/include conftest.c >&5
clang: warning: argument unused during compilation: '-flto'
configure:24086:10: fatal error: 'db.h' file not found
#include <db.h>
         ^
1 error generated.
configure:24061: $? = 1
configure: failed program was:
#line 24051 "configure"
#include "confdefs.h"
#include <stdio.h>
#if HAVE_SYS_TYPES_H
# include <sys/types.h>
#endif
#if HAVE_SYS_STAT_H
# include <sys/stat.h>
#endif
#if STDC_HEADERS
# include <stdlib.h>
# include <stddef.h>
#else
# if HAVE_STDLIB_H
#  include <stdlib.h>
# endif
#endif
#if HAVE_STRING_H
# if !STDC_HEADERS && HAVE_MEMORY_H
#  include <memory.h>
# endif
# include <string.h>
#endif
#if HAVE_STRINGS_H
# include <strings.h>
#endif
#if HAVE_INTTYPES_H
# include <inttypes.h>
#else
# if HAVE_STDINT_H
#  include <stdint.h>
# endif
#endif
#if HAVE_UNISTD_H
# include <unistd.h>
#endif
#include <db.h>
configure:24076: result: no
configure:24080: checking db.h presence
configure:24087: /home/tyu/Documents/llvm/Release+Asserts/bin/clang -E  -D_REENTRANT -D_GNU_SOURCE -I/usr/local/include conftest.c
configure:24083:10: fatal error: 'db.h' file not found
#include <db.h>
         ^
1 error generated.
configure:24093: $? = 1
configure: failed program was:
#line 24082 "configure"
#include "confdefs.h"
#include <db.h>
configure:24111: result: no
configure:24129: checking for db.h
configure:24136: result: no
configure:24025: checking checking for Berkeley DB 4.0 in /usr/local/BerkeleyDB.4.0
configure:24027: result: 
configure:24049: checking db4/db.h usability
configure:24058: /home/tyu/Documents/llvm/Release+Asserts/bin/clang -c -emit-llvm -flto -g -pthread  -D_REENTRANT -D_GNU_SOURCE -I/usr/local/BerkeleyDB.4.0/include conftest.c >&5
clang: warning: argument unused during compilation: '-flto'
configure:24086:10: fatal error: 'db4/db.h' file not found
#include <db4/db.h>
         ^
1 error generated.
configure:24061: $? = 1
configure: failed program was:
#line 24051 "configure"
#include "confdefs.h"
#include <stdio.h>
#if HAVE_SYS_TYPES_H
# include <sys/types.h>
#endif
#if HAVE_SYS_STAT_H
# include <sys/stat.h>
#endif
#if STDC_HEADERS
# include <stdlib.h>
# include <stddef.h>
#else
# if HAVE_STDLIB_H
#  include <stdlib.h>
# endif
#endif
#if HAVE_STRING_H
# if !STDC_HEADERS && HAVE_MEMORY_H
#  include <memory.h>
# endif
# include <string.h>
#endif
#if HAVE_STRINGS_H
# include <strings.h>
#endif
#if HAVE_INTTYPES_H
# include <inttypes.h>
#else
# if HAVE_STDINT_H
#  include <stdint.h>
# endif
#endif
#if HAVE_UNISTD_H
# include <unistd.h>
#endif
#include <db4/db.h>
configure:24076: result: no
configure:24080: checking db4/db.h presence
configure:24087: /home/tyu/Documents/llvm/Release+Asserts/bin/clang -E  -D_REENTRANT -D_GNU_SOURCE -I/usr/local/BerkeleyDB.4.0/include conftest.c
configure:24083:10: fatal error: 'db4/db.h' file not found
#include <db4/db.h>
         ^
1 error generated.
configure:24093: $? = 1
configure: failed program was:
#line 24082 "configure"
#include "confdefs.h"
#include <db4/db.h>
configure:24111: result: no
configure:24129: checking for db4/db.h
configure:24136: result: no
configure:24049: checking db.h usability
configure:24058: /home/tyu/Documents/llvm/Release+Asserts/bin/clang -c -emit-llvm -flto -g -pthread  -D_REENTRANT -D_GNU_SOURCE -I/usr/local/BerkeleyDB.4.0/include conftest.c >&5
clang: warning: argument unused during compilation: '-flto'
configure:24086:10: fatal error: 'db.h' file not found
#include <db.h>
         ^
1 error generated.
configure:24061: $? = 1
configure: failed program was:
#line 24051 "configure"
#include "confdefs.h"
#include <stdio.h>
#if HAVE_SYS_TYPES_H
# include <sys/types.h>
#endif
#if HAVE_SYS_STAT_H
# include <sys/stat.h>
#endif
#if STDC_HEADERS
# include <stdlib.h>
# include <stddef.h>
#else
# if HAVE_STDLIB_H
#  include <stdlib.h>
# endif
#endif
#if HAVE_STRING_H
# if !STDC_HEADERS && HAVE_MEMORY_H
#  include <memory.h>
# endif
# include <string.h>
#endif
#if HAVE_STRINGS_H
# include <strings.h>
#endif
#if HAVE_INTTYPES_H
# include <inttypes.h>
#else
# if HAVE_STDINT_H
#  include <stdint.h>
# endif
#endif
#if HAVE_UNISTD_H
# include <unistd.h>
#endif
#include <db.h>
configure:24076: result: no
configure:24080: checking db.h presence
configure:24087: /home/tyu/Documents/llvm/Release+Asserts/bin/clang -E  -D_REENTRANT -D_GNU_SOURCE -I/usr/local/BerkeleyDB.4.0/include conftest.c
configure:24083:10: fatal error: 'db.h' file not found
#include <db.h>
         ^
1 error generated.
configure:24093: $? = 1
configure: failed program was:
#line 24082 "configure"
#include "confdefs.h"
#include <db.h>
configure:24111: result: no
configure:24129: checking for db.h
configure:24136: result: no
configure:24049: checking db4/db.h usability
configure:24058: /home/tyu/Documents/llvm/Release+Asserts/bin/clang -c -emit-llvm -flto -g -pthread  -D_REENTRANT -D_GNU_SOURCE -I/usr/local/BerkeleyDB.4.0/include conftest.c >&5
clang: warning: argument unused during compilation: '-flto'
configure:24086:10: fatal error: 'db4/db.h' file not found
#include <db4/db.h>
         ^
1 error generated.
configure:24061: $? = 1
configure: failed program was:
#line 24051 "configure"
#include "confdefs.h"
#include <stdio.h>
#if HAVE_SYS_TYPES_H
# include <sys/types.h>
#endif
#if HAVE_SYS_STAT_H
# include <sys/stat.h>
#endif
#if STDC_HEADERS
# include <stdlib.h>
# include <stddef.h>
#else
# if HAVE_STDLIB_H
#  include <stdlib.h>
# endif
#endif
#if HAVE_STRING_H
# if !STDC_HEADERS && HAVE_MEMORY_H
#  include <memory.h>
# endif
# include <string.h>
#endif
#if HAVE_STRINGS_H
# include <strings.h>
#endif
#if HAVE_INTTYPES_H
# include <inttypes.h>
#else
# if HAVE_STDINT_H
#  include <stdint.h>
# endif
#endif
#if HAVE_UNISTD_H
# include <unistd.h>
#endif
#include <db4/db.h>
configure:24076: result: no
configure:24080: checking db4/db.h presence
configure:24087: /home/tyu/Documents/llvm/Release+Asserts/bin/clang -E  -D_REENTRANT -D_GNU_SOURCE -I/usr/local/BerkeleyDB.4.0/include conftest.c
configure:24083:10: fatal error: 'db4/db.h' file not found
#include <db4/db.h>
         ^
1 error generated.
configure:24093: $? = 1
configure: failed program was:
#line 24082 "configure"
#include "confdefs.h"
#include <db4/db.h>
configure:24111: result: no
configure:24129: checking for db4/db.h
configure:24136: result: no
configure:24049: checking db.h usability
configure:24058: /home/tyu/Documents/llvm/Release+Asserts/bin/clang -c -emit-llvm -flto -g -pthread  -D_REENTRANT -D_GNU_SOURCE -I/usr/local/BerkeleyDB.4.0/include conftest.c >&5
clang: warning: argument unused during compilation: '-flto'
configure:24086:10: fatal error: 'db.h' file not found
#include <db.h>
         ^
1 error generated.
configure:24061: $? = 1
configure: failed program was:
#line 24051 "configure"
#include "confdefs.h"
#include <stdio.h>
#if HAVE_SYS_TYPES_H
# include <sys/types.h>
#endif
#if HAVE_SYS_STAT_H
# include <sys/stat.h>
#endif
#if STDC_HEADERS
# include <stdlib.h>
# include <stddef.h>
#else
# if HAVE_STDLIB_H
#  include <stdlib.h>
# endif
#endif
#if HAVE_STRING_H
# if !STDC_HEADERS && HAVE_MEMORY_H
#  include <memory.h>
# endif
# include <string.h>
#endif
#if HAVE_STRINGS_H
# include <strings.h>
#endif
#if HAVE_INTTYPES_H
# include <inttypes.h>
#else
# if HAVE_STDINT_H
#  include <stdint.h>
# endif
#endif
#if HAVE_UNISTD_H
# include <unistd.h>
#endif
#include <db.h>
configure:24076: result: no
configure:24080: checking db.h presence
configure:24087: /home/tyu/Documents/llvm/Release+Asserts/bin/clang -E  -D_REENTRANT -D_GNU_SOURCE -I/usr/local/BerkeleyDB.4.0/include conftest.c
configure:24083:10: fatal error: 'db.h' file not found
#include <db.h>
         ^
1 error generated.
configure:24093: $? = 1
configure: failed program was:
#line 24082 "configure"
#include "confdefs.h"
#include <db.h>
configure:24111: result: no
configure:24129: checking for db.h
configure:24136: result: no
configure:24049: checking db4/db.h usability
configure:24058: /home/tyu/Documents/llvm/Release+Asserts/bin/clang -c -emit-llvm -flto -g -pthread  -D_REENTRANT -D_GNU_SOURCE -I/usr/local/BerkeleyDB.4.0/include conftest.c >&5
clang: warning: argument unused during compilation: '-flto'
configure:24086:10: fatal error: 'db4/db.h' file not found
#include <db4/db.h>
         ^
1 error generated.
configure:24061: $? = 1
configure: failed program was:
#line 24051 "configure"
#include "confdefs.h"
#include <stdio.h>
#if HAVE_SYS_TYPES_H
# include <sys/types.h>
#endif
#if HAVE_SYS_STAT_H
# include <sys/stat.h>
#endif
#if STDC_HEADERS
# include <stdlib.h>
# include <stddef.h>
#else
# if HAVE_STDLIB_H
#  include <stdlib.h>
# endif
#endif
#if HAVE_STRING_H
# if !STDC_HEADERS && HAVE_MEMORY_H
#  include <memory.h>
# endif
# include <string.h>
#endif
#if HAVE_STRINGS_H
# include <strings.h>
#endif
#if HAVE_INTTYPES_H
# include <inttypes.h>
#else
# if HAVE_STDINT_H
#  include <stdint.h>
# endif
#endif
#if HAVE_UNISTD_H
# include <unistd.h>
#endif
#include <db4/db.h>
configure:24076: result: no
configure:24080: checking db4/db.h presence
configure:24087: /home/tyu/Documents/llvm/Release+Asserts/bin/clang -E  -D_REENTRANT -D_GNU_SOURCE -I/usr/local/BerkeleyDB.4.0/include conftest.c
configure:24083:10: fatal error: 'db4/db.h' file not found
#include <db4/db.h>
         ^
1 error generated.
configure:24093: $? = 1
configure: failed program was:
#line 24082 "configure"
#include "confdefs.h"
#include <db4/db.h>
configure:24111: result: no
configure:24129: checking for db4/db.h
configure:24136: result: no
configure:24049: checking db.h usability
configure:24058: /home/tyu/Documents/llvm/Release+Asserts/bin/clang -c -emit-llvm -flto -g -pthread  -D_REENTRANT -D_GNU_SOURCE -I/usr/local/BerkeleyDB.4.0/include conftest.c >&5
clang: warning: argument unused during compilation: '-flto'
configure:24086:10: fatal error: 'db.h' file not found
#include <db.h>
         ^
1 error generated.
configure:24061: $? = 1
configure: failed program was:
#line 24051 "configure"
#include "confdefs.h"
#include <stdio.h>
#if HAVE_SYS_TYPES_H
# include <sys/types.h>
#endif
#if HAVE_SYS_STAT_H
# include <sys/stat.h>
#endif
#if STDC_HEADERS
# include <stdlib.h>
# include <stddef.h>
#else
# if HAVE_STDLIB_H
#  include <stdlib.h>
# endif
#endif
#if HAVE_STRING_H
# if !STDC_HEADERS && HAVE_MEMORY_H
#  include <memory.h>
# endif
# include <string.h>
#endif
#if HAVE_STRINGS_H
# include <strings.h>
#endif
#if HAVE_INTTYPES_H
# include <inttypes.h>
#else
# if HAVE_STDINT_H
#  include <stdint.h>
# endif
#endif
#if HAVE_UNISTD_H
# include <unistd.h>
#endif
#include <db.h>
configure:24076: result: no
configure:24080: checking db.h presence
configure:24087: /home/tyu/Documents/llvm/Release+Asserts/bin/clang -E  -D_REENTRANT -D_GNU_SOURCE -I/usr/local/BerkeleyDB.4.0/include conftest.c
configure:24083:10: fatal error: 'db.h' file not found
#include <db.h>
         ^
1 error generated.
configure:24093: $? = 1
configure: failed program was:
#line 24082 "configure"
#include "confdefs.h"
#include <db.h>
configure:24111: result: no
configure:24129: checking for db.h
configure:24136: result: no
configure:24549: checking checking for Berkeley DB 3 in the standard places
configure:24551: result: 
configure:24573: checking db3/db.h usability
configure:24582: /home/tyu/Documents/llvm/Release+Asserts/bin/clang -c -emit-llvm -flto -g -pthread  -D_REENTRANT -D_GNU_SOURCE conftest.c >&5
clang: warning: argument unused during compilation: '-flto'
configure:24610:10: fatal error: 'db3/db.h' file not found
#include <db3/db.h>
         ^
1 error generated.
configure:24585: $? = 1
configure: failed program was:
#line 24575 "configure"
#include "confdefs.h"
#include <stdio.h>
#if HAVE_SYS_TYPES_H
# include <sys/types.h>
#endif
#if HAVE_SYS_STAT_H
# include <sys/stat.h>
#endif
#if STDC_HEADERS
# include <stdlib.h>
# include <stddef.h>
#else
# if HAVE_STDLIB_H
#  include <stdlib.h>
# endif
#endif
#if HAVE_STRING_H
# if !STDC_HEADERS && HAVE_MEMORY_H
#  include <memory.h>
# endif
# include <string.h>
#endif
#if HAVE_STRINGS_H
# include <strings.h>
#endif
#if HAVE_INTTYPES_H
# include <inttypes.h>
#else
# if HAVE_STDINT_H
#  include <stdint.h>
# endif
#endif
#if HAVE_UNISTD_H
# include <unistd.h>
#endif
#include <db3/db.h>
configure:24600: result: no
configure:24604: checking db3/db.h presence
configure:24611: /home/tyu/Documents/llvm/Release+Asserts/bin/clang -E  -D_REENTRANT -D_GNU_SOURCE conftest.c
configure:24607:10: fatal error: 'db3/db.h' file not found
#include <db3/db.h>
         ^
1 error generated.
configure:24617: $? = 1
configure: failed program was:
#line 24606 "configure"
#include "confdefs.h"
#include <db3/db.h>
configure:24635: result: no
configure:24653: checking for db3/db.h
configure:24660: result: no
configure:24573: checking db.h usability
configure:24582: /home/tyu/Documents/llvm/Release+Asserts/bin/clang -c -emit-llvm -flto -g -pthread  -D_REENTRANT -D_GNU_SOURCE conftest.c >&5
clang: warning: argument unused during compilation: '-flto'
configure:24610:10: fatal error: 'db.h' file not found
#include <db.h>
         ^
1 error generated.
configure:24585: $? = 1
configure: failed program was:
#line 24575 "configure"
#include "confdefs.h"
#include <stdio.h>
#if HAVE_SYS_TYPES_H
# include <sys/types.h>
#endif
#if HAVE_SYS_STAT_H
# include <sys/stat.h>
#endif
#if STDC_HEADERS
# include <stdlib.h>
# include <stddef.h>
#else
# if HAVE_STDLIB_H
#  include <stdlib.h>
# endif
#endif
#if HAVE_STRING_H
# if !STDC_HEADERS && HAVE_MEMORY_H
#  include <memory.h>
# endif
# include <string.h>
#endif
#if HAVE_STRINGS_H
# include <strings.h>
#endif
#if HAVE_INTTYPES_H
# include <inttypes.h>
#else
# if HAVE_STDINT_H
#  include <stdint.h>
# endif
#endif
#if HAVE_UNISTD_H
# include <unistd.h>
#endif
#include <db.h>
configure:24600: result: no
configure:24604: checking db.h presence
configure:24611: /home/tyu/Documents/llvm/Release+Asserts/bin/clang -E  -D_REENTRANT -D_GNU_SOURCE conftest.c
configure:24607:10: fatal error: 'db.h' file not found
#include <db.h>
         ^
1 error generated.
configure:24617: $? = 1
configure: failed program was:
#line 24606 "configure"
#include "confdefs.h"
#include <db.h>
configure:24635: result: no
configure:24653: checking for db.h
configure:24660: result: no
configure:24573: checking db3/db.h usability
configure:24582: /home/tyu/Documents/llvm/Release+Asserts/bin/clang -c -emit-llvm -flto -g -pthread  -D_REENTRANT -D_GNU_SOURCE conftest.c >&5
clang: warning: argument unused during compilation: '-flto'
configure:24610:10: fatal error: 'db3/db.h' file not found
#include <db3/db.h>
         ^
1 error generated.
configure:24585: $? = 1
configure: failed program was:
#line 24575 "configure"
#include "confdefs.h"
#include <stdio.h>
#if HAVE_SYS_TYPES_H
# include <sys/types.h>
#endif
#if HAVE_SYS_STAT_H
# include <sys/stat.h>
#endif
#if STDC_HEADERS
# include <stdlib.h>
# include <stddef.h>
#else
# if HAVE_STDLIB_H
#  include <stdlib.h>
# endif
#endif
#if HAVE_STRING_H
# if !STDC_HEADERS && HAVE_MEMORY_H
#  include <memory.h>
# endif
# include <string.h>
#endif
#if HAVE_STRINGS_H
# include <strings.h>
#endif
#if HAVE_INTTYPES_H
# include <inttypes.h>
#else
# if HAVE_STDINT_H
#  include <stdint.h>
# endif
#endif
#if HAVE_UNISTD_H
# include <unistd.h>
#endif
#include <db3/db.h>
configure:24600: result: no
configure:24604: checking db3/db.h presence
configure:24611: /home/tyu/Documents/llvm/Release+Asserts/bin/clang -E  -D_REENTRANT -D_GNU_SOURCE conftest.c
configure:24607:10: fatal error: 'db3/db.h' file not found
#include <db3/db.h>
         ^
1 error generated.
configure:24617: $? = 1
configure: failed program was:
#line 24606 "configure"
#include "confdefs.h"
#include <db3/db.h>
configure:24635: result: no
configure:24653: checking for db3/db.h
configure:24660: result: no
configure:24573: checking db.h usability
configure:24582: /home/tyu/Documents/llvm/Release+Asserts/bin/clang -c -emit-llvm -flto -g -pthread  -D_REENTRANT -D_GNU_SOURCE conftest.c >&5
clang: warning: argument unused during compilation: '-flto'
configure:24610:10: fatal error: 'db.h' file not found
#include <db.h>
         ^
1 error generated.
configure:24585: $? = 1
configure: failed program was:
#line 24575 "configure"
#include "confdefs.h"
#include <stdio.h>
#if HAVE_SYS_TYPES_H
# include <sys/types.h>
#endif
#if HAVE_SYS_STAT_H
# include <sys/stat.h>
#endif
#if STDC_HEADERS
# include <stdlib.h>
# include <stddef.h>
#else
# if HAVE_STDLIB_H
#  include <stdlib.h>
# endif
#endif
#if HAVE_STRING_H
# if !STDC_HEADERS && HAVE_MEMORY_H
#  include <memory.h>
# endif
# include <string.h>
#endif
#if HAVE_STRINGS_H
# include <strings.h>
#endif
#if HAVE_INTTYPES_H
# include <inttypes.h>
#else
# if HAVE_STDINT_H
#  include <stdint.h>
# endif
#endif
#if HAVE_UNISTD_H
# include <unistd.h>
#endif
#include <db.h>
configure:24600: result: no
configure:24604: checking db.h presence
configure:24611: /home/tyu/Documents/llvm/Release+Asserts/bin/clang -E  -D_REENTRANT -D_GNU_SOURCE conftest.c
configure:24607:10: fatal error: 'db.h' file not found
#include <db.h>
         ^
1 error generated.
configure:24617: $? = 1
configure: failed program was:
#line 24606 "configure"
#include "confdefs.h"
#include <db.h>
configure:24635: result: no
configure:24653: checking for db.h
configure:24660: result: no
configure:25073: checking checking for Berkeley DB 2 in the standard places
configure:25075: result: 
configure:25097: checking db2/db.h usability
configure:25106: /home/tyu/Documents/llvm/Release+Asserts/bin/clang -c -emit-llvm -flto -g -pthread  -D_REENTRANT -D_GNU_SOURCE conftest.c >&5
clang: warning: argument unused during compilation: '-flto'
configure:25134:10: fatal error: 'db2/db.h' file not found
#include <db2/db.h>
         ^
1 error generated.
configure:25109: $? = 1
configure: failed program was:
#line 25099 "configure"
#include "confdefs.h"
#include <stdio.h>
#if HAVE_SYS_TYPES_H
# include <sys/types.h>
#endif
#if HAVE_SYS_STAT_H
# include <sys/stat.h>
#endif
#if STDC_HEADERS
# include <stdlib.h>
# include <stddef.h>
#else
# if HAVE_STDLIB_H
#  include <stdlib.h>
# endif
#endif
#if HAVE_STRING_H
# if !STDC_HEADERS && HAVE_MEMORY_H
#  include <memory.h>
# endif
# include <string.h>
#endif
#if HAVE_STRINGS_H
# include <strings.h>
#endif
#if HAVE_INTTYPES_H
# include <inttypes.h>
#else
# if HAVE_STDINT_H
#  include <stdint.h>
# endif
#endif
#if HAVE_UNISTD_H
# include <unistd.h>
#endif
#include <db2/db.h>
configure:25124: result: no
configure:25128: checking db2/db.h presence
configure:25135: /home/tyu/Documents/llvm/Release+Asserts/bin/clang -E  -D_REENTRANT -D_GNU_SOURCE conftest.c
configure:25131:10: fatal error: 'db2/db.h' file not found
#include <db2/db.h>
         ^
1 error generated.
configure:25141: $? = 1
configure: failed program was:
#line 25130 "configure"
#include "confdefs.h"
#include <db2/db.h>
configure:25159: result: no
configure:25177: checking for db2/db.h
configure:25184: result: no
configure:25097: checking db.h usability
configure:25106: /home/tyu/Documents/llvm/Release+Asserts/bin/clang -c -emit-llvm -flto -g -pthread  -D_REENTRANT -D_GNU_SOURCE conftest.c >&5
clang: warning: argument unused during compilation: '-flto'
configure:25134:10: fatal error: 'db.h' file not found
#include <db.h>
         ^
1 error generated.
configure:25109: $? = 1
configure: failed program was:
#line 25099 "configure"
#include "confdefs.h"
#include <stdio.h>
#if HAVE_SYS_TYPES_H
# include <sys/types.h>
#endif
#if HAVE_SYS_STAT_H
# include <sys/stat.h>
#endif
#if STDC_HEADERS
# include <stdlib.h>
# include <stddef.h>
#else
# if HAVE_STDLIB_H
#  include <stdlib.h>
# endif
#endif
#if HAVE_STRING_H
# if !STDC_HEADERS && HAVE_MEMORY_H
#  include <memory.h>
# endif
# include <string.h>
#endif
#if HAVE_STRINGS_H
# include <strings.h>
#endif
#if HAVE_INTTYPES_H
# include <inttypes.h>
#else
# if HAVE_STDINT_H
#  include <stdint.h>
# endif
#endif
#if HAVE_UNISTD_H
# include <unistd.h>
#endif
#include <db.h>
configure:25124: result: no
configure:25128: checking db.h presence
configure:25135: /home/tyu/Documents/llvm/Release+Asserts/bin/clang -E  -D_REENTRANT -D_GNU_SOURCE conftest.c
configure:25131:10: fatal error: 'db.h' file not found
#include <db.h>
         ^
1 error generated.
configure:25141: $? = 1
configure: failed program was:
#line 25130 "configure"
#include "confdefs.h"
#include <db.h>
configure:25159: result: no
configure:25177: checking for db.h
configure:25184: result: no
configure:25097: checking db2/db.h usability
configure:25106: /home/tyu/Documents/llvm/Release+Asserts/bin/clang -c -emit-llvm -flto -g -pthread  -D_REENTRANT -D_GNU_SOURCE conftest.c >&5
clang: warning: argument unused during compilation: '-flto'
configure:25134:10: fatal error: 'db2/db.h' file not found
#include <db2/db.h>
         ^
1 error generated.
configure:25109: $? = 1
configure: failed program was:
#line 25099 "configure"
#include "confdefs.h"
#include <stdio.h>
#if HAVE_SYS_TYPES_H
# include <sys/types.h>
#endif
#if HAVE_SYS_STAT_H
# include <sys/stat.h>
#endif
#if STDC_HEADERS
# include <stdlib.h>
# include <stddef.h>
#else
# if HAVE_STDLIB_H
#  include <stdlib.h>
# endif
#endif
#if HAVE_STRING_H
# if !STDC_HEADERS && HAVE_MEMORY_H
#  include <memory.h>
# endif
# include <string.h>
#endif
#if HAVE_STRINGS_H
# include <strings.h>
#endif
#if HAVE_INTTYPES_H
# include <inttypes.h>
#else
# if HAVE_STDINT_H
#  include <stdint.h>
# endif
#endif
#if HAVE_UNISTD_H
# include <unistd.h>
#endif
#include <db2/db.h>
configure:25124: result: no
configure:25128: checking db2/db.h presence
configure:25135: /home/tyu/Documents/llvm/Release+Asserts/bin/clang -E  -D_REENTRANT -D_GNU_SOURCE conftest.c
configure:25131:10: fatal error: 'db2/db.h' file not found
#include <db2/db.h>
         ^
1 error generated.
configure:25141: $? = 1
configure: failed program was:
#line 25130 "configure"
#include "confdefs.h"
#include <db2/db.h>
configure:25159: result: no
configure:25177: checking for db2/db.h
configure:25184: result: no
configure:25097: checking db.h usability
configure:25106: /home/tyu/Documents/llvm/Release+Asserts/bin/clang -c -emit-llvm -flto -g -pthread  -D_REENTRANT -D_GNU_SOURCE conftest.c >&5
clang: warning: argument unused during compilation: '-flto'
configure:25134:10: fatal error: 'db.h' file not found
#include <db.h>
         ^
1 error generated.
configure:25109: $? = 1
configure: failed program was:
#line 25099 "configure"
#include "confdefs.h"
#include <stdio.h>
#if HAVE_SYS_TYPES_H
# include <sys/types.h>
#endif
#if HAVE_SYS_STAT_H
# include <sys/stat.h>
#endif
#if STDC_HEADERS
# include <stdlib.h>
# include <stddef.h>
#else
# if HAVE_STDLIB_H
#  include <stdlib.h>
# endif
#endif
#if HAVE_STRING_H
# if !STDC_HEADERS && HAVE_MEMORY_H
#  include <memory.h>
# endif
# include <string.h>
#endif
#if HAVE_STRINGS_H
# include <strings.h>
#endif
#if HAVE_INTTYPES_H
# include <inttypes.h>
#else
# if HAVE_STDINT_H
#  include <stdint.h>
# endif
#endif
#if HAVE_UNISTD_H
# include <unistd.h>
#endif
#include <db.h>
configure:25124: result: no
configure:25128: checking db.h presence
configure:25135: /home/tyu/Documents/llvm/Release+Asserts/bin/clang -E  -D_REENTRANT -D_GNU_SOURCE conftest.c
configure:25131:10: fatal error: 'db.h' file not found
#include <db.h>
         ^
1 error generated.
configure:25141: $? = 1
configure: failed program was:
#line 25130 "configure"
#include "confdefs.h"
#include <db.h>
configure:25159: result: no
configure:25177: checking for db.h
configure:25184: result: no
configure:25597: checking checking for Berkeley DB 1.0.0 in the standard places
configure:25599: result: 
configure:25621: checking db1/db.h usability
configure:25630: /home/tyu/Documents/llvm/Release+Asserts/bin/clang -c -emit-llvm -flto -g -pthread  -D_REENTRANT -D_GNU_SOURCE conftest.c >&5
clang: warning: argument unused during compilation: '-flto'
configure:25658:10: fatal error: 'db1/db.h' file not found
#include <db1/db.h>
         ^
1 error generated.
configure:25633: $? = 1
configure: failed program was:
#line 25623 "configure"
#include "confdefs.h"
#include <stdio.h>
#if HAVE_SYS_TYPES_H
# include <sys/types.h>
#endif
#if HAVE_SYS_STAT_H
# include <sys/stat.h>
#endif
#if STDC_HEADERS
# include <stdlib.h>
# include <stddef.h>
#else
# if HAVE_STDLIB_H
#  include <stdlib.h>
# endif
#endif
#if HAVE_STRING_H
# if !STDC_HEADERS && HAVE_MEMORY_H
#  include <memory.h>
# endif
# include <string.h>
#endif
#if HAVE_STRINGS_H
# include <strings.h>
#endif
#if HAVE_INTTYPES_H
# include <inttypes.h>
#else
# if HAVE_STDINT_H
#  include <stdint.h>
# endif
#endif
#if HAVE_UNISTD_H
# include <unistd.h>
#endif
#include <db1/db.h>
configure:25648: result: no
configure:25652: checking db1/db.h presence
configure:25659: /home/tyu/Documents/llvm/Release+Asserts/bin/clang -E  -D_REENTRANT -D_GNU_SOURCE conftest.c
configure:25655:10: fatal error: 'db1/db.h' file not found
#include <db1/db.h>
         ^
1 error generated.
configure:25665: $? = 1
configure: failed program was:
#line 25654 "configure"
#include "confdefs.h"
#include <db1/db.h>
configure:25683: result: no
configure:25701: checking for db1/db.h
configure:25708: result: no
configure:25621: checking db.h usability
configure:25630: /home/tyu/Documents/llvm/Release+Asserts/bin/clang -c -emit-llvm -flto -g -pthread  -D_REENTRANT -D_GNU_SOURCE conftest.c >&5
clang: warning: argument unused during compilation: '-flto'
configure:25658:10: fatal error: 'db.h' file not found
#include <db.h>
         ^
1 error generated.
configure:25633: $? = 1
configure: failed program was:
#line 25623 "configure"
#include "confdefs.h"
#include <stdio.h>
#if HAVE_SYS_TYPES_H
# include <sys/types.h>
#endif
#if HAVE_SYS_STAT_H
# include <sys/stat.h>
#endif
#if STDC_HEADERS
# include <stdlib.h>
# include <stddef.h>
#else
# if HAVE_STDLIB_H
#  include <stdlib.h>
# endif
#endif
#if HAVE_STRING_H
# if !STDC_HEADERS && HAVE_MEMORY_H
#  include <memory.h>
# endif
# include <string.h>
#endif
#if HAVE_STRINGS_H
# include <strings.h>
#endif
#if HAVE_INTTYPES_H
# include <inttypes.h>
#else
# if HAVE_STDINT_H
#  include <stdint.h>
# endif
#endif
#if HAVE_UNISTD_H
# include <unistd.h>
#endif
#include <db.h>
configure:25648: result: no
configure:25652: checking db.h presence
configure:25659: /home/tyu/Documents/llvm/Release+Asserts/bin/clang -E  -D_REENTRANT -D_GNU_SOURCE conftest.c
configure:25655:10: fatal error: 'db.h' file not found
#include <db.h>
         ^
1 error generated.
configure:25665: $? = 1
configure: failed program was:
#line 25654 "configure"
#include "confdefs.h"
#include <db.h>
configure:25683: result: no
configure:25701: checking for db.h
configure:25708: result: no
configure:26121: checking checking for Berkeley DB 1 in the standard places
configure:26123: result: 
configure:26145: checking db_185.h usability
configure:26154: /home/tyu/Documents/llvm/Release+Asserts/bin/clang -c -emit-llvm -flto -g -pthread  -D_REENTRANT -D_GNU_SOURCE conftest.c >&5
clang: warning: argument unused during compilation: '-flto'
configure:26182:10: fatal error: 'db_185.h' file not found
#include <db_185.h>
         ^
1 error generated.
configure:26157: $? = 1
configure: failed program was:
#line 26147 "configure"
#include "confdefs.h"
#include <stdio.h>
#if HAVE_SYS_TYPES_H
# include <sys/types.h>
#endif
#if HAVE_SYS_STAT_H
# include <sys/stat.h>
#endif
#if STDC_HEADERS
# include <stdlib.h>
# include <stddef.h>
#else
# if HAVE_STDLIB_H
#  include <stdlib.h>
# endif
#endif
#if HAVE_STRING_H
# if !STDC_HEADERS && HAVE_MEMORY_H
#  include <memory.h>
# endif
# include <string.h>
#endif
#if HAVE_STRINGS_H
# include <strings.h>
#endif
#if HAVE_INTTYPES_H
# include <inttypes.h>
#else
# if HAVE_STDINT_H
#  include <stdint.h>
# endif
#endif
#if HAVE_UNISTD_H
# include <unistd.h>
#endif
#include <db_185.h>
configure:26172: result: no
configure:26176: checking db_185.h presence
configure:26183: /home/tyu/Documents/llvm/Release+Asserts/bin/clang -E  -D_REENTRANT -D_GNU_SOURCE conftest.c
configure:26179:10: fatal error: 'db_185.h' file not found
#include <db_185.h>
         ^
1 error generated.
configure:26189: $? = 1
configure: failed program was:
#line 26178 "configure"
#include "confdefs.h"
#include <db_185.h>
configure:26207: result: no
configure:26225: checking for db_185.h
configure:26232: result: no
configure:26598: checking for Berkeley DB
configure:26604: result: not found
configure:26672: checking for default DBM
configure:26674: result: sdbm (default)
configure:26969: checking for Expat in /usr
configure:27036: result: no
configure:26969: checking for Expat in /usr/local
configure:27036: result: no
configure:26969: checking for Expat in xml/expat-cvs
configure:27036: result: no
configure:26969: checking for Expat in xml/expat
configure:27036: result: no
configure:26969: checking for Expat in /home/tyu/Documents/concurrency-bugs/apache-25520/httpd-2.0.48/srclib/apr-util/xml/expat
configure:27033: result: yes
configure:27500: checking iconv.h usability
configure:27509: /home/tyu/Documents/llvm/Release+Asserts/bin/clang -c -emit-llvm -flto -g -pthread  -D_REENTRANT -D_GNU_SOURCE conftest.c >&5
clang: warning: argument unused during compilation: '-flto'
configure:27512: $? = 0
configure:27515: test -s conftest.o
configure:27518: $? = 0
configure:27527: result: yes
configure:27531: checking iconv.h presence
configure:27538: /home/tyu/Documents/llvm/Release+Asserts/bin/clang -E  -D_REENTRANT -D_GNU_SOURCE conftest.c
configure:27544: $? = 0
configure:27562: result: yes
configure:27580: checking for iconv.h
configure:27587: result: yes
configure:27613: /home/tyu/Documents/llvm/Release+Asserts/bin/clang -o conftest -emit-llvm -flto -g -pthread  -D_REENTRANT -D_GNU_SOURCE  conftest.c  >&5
clang: warning: argument unused during compilation: '-flto'
configure:27616: $? = 0
configure:27619: test -s conftest
configure:27622: $? = 0
configure:27859: checking for type of inbuf parameter to iconv
clang: error: argument unused during compilation: '-flto'
configure: failed or warning program:
#include "confdefs.h"

    #include <stddef.h>
    #include <iconv.h>

int main(int argc, const char * const argv[]) {

    iconv(0,(char **)0,(size_t *)0,(char **)0,(size_t *)0);

; return 0; }
configure:27906: result: const char **
configure:27918: checking for iconv.h
configure:27923: result: yes
configure:27927: checking langinfo.h usability
configure:27936: /home/tyu/Documents/llvm/Release+Asserts/bin/clang -c -emit-llvm -flto -g -pthread  -D_REENTRANT -D_GNU_SOURCE conftest.c >&5
clang: warning: argument unused during compilation: '-flto'
configure:27939: $? = 0
configure:27942: test -s conftest.o
configure:27945: $? = 0
configure:27954: result: yes
configure:27958: checking langinfo.h presence
configure:27965: /home/tyu/Documents/llvm/Release+Asserts/bin/clang -E  -D_REENTRANT -D_GNU_SOURCE conftest.c
configure:27971: $? = 0
configure:27989: result: yes
configure:28007: checking for langinfo.h
configure:28014: result: yes
configure:28043: checking for nl_langinfo
configure:28080: /home/tyu/Documents/llvm/Release+Asserts/bin/clang -o conftest -emit-llvm -flto -g -pthread  -D_REENTRANT -D_GNU_SOURCE  conftest.c  >&5
clang: warning: argument unused during compilation: '-flto'
configure:28083: $? = 0
configure:28086: test -s conftest
configure:28089: $? = 0
configure:28099: result: yes
configure:28120: checking for CODESET in langinfo.h
configure:28146: result: yes
configure:28160: checking for library containing crypt
configure:28187: /home/tyu/Documents/llvm/Release+Asserts/bin/clang -o conftest -emit-llvm -flto -g -pthread  -D_REENTRANT -D_GNU_SOURCE  conftest.c  >&5
clang: warning: argument unused during compilation: '-flto'
configure:28179: error: undefined reference to 'crypt'
clang: error: linker command failed with exit code 1 (use -v to see invocation)
configure:28190: $? = 1
configure: failed program was:
#line 28167 "configure"
#include "confdefs.h"

/* Override any gcc2 internal prototype to avoid an error.  */
#ifdef __cplusplus
extern "C"
#endif
/* We use char because int might match the return type of a gcc2
   builtin and then its argument prototype would still apply.  */
char crypt ();
int
main ()
{
crypt ();
  ;
  return 0;
}
configure:28227: /home/tyu/Documents/llvm/Release+Asserts/bin/clang -o conftest -emit-llvm -flto -g -pthread  -D_REENTRANT -D_GNU_SOURCE  conftest.c -lcrypt   >&5
configure:28230: $? = 0
configure:28233: test -s conftest
configure:28236: $? = 0
configure:28249: result: -lcrypt
configure:28256: checking if system crypt() function is threadsafe
configure:28268: result: no
configure:28275: checking for crypt_r
configure:28312: /home/tyu/Documents/llvm/Release+Asserts/bin/clang -o conftest -emit-llvm -flto -g -pthread  -D_REENTRANT -D_GNU_SOURCE  conftest.c -lcrypt  >&5
configure:28315: $? = 0
configure:28318: test -s conftest
configure:28321: $? = 0
configure:28331: result: yes
configure:28345: checking style of crypt_r
configure:28370: /home/tyu/Documents/llvm/Release+Asserts/bin/clang -c -emit-llvm -flto -g -pthread  -D_REENTRANT -D_GNU_SOURCE conftest.c >&5
clang: warning: argument unused during compilation: '-flto'
configure:28360:1: error: use of undeclared identifier 'CRYPTD'
CRYPTD buffer;
^
configure:28361:28: error: use of undeclared identifier 'buffer'
crypt_r("passwd", "hash", &buffer);
                           ^
2 errors generated.
configure:28373: $? = 1
configure: failed program was:
#line 28352 "configure"
#include "confdefs.h"

#include <crypt.h>

int
main ()
{

CRYPTD buffer;
crypt_r("passwd", "hash", &buffer);

  ;
  return 0;
}
configure:28406: /home/tyu/Documents/llvm/Release+Asserts/bin/clang -c -emit-llvm -flto -g -pthread  -D_REENTRANT -D_GNU_SOURCE conftest.c >&5
clang: warning: argument unused during compilation: '-flto'
configure:28409: $? = 0
configure:28412: test -s conftest.o
configure:28415: $? = 0
configure:28464: result: struct_crypt_data
configure:28689: creating ./config.status

## ---------------------- ##
## Running config.status. ##
## ---------------------- ##

This file was extended by config.status, which was
generated by GNU Autoconf 2.54.  Invocation command line was

  CONFIG_FILES    = 
  CONFIG_HEADERS  = 
  CONFIG_LINKS    = 
  CONFIG_COMMANDS = 
  $ ./config.status 

on ubuntu

config.status:647: creating export_vars.sh
config.status:647: creating apu-config
config.status:647: creating include/private/apu_select_dbm.h
config.status:647: creating include/apr_ldap.h
config.status:647: creating include/apu.h
config.status:647: creating include/apu_want.h
config.status:647: creating Makefile
config.status:647: creating buckets/Makefile
config.status:647: creating crypto/Makefile
config.status:647: creating dbm/Makefile
config.status:647: creating dbm/sdbm/Makefile
config.status:647: creating encoding/Makefile
config.status:647: creating hooks/Makefile
config.status:647: creating ldap/Makefile
config.status:647: creating uri/Makefile
config.status:647: creating xml/Makefile
config.status:647: creating misc/Makefile
config.status:647: creating strmatch/Makefile
config.status:647: creating xlate/Makefile
config.status:743: creating include/private/apu_config.h
config.status:858: include/private/apu_config.h is unchanged
config.status:958: executing default commands

## ---------------- ##
## Cache variables. ##
## ---------------- ##

ac_cv_build=x86_64-unknown-linux-gnu
ac_cv_build_alias=x86_64-unknown-linux-gnu
ac_cv_c_compiler_gnu=yes
ac_cv_crypt_r_style=struct_crypt_data
ac_cv_define_CODESET=yes
ac_cv_env_CC_set=set
ac_cv_env_CC_value=/home/tyu/Documents/llvm/Release+Asserts/bin/clang
ac_cv_env_CFLAGS_set=set
ac_cv_env_CFLAGS_value='-emit-llvm -flto -g'
ac_cv_env_CPPFLAGS_set=
ac_cv_env_CPPFLAGS_value=
ac_cv_env_CPP_set=set
ac_cv_env_CPP_value='/home/tyu/Documents/llvm/Release+Asserts/bin/clang -E'
ac_cv_env_LDFLAGS_set=
ac_cv_env_LDFLAGS_value=
ac_cv_env_build_alias_set=
ac_cv_env_build_alias_value=
ac_cv_env_host_alias_set=
ac_cv_env_host_alias_value=
ac_cv_env_target_alias_set=
ac_cv_env_target_alias_value=
ac_cv_exeext=
ac_cv_func_crypt_r=yes
ac_cv_func_nl_langinfo=yes
ac_cv_header_db1_db_h=no
ac_cv_header_db2_db_h=no
ac_cv_header_db3_db_h=no
ac_cv_header_db4_db_h=no
ac_cv_header_db_185_h=no
ac_cv_header_db_h=no
ac_cv_header_gdbm_h=no
ac_cv_header_iconv_h=yes
ac_cv_header_inttypes_h=yes
ac_cv_header_langinfo_h=yes
ac_cv_header_memory_h=yes
ac_cv_header_stdc=yes
ac_cv_header_stdint_h=yes
ac_cv_header_stdlib_h=yes
ac_cv_header_string_h=yes
ac_cv_header_strings_h=yes
ac_cv_header_sys_stat_h=yes
ac_cv_header_sys_types_h=yes
ac_cv_header_unistd_h=yes
ac_cv_host=x86_64-unknown-linux-gnu
ac_cv_host_alias=x86_64-unknown-linux-gnu
ac_cv_mkdir_p=yes
ac_cv_objext=o
ac_cv_prog_CPP='/home/tyu/Documents/llvm/Release+Asserts/bin/clang -E'
ac_cv_prog_ac_ct_CC=/home/tyu/Documents/llvm/Release+Asserts/bin/clang
ac_cv_prog_cc_g=yes
ac_cv_prog_cc_stdc=
ac_cv_prog_egrep='grep -E'
ac_cv_search_crypt=-lcrypt
ac_cv_target=x86_64-unknown-linux-gnu
ac_cv_target_alias=x86_64-unknown-linux-gnu

## ----------------- ##
## Output variables. ##
## ----------------- ##

APRUTIL_DOTTED_VERSION='0.9.5'
APRUTIL_EXPORT_LIBS='/home/tyu/Documents/concurrency-bugs/apache-25520/build/srclib/apr-util/xml/expat/lib/libexpat.la'
APRUTIL_INCLUDES='-I/home/tyu/Documents/concurrency-bugs/apache-25520/build/srclib/apr-util/xml/expat/lib'
APRUTIL_LDFLAGS='-L/home/tyu/Documents/concurrency-bugs/apache-25520/build/srclib/apr-util/xml/expat/lib'
APRUTIL_LIBNAME='aprutil-${APRUTIL_MAJOR_VERSION}'
APRUTIL_LIBS='/home/tyu/Documents/concurrency-bugs/apache-25520/build/srclib/apr-util/xml/expat/lib/libexpat.la /home/tyu/Documents/concurrency-bugs/apache-25520/build/srclib/apr/libapr-0.la -lrt -lm -lcrypt -lnsl'
APRUTIL_MAJOR_VERSION='0'
APRUTIL_PRIV_INCLUDES='-I/home/tyu/Documents/concurrency-bugs/apache-25520/build/srclib/apr-util/include -I/home/tyu/Documents/concurrency-bugs/apache-25520/build/srclib/apr-util/include/private -I/home/tyu/Documents/concurrency-bugs/apache-25520/httpd-2.0.48/srclib/apr-util/include/private -I/home/tyu/Documents/concurrency-bugs/apache-25520/httpd-2.0.48/srclib/apr-util/include'
APR_BUILD_DIR='/home/tyu/Documents/concurrency-bugs/apache-25520/build/srclib/apr/build'
APR_INCLUDES=' -I/home/tyu/Documents/concurrency-bugs/apache-25520/build/srclib/apr/include -I/home/tyu/Documents/concurrency-bugs/apache-25520/httpd-2.0.48/srclib/apr/include '
APR_LIBS=' /home/tyu/Documents/concurrency-bugs/apache-25520/build/srclib/apr/libapr-0.la -lrt -lm -lcrypt -lnsl '
APR_SOURCE_DIR='/home/tyu/Documents/concurrency-bugs/apache-25520/httpd-2.0.48/srclib/apr'
APR_XML_DIR='xml/expat'
APR_XML_EXPAT_OLD=''
APR_XML_SUBDIRS='expat'
CC='/home/tyu/Documents/llvm/Release+Asserts/bin/clang'
CFLAGS='-emit-llvm -flto -g -pthread'
CPP='/home/tyu/Documents/llvm/Release+Asserts/bin/clang -E'
CPPFLAGS=' -D_REENTRANT -D_GNU_SOURCE'
DEFS='-DHAVE_CONFIG_H'
ECHO_C=''
ECHO_N='-n'
ECHO_T=''
EGREP='grep -E'
EXEEXT=''
EXTRA_OS_LINK=''
INCLUDE_RULES='include /home/tyu/Documents/concurrency-bugs/apache-25520/build/srclib/apr-util/build/rules.mk'
LDFLAGS=''
LIBOBJS=''
LIBS='-lcrypt '
LTLIBOBJS=''
OBJEXT='o'
PACKAGE_BUGREPORT=''
PACKAGE_NAME=''
PACKAGE_STRING=''
PACKAGE_TARNAME=''
PACKAGE_VERSION=''
PATH_SEPARATOR=':'
SHELL='/bin/bash'
abs_builddir='/home/tyu/Documents/concurrency-bugs/apache-25520/build/srclib/apr-util'
abs_srcdir='/home/tyu/Documents/concurrency-bugs/apache-25520/httpd-2.0.48/srclib/apr-util'
ac_ct_CC='/home/tyu/Documents/llvm/Release+Asserts/bin/clang'
apu_db_header='db.h'
apu_db_version='0'
apu_has_ldap='0'
apu_has_ldap_netscape_ssl='0'
apu_has_ldap_starttls='0'
apu_have_db='0'
apu_have_gdbm='0'
apu_have_ndbm='0'
apu_have_sdbm='1'
apu_use_db='0'
apu_use_gdbm='0'
apu_use_ndbm='0'
apu_use_sdbm='1'
bindir='${prefix}/bin'
build='x86_64-unknown-linux-gnu'
build_alias=''
build_cpu='x86_64'
build_os='linux-gnu'
build_vendor='unknown'
datadir='${prefix}'
exec_prefix='/home/tyu/Documents/concurrency-bugs/apache-25520/build/installed'
have_iconv='1'
host='x86_64-unknown-linux-gnu'
host_alias='Linux'
host_cpu='x86_64'
host_os='linux-gnu'
host_vendor='unknown'
includedir='/home/tyu/Documents/concurrency-bugs/apache-25520/build/installed/include'
infodir='${prefix}/info'
lber_h=''
ldap_h=''
ldap_ssl_h=''
lib_target='-rpath $(libdir) $$objects'
libdir='${prefix}/lib'
libexecdir='${exec_prefix}/modules'
localstatedir='${prefix}'
mandir='${prefix}/man'
oldincludedir='/usr/include'
prefix='/home/tyu/Documents/concurrency-bugs/apache-25520/build/installed'
program_transform_name='s,x,x,'
sbindir='${exec_prefix}/bin'
sharedstatedir='${prefix}/com'
so_ext='lo'
sysconfdir='${prefix}/conf'
target='x86_64-unknown-linux-gnu'
target_alias=''
target_cpu='x86_64'
target_os='linux-gnu'
target_vendor='unknown'
top_builddir='/home/tyu/Documents/concurrency-bugs/apache-25520/build/srclib/apr-util'

## ----------- ##
## confdefs.h. ##
## ----------- ##

#define APU_ICONV_INBUF_CONST 1
#define CRYPT_R_STRUCT_CRYPT_DATA 1
#define HAVE_CODESET 1
#define HAVE_CRYPT_R 1
#define HAVE_ICONV_H 1
#define HAVE_INTTYPES_H 1
#define HAVE_LANGINFO_H 1
#define HAVE_MEMORY_H 1
#define HAVE_NL_LANGINFO 1
#define HAVE_STDINT_H 1
#define HAVE_STDLIB_H 1
#define HAVE_STRINGS_H 1
#define HAVE_STRING_H 1
#define HAVE_SYS_STAT_H 1
#define HAVE_SYS_TYPES_H 1
#define HAVE_UNISTD_H 1
#define PACKAGE_BUGREPORT ""
#define PACKAGE_NAME ""
#define PACKAGE_STRING ""
#define PACKAGE_TARNAME ""
#define PACKAGE_VERSION ""
#define STDC_HEADERS 1

configure: exit 0
