This file contains any messages produced by compilers while
running configure, to aid debugging if configure makes a mistake.

It was created by configure, which was
generated by GNU Autoconf 2.54.  Invocation command line was

  $ /home/tyu/Documents/concurrency-bugs/apache-21285/httpd-2.0.46/srclib/pcre/configure --cache-file=/dev/null --srcdir=/home/tyu/Documents/concurrency-bugs/apache-21285/httpd-2.0.46/srclib/pcre --prefix=/usr/local/apache2 --exec-prefix=/usr/local/apache2 --libdir=${prefix}/lib --includedir=/usr/local/apache2/include --bindir=${prefix}/bin

## --------- ##
## Platform. ##
## --------- ##

hostname = ubuntu
uname -m = x86_64
uname -r = 3.16.0-48-generic
uname -s = Linux
uname -v = #64~14.04.1-Ubuntu SMP Thu Aug 20 23:03:57 UTC 2015

/usr/bin/uname -p = unknown
/bin/uname -X     = unknown

/bin/arch              = unknown
/usr/bin/arch -k       = unknown
/usr/convex/getsysinfo = unknown
hostinfo               = unknown
/bin/machine           = unknown
/usr/bin/oslevel       = unknown
/bin/universe          = unknown

PATH: /home/tyu/Documents/llvm-gcc4.2-2.9-x86_64-linux/bin
PATH: /home/tyu/Documents/llvm-2.9/Release/bin
PATH: /usr/local/sbin
PATH: /usr/local/bin
PATH: /usr/sbin
PATH: /usr/bin
PATH: /sbin
PATH: /bin
PATH: /usr/games
PATH: /usr/local/games


## ----------- ##
## Core tests. ##
## ----------- ##

configure:1290: checking for gcc
configure:1306: found /usr/bin/gcc
configure:1316: result: gcc
configure:1558: checking for C compiler version
configure:1561: gcc --version </dev/null >&5
gcc (Ubuntu 4.8.4-2ubuntu1~14.04) 4.8.4
Copyright (C) 2013 Free Software Foundation, Inc.
This is free software; see the source for copying conditions.  There is NO
warranty; not even for MERCHANTABILITY or FITNESS FOR A PARTICULAR PURPOSE.

configure:1564: $? = 0
configure:1566: gcc -v </dev/null >&5
Using built-in specs.
COLLECT_GCC=gcc
COLLECT_LTO_WRAPPER=/usr/lib/gcc/x86_64-linux-gnu/4.8/lto-wrapper
Target: x86_64-linux-gnu
Configured with: ../src/configure -v --with-pkgversion='Ubuntu 4.8.4-2ubuntu1~14.04' --with-bugurl=file:///usr/share/doc/gcc-4.8/README.Bugs --enable-languages=c,c++,java,go,d,fortran,objc,obj-c++ --prefix=/usr --program-suffix=-4.8 --enable-shared --enable-linker-build-id --libexecdir=/usr/lib --without-included-gettext --enable-threads=posix --with-gxx-include-dir=/usr/include/c++/4.8 --libdir=/usr/lib --enable-nls --with-sysroot=/ --enable-clocale=gnu --enable-libstdcxx-debug --enable-libstdcxx-time=yes --enable-gnu-unique-object --disable-libmudflap --enable-plugin --with-system-zlib --disable-browser-plugin --enable-java-awt=gtk --enable-gtk-cairo --with-java-home=/usr/lib/jvm/java-1.5.0-gcj-4.8-amd64/jre --enable-java-home --with-jvm-root-dir=/usr/lib/jvm/java-1.5.0-gcj-4.8-amd64 --with-jvm-jar-dir=/usr/lib/jvm-exports/java-1.5.0-gcj-4.8-amd64 --with-arch-directory=amd64 --with-ecj-jar=/usr/share/java/eclipse-ecj.jar --enable-objc-gc --enable-multiarch --disable-werror --with-arch-32=i686 --with-abi=m64 --with-multilib-list=m32,m64,mx32 --with-tune=generic --enable-checking=release --build=x86_64-linux-gnu --host=x86_64-linux-gnu --target=x86_64-linux-gnu
Thread model: posix
gcc version 4.8.4 (Ubuntu 4.8.4-2ubuntu1~14.04) 
configure:1569: $? = 0
configure:1571: gcc -V </dev/null >&5
gcc: error: unrecognized command line option '-V'
gcc: fatal error: no input files
compilation terminated.
configure:1574: $? = 4
configure:1594: checking for C compiler default output
configure:1597: gcc    conftest.c  >&5
configure:1600: $? = 0
configure:1634: result: a.out
configure:1639: checking whether the C compiler works
configure:1645: ./a.out
configure:1648: $? = 0
configure:1663: result: yes
configure:1670: checking whether we are cross compiling
configure:1672: result: no
configure:1675: checking for suffix of executables
configure:1677: gcc -o conftest    conftest.c  >&5
configure:1680: $? = 0
configure:1703: result: 
configure:1709: checking for suffix of object files
configure:1727: gcc -c   conftest.c >&5
configure:1730: $? = 0
configure:1749: result: o
configure:1753: checking whether we are using the GNU C compiler
configure:1774: gcc -c   conftest.c >&5
configure:1777: $? = 0
configure:1780: test -s conftest.o
configure:1783: $? = 0
configure:1795: result: yes
configure:1801: checking whether gcc accepts -g
configure:1819: gcc -c -g  conftest.c >&5
configure:1822: $? = 0
configure:1825: test -s conftest.o
configure:1828: $? = 0
configure:1838: result: yes
configure:1855: checking for gcc option to accept ANSI C
configure:1912: gcc  -c -g -O2  conftest.c >&5
configure:1915: $? = 0
configure:1918: test -s conftest.o
configure:1921: $? = 0
configure:1938: result: none needed
configure:1956: gcc -c -g -O2  conftest.c >&5
conftest.c:2:3: error: unknown type name 'choke'
   choke me
   ^
conftest.c:2:3: error: expected '=', ',', ';', 'asm' or '__attribute__' at end of input
configure:1959: $? = 1
configure: failed program was:
#ifndef __cplusplus
  choke me
#endif
configure:2098: checking for ranlib
configure:2114: found /usr/bin/ranlib
configure:2125: result: ranlib
configure:2145: checking how to run the C preprocessor
configure:2171: gcc -E  conftest.c
configure:2177: $? = 0
configure:2204: gcc -E  conftest.c
configure:2200:28: fatal error: ac_nonexistent.h: No such file or directory
 #line $LINENO "configure"
                            ^
compilation terminated.
configure:2210: $? = 1
configure: failed program was:
#line 2199 "configure"
#include "confdefs.h"
#include <ac_nonexistent.h>
configure:2247: result: gcc -E
configure:2262: gcc -E  conftest.c
configure:2268: $? = 0
configure:2295: gcc -E  conftest.c
configure:2291:28: fatal error: ac_nonexistent.h: No such file or directory
 #line $LINENO "configure"
                            ^
compilation terminated.
configure:2301: $? = 1
configure: failed program was:
#line 2290 "configure"
#include "confdefs.h"
#include <ac_nonexistent.h>
configure:2341: checking for egrep
configure:2351: result: grep -E
configure:2356: checking for ANSI C header files
configure:2370: gcc -E  conftest.c
configure:2376: $? = 0
configure:2463: gcc -o conftest -g -O2   conftest.c  >&5
configure: In function 'main':
configure:2454:7: warning: incompatible implicit declaration of built-in function 'exit' [enabled by default]
   int i;
       ^
configure:2466: $? = 0
configure:2468: ./conftest
configure:2471: $? = 0
configure:2485: result: yes
configure:2509: checking for sys/types.h
configure:2522: gcc -c -g -O2  conftest.c >&5
configure:2525: $? = 0
configure:2528: test -s conftest.o
configure:2531: $? = 0
configure:2541: result: yes
configure:2509: checking for sys/stat.h
configure:2522: gcc -c -g -O2  conftest.c >&5
configure:2525: $? = 0
configure:2528: test -s conftest.o
configure:2531: $? = 0
configure:2541: result: yes
configure:2509: checking for stdlib.h
configure:2522: gcc -c -g -O2  conftest.c >&5
configure:2525: $? = 0
configure:2528: test -s conftest.o
configure:2531: $? = 0
configure:2541: result: yes
configure:2509: checking for string.h
configure:2522: gcc -c -g -O2  conftest.c >&5
configure:2525: $? = 0
configure:2528: test -s conftest.o
configure:2531: $? = 0
configure:2541: result: yes
configure:2509: checking for memory.h
configure:2522: gcc -c -g -O2  conftest.c >&5
configure:2525: $? = 0
configure:2528: test -s conftest.o
configure:2531: $? = 0
configure:2541: result: yes
configure:2509: checking for strings.h
configure:2522: gcc -c -g -O2  conftest.c >&5
configure:2525: $? = 0
configure:2528: test -s conftest.o
configure:2531: $? = 0
configure:2541: result: yes
configure:2509: checking for inttypes.h
configure:2522: gcc -c -g -O2  conftest.c >&5
configure:2525: $? = 0
configure:2528: test -s conftest.o
configure:2531: $? = 0
configure:2541: result: yes
configure:2509: checking for stdint.h
configure:2522: gcc -c -g -O2  conftest.c >&5
configure:2525: $? = 0
configure:2528: test -s conftest.o
configure:2531: $? = 0
configure:2541: result: yes
configure:2509: checking for unistd.h
configure:2522: gcc -c -g -O2  conftest.c >&5
configure:2525: $? = 0
configure:2528: test -s conftest.o
configure:2531: $? = 0
configure:2541: result: yes
configure:2567: checking limits.h usability
configure:2576: gcc -c -g -O2  conftest.c >&5
configure:2579: $? = 0
configure:2582: test -s conftest.o
configure:2585: $? = 0
configure:2594: result: yes
configure:2598: checking limits.h presence
configure:2605: gcc -E  conftest.c
configure:2611: $? = 0
configure:2629: result: yes
configure:2647: checking for limits.h
configure:2654: result: yes
configure:2669: checking for an ANSI C-conforming const
configure:2733: gcc -c -g -O2  conftest.c >&5
configure:2736: $? = 0
configure:2739: test -s conftest.o
configure:2742: $? = 0
configure:2752: result: yes
configure:2762: checking for size_t
configure:2783: gcc -c -g -O2  conftest.c >&5
configure:2786: $? = 0
configure:2789: test -s conftest.o
configure:2792: $? = 0
configure:2802: result: yes
configure:2822: checking for bcopy
configure:2859: gcc -o conftest -g -O2   conftest.c  >&5
configure:2837:6: warning: conflicting types for built-in function 'bcopy' [enabled by default]
 /* We use char because int might match the return type of a gcc2
      ^
configure:2862: $? = 0
configure:2865: test -s conftest
configure:2868: $? = 0
configure:2878: result: yes
configure:2822: checking for memmove
configure:2859: gcc -o conftest -g -O2   conftest.c  >&5
configure:2837:6: warning: conflicting types for built-in function 'memmove' [enabled by default]
 /* We use char because int might match the return type of a gcc2
      ^
configure:2862: $? = 0
configure:2865: test -s conftest
configure:2868: $? = 0
configure:2878: result: yes
configure:2822: checking for strerror
configure:2859: gcc -o conftest -g -O2   conftest.c  >&5
configure:2862: $? = 0
configure:2865: test -s conftest
configure:2868: $? = 0
configure:2878: result: yes
configure:3043: creating ./config.status

## ---------------------- ##
## Running config.status. ##
## ---------------------- ##

This file was extended by config.status, which was
generated by GNU Autoconf 2.54.  Invocation command line was

  CONFIG_FILES    = 
  CONFIG_HEADERS  = 
  CONFIG_LINKS    = 
  CONFIG_COMMANDS = 
  $ ./config.status 

on ubuntu

config.status:606: creating Makefile
config.status:606: creating pcre.h
config.status:606: creating pcre-config
config.status:702: creating config.h
config.status:911: executing default commands

## ---------------- ##
## Cache variables. ##
## ---------------- ##

ac_cv_c_compiler_gnu=yes
ac_cv_c_const=yes
ac_cv_env_CC_set=
ac_cv_env_CC_value=
ac_cv_env_CFLAGS_set=
ac_cv_env_CFLAGS_value=
ac_cv_env_CPPFLAGS_set=
ac_cv_env_CPPFLAGS_value=
ac_cv_env_CPP_set=
ac_cv_env_CPP_value=
ac_cv_env_LDFLAGS_set=
ac_cv_env_LDFLAGS_value=
ac_cv_env_build_alias_set=
ac_cv_env_build_alias_value=
ac_cv_env_host_alias_set=
ac_cv_env_host_alias_value=
ac_cv_env_target_alias_set=
ac_cv_env_target_alias_value=
ac_cv_exeext=
ac_cv_func_bcopy=yes
ac_cv_func_memmove=yes
ac_cv_func_strerror=yes
ac_cv_header_inttypes_h=yes
ac_cv_header_limits_h=yes
ac_cv_header_memory_h=yes
ac_cv_header_stdc=yes
ac_cv_header_stdint_h=yes
ac_cv_header_stdlib_h=yes
ac_cv_header_string_h=yes
ac_cv_header_strings_h=yes
ac_cv_header_sys_stat_h=yes
ac_cv_header_sys_types_h=yes
ac_cv_header_unistd_h=yes
ac_cv_objext=o
ac_cv_prog_CPP='gcc -E'
ac_cv_prog_ac_ct_CC=gcc
ac_cv_prog_ac_ct_RANLIB=ranlib
ac_cv_prog_cc_g=yes
ac_cv_prog_cc_stdc=
ac_cv_prog_egrep='grep -E'
ac_cv_type_size_t=yes

## ----------------- ##
## Output variables. ##
## ----------------- ##

CC='gcc'
CFLAGS='-g -O2'
CPP='gcc -E'
CPPFLAGS=''
DEFS='-DHAVE_CONFIG_H'
ECHO_C=''
ECHO_N='-n'
ECHO_T=''
EGREP='grep -E'
EXEEXT=''
HAVE_MEMMOVE=''
HAVE_STRERROR=''
LDFLAGS=''
LIBOBJS=''
LIBS=''
LIBSUFFIX='la'
LIBTOOL='./libtool'
LTLIBOBJS=''
NEWLINE=''
OBJEXT='o'
PACKAGE_BUGREPORT=''
PACKAGE_NAME=''
PACKAGE_STRING=''
PACKAGE_TARNAME=''
PACKAGE_VERSION=''
PATH_SEPARATOR=':'
PCRE_DATE='02-Jan-2002'
PCRE_LIB_VERSION='0:1:0'
PCRE_MAJOR='3'
PCRE_MINOR='9'
PCRE_POSIXLIB_VERSION='0:0:0'
PCRE_VERSION='3.9'
RANLIB='ranlib'
SHELL='/bin/bash'
UTF8=''
ac_ct_CC='gcc'
ac_ct_RANLIB='ranlib'
bindir='${prefix}/bin'
build_alias=''
datadir='${prefix}/share'
exec_prefix='/usr/local/apache2'
host_alias=''
includedir='/usr/local/apache2/include'
infodir='${prefix}/info'
libdir='${prefix}/lib'
libexecdir='${exec_prefix}/libexec'
localstatedir='${prefix}/var'
mandir='${prefix}/man'
oldincludedir='/usr/include'
prefix='/usr/local/apache2'
program_transform_name='s,x,x,'
sbindir='${exec_prefix}/sbin'
sharedstatedir='${prefix}/com'
sysconfdir='${prefix}/etc'
target_alias=''

## ----------- ##
## confdefs.h. ##
## ----------- ##

#define HAVE_BCOPY 1
#define HAVE_INTTYPES_H 1
#define HAVE_LIMITS_H 1
#define HAVE_MEMMOVE 1
#define HAVE_MEMORY_H 1
#define HAVE_STDINT_H 1
#define HAVE_STDLIB_H 1
#define HAVE_STRERROR 1
#define HAVE_STRINGS_H 1
#define HAVE_STRING_H 1
#define HAVE_SYS_STAT_H 1
#define HAVE_SYS_TYPES_H 1
#define HAVE_UNISTD_H 1
#define PACKAGE_BUGREPORT ""
#define PACKAGE_NAME ""
#define PACKAGE_STRING ""
#define PACKAGE_TARNAME ""
#define PACKAGE_VERSION ""
#define STDC_HEADERS 1

configure: exit 0
