This file contains any messages produced by compilers while
running configure, to aid debugging if configure makes a mistake.

It was created by configure, which was
generated by GNU Autoconf 2.62.  Invocation command line was

  $ ./configure 

## --------- ##
## Platform. ##
## --------- ##

hostname = ubuntu
uname -m = x86_64
uname -r = 3.16.0-48-generic
uname -s = Linux
uname -v = #64~14.04.1-Ubuntu SMP Thu Aug 20 23:03:57 UTC 2015

/usr/bin/uname -p = unknown
/bin/uname -X     = unknown

/bin/arch              = unknown
/usr/bin/arch -k       = unknown
/usr/convex/getsysinfo = unknown
/usr/bin/hostinfo      = unknown
/bin/machine           = unknown
/usr/bin/oslevel       = unknown
/bin/universe          = unknown

PATH: /home/tyu/Documents/llvm-gcc4.2-2.9-x86_64-linux/bin
PATH: /home/tyu/Documents/llvm-2.9/Release/bin
PATH: /usr/local/sbin
PATH: /usr/local/bin
PATH: /usr/sbin
PATH: /usr/bin
PATH: /sbin
PATH: /bin
PATH: /usr/games
PATH: /usr/local/games


## ----------- ##
## Core tests. ##
## ----------- ##

configure:2494: checking for chosen layout
configure:2496: result: Apache
configure:3301: checking for working mkdir -p
configure:3317: result: yes
configure:3334: checking build system type
configure:3352: result: x86_64-unknown-linux-gnu
configure:3374: checking host system type
configure:3389: result: x86_64-unknown-linux-gnu
configure:3411: checking target system type
configure:3426: result: x86_64-unknown-linux-gnu
configure:3498: checking for APR
configure:3583: result: reconfig
configure:3857: checking for APR-util
configure:3942: result: reconfig
configure:4189: checking for gcc
configure:4216: result: gcc
configure:4454: checking for C compiler version
configure:4462: gcc --version >&5
gcc (Ubuntu 4.8.4-2ubuntu1~14.04) 4.8.4
Copyright (C) 2013 Free Software Foundation, Inc.
This is free software; see the source for copying conditions.  There is NO
warranty; not even for MERCHANTABILITY or FITNESS FOR A PARTICULAR PURPOSE.

configure:4466: $? = 0
configure:4473: gcc -v >&5
Using built-in specs.
COLLECT_GCC=gcc
COLLECT_LTO_WRAPPER=/usr/lib/gcc/x86_64-linux-gnu/4.8/lto-wrapper
Target: x86_64-linux-gnu
Configured with: ../src/configure -v --with-pkgversion='Ubuntu 4.8.4-2ubuntu1~14.04' --with-bugurl=file:///usr/share/doc/gcc-4.8/README.Bugs --enable-languages=c,c++,java,go,d,fortran,objc,obj-c++ --prefix=/usr --program-suffix=-4.8 --enable-shared --enable-linker-build-id --libexecdir=/usr/lib --without-included-gettext --enable-threads=posix --with-gxx-include-dir=/usr/include/c++/4.8 --libdir=/usr/lib --enable-nls --with-sysroot=/ --enable-clocale=gnu --enable-libstdcxx-debug --enable-libstdcxx-time=yes --enable-gnu-unique-object --disable-libmudflap --enable-plugin --with-system-zlib --disable-browser-plugin --enable-java-awt=gtk --enable-gtk-cairo --with-java-home=/usr/lib/jvm/java-1.5.0-gcj-4.8-amd64/jre --enable-java-home --with-jvm-root-dir=/usr/lib/jvm/java-1.5.0-gcj-4.8-amd64 --with-jvm-jar-dir=/usr/lib/jvm-exports/java-1.5.0-gcj-4.8-amd64 --with-arch-directory=amd64 --with-ecj-jar=/usr/share/java/eclipse-ecj.jar --enable-objc-gc --enable-multiarch --disable-werror --with-arch-32=i686 --with-abi=m64 --with-multilib-list=m32,m64,mx32 --with-tune=generic --enable-checking=release --build=x86_64-linux-gnu --host=x86_64-linux-gnu --target=x86_64-linux-gnu
Thread model: posix
gcc version 4.8.4 (Ubuntu 4.8.4-2ubuntu1~14.04) 
configure:4477: $? = 0
configure:4484: gcc -V >&5
gcc: error: unrecognized command line option '-V'
gcc: fatal error: no input files
compilation terminated.
configure:4488: $? = 4
configure:4511: checking for C compiler default output file name
configure:4533: gcc  -g -O2 -pthread  -D_REENTRANT -D_GNU_SOURCE   conftest.c  >&5
configure:4537: $? = 0
configure:4575: result: a.out
configure:4592: checking whether the C compiler works
configure:4602: ./a.out
configure:4606: $? = 0
configure:4623: result: yes
configure:4630: checking whether we are cross compiling
configure:4632: result: no
configure:4635: checking for suffix of executables
configure:4642: gcc -o conftest  -g -O2 -pthread  -D_REENTRANT -D_GNU_SOURCE   conftest.c  >&5
configure:4646: $? = 0
configure:4670: result: 
configure:4676: checking for suffix of object files
configure:4702: gcc -c  -g -O2 -pthread  -D_REENTRANT -D_GNU_SOURCE conftest.c >&5
configure:4706: $? = 0
configure:4729: result: o
configure:4733: checking whether we are using the GNU C compiler
configure:4762: gcc -c  -g -O2 -pthread  -D_REENTRANT -D_GNU_SOURCE conftest.c >&5
configure:4769: $? = 0
configure:4786: result: yes
configure:4795: checking whether gcc accepts -g
configure:4825: gcc -c -g  -D_REENTRANT -D_GNU_SOURCE conftest.c >&5
configure:4832: $? = 0
configure:4933: result: yes
configure:4950: checking for gcc option to accept ISO C89
configure:5024: gcc  -c  -g -O2 -pthread  -D_REENTRANT -D_GNU_SOURCE conftest.c >&5
configure:5031: $? = 0
configure:5054: result: none needed
configure:5077: checking how to run the C preprocessor
configure:5195: result: gcc -E
configure:5224: gcc -E  -D_REENTRANT -D_GNU_SOURCE conftest.c
configure:5231: $? = 0
configure:5262: gcc -E  -D_REENTRANT -D_GNU_SOURCE conftest.c
conftest.c:8:28: fatal error: ac_nonexistent.h: No such file or directory
 #include <ac_nonexistent.h>
                            ^
compilation terminated.
configure:5269: $? = 1
configure: failed program was:
| /* confdefs.h.  */
| #define PACKAGE_NAME ""
| #define PACKAGE_TARNAME ""
| #define PACKAGE_VERSION ""
| #define PACKAGE_STRING ""
| #define PACKAGE_BUGREPORT ""
| /* end confdefs.h.  */
| #include <ac_nonexistent.h>
configure:5427: Configuring PCRE regular expression library
configure:5871: checking for rm
configure:5889: found /bin/rm
configure:5901: result: /bin/rm
configure:5911: checking for pkg-config
configure:5929: found /usr/bin/pkg-config
configure:5941: result: /usr/bin/pkg-config
configure:5951: checking for rsync
configure:5969: found /usr/bin/rsync
configure:5981: result: /usr/bin/rsync
configure:5993: checking for gawk
configure:6023: result: no
configure:5993: checking for mawk
configure:6009: found /usr/bin/mawk
configure:6020: result: mawk
configure:6031: checking whether ln -s works
configure:6035: result: yes
configure:6085: checking for ranlib
configure:6101: found /usr/bin/ranlib
configure:6112: result: ranlib
configure:6142: checking for lynx
configure:6172: result: no
configure:6142: checking for links
configure:6172: result: no
configure:6142: checking for elinks
configure:6172: result: no
configure:6196: checking for grep that handles long lines and -e
configure:6256: result: /bin/grep
configure:6261: checking for egrep
configure:6325: result: /bin/grep -E
configure:6330: checking for ANSI C header files
configure:6360: gcc -c  -g -O2 -pthread  -D_REENTRANT -D_GNU_SOURCE conftest.c >&5
configure:6367: $? = 0
configure:6466: gcc -o conftest  -g -O2 -pthread  -D_REENTRANT -D_GNU_SOURCE   conftest.c  >&5
configure:6470: $? = 0
configure:6476: ./conftest
configure:6480: $? = 0
configure:6498: result: yes
configure:6522: checking for sys/types.h
configure:6543: gcc -c  -g -O2 -pthread  -D_REENTRANT -D_GNU_SOURCE conftest.c >&5
configure:6550: $? = 0
configure:6567: result: yes
configure:6522: checking for sys/stat.h
configure:6543: gcc -c  -g -O2 -pthread  -D_REENTRANT -D_GNU_SOURCE conftest.c >&5
configure:6550: $? = 0
configure:6567: result: yes
configure:6522: checking for stdlib.h
configure:6543: gcc -c  -g -O2 -pthread  -D_REENTRANT -D_GNU_SOURCE conftest.c >&5
configure:6550: $? = 0
configure:6567: result: yes
configure:6522: checking for string.h
configure:6543: gcc -c  -g -O2 -pthread  -D_REENTRANT -D_GNU_SOURCE conftest.c >&5
configure:6550: $? = 0
configure:6567: result: yes
configure:6522: checking for memory.h
configure:6543: gcc -c  -g -O2 -pthread  -D_REENTRANT -D_GNU_SOURCE conftest.c >&5
configure:6550: $? = 0
configure:6567: result: yes
configure:6522: checking for strings.h
configure:6543: gcc -c  -g -O2 -pthread  -D_REENTRANT -D_GNU_SOURCE conftest.c >&5
configure:6550: $? = 0
configure:6567: result: yes
configure:6522: checking for inttypes.h
configure:6543: gcc -c  -g -O2 -pthread  -D_REENTRANT -D_GNU_SOURCE conftest.c >&5
configure:6550: $? = 0
configure:6567: result: yes
configure:6522: checking for stdint.h
configure:6543: gcc -c  -g -O2 -pthread  -D_REENTRANT -D_GNU_SOURCE conftest.c >&5
configure:6550: $? = 0
configure:6567: result: yes
configure:6522: checking for unistd.h
configure:6543: gcc -c  -g -O2 -pthread  -D_REENTRANT -D_GNU_SOURCE conftest.c >&5
configure:6550: $? = 0
configure:6567: result: yes
configure:6591: checking minix/config.h usability
configure:6608: gcc -c  -g -O2 -pthread  -D_REENTRANT -D_GNU_SOURCE conftest.c >&5
conftest.c:51:26: fatal error: minix/config.h: No such file or directory
 #include <minix/config.h>
                          ^
compilation terminated.
configure:6615: $? = 1
configure: failed program was:
| /* confdefs.h.  */
| #define PACKAGE_NAME ""
| #define PACKAGE_TARNAME ""
| #define PACKAGE_VERSION ""
| #define PACKAGE_STRING ""
| #define PACKAGE_BUGREPORT ""
| #define STDC_HEADERS 1
| #define HAVE_SYS_TYPES_H 1
| #define HAVE_SYS_STAT_H 1
| #define HAVE_STDLIB_H 1
| #define HAVE_STRING_H 1
| #define HAVE_MEMORY_H 1
| #define HAVE_STRINGS_H 1
| #define HAVE_INTTYPES_H 1
| #define HAVE_STDINT_H 1
| #define HAVE_UNISTD_H 1
| /* end confdefs.h.  */
| #include <stdio.h>
| #ifdef HAVE_SYS_TYPES_H
| # include <sys/types.h>
| #endif
| #ifdef HAVE_SYS_STAT_H
| # include <sys/stat.h>
| #endif
| #ifdef STDC_HEADERS
| # include <stdlib.h>
| # include <stddef.h>
| #else
| # ifdef HAVE_STDLIB_H
| #  include <stdlib.h>
| # endif
| #endif
| #ifdef HAVE_STRING_H
| # if !defined STDC_HEADERS && defined HAVE_MEMORY_H
| #  include <memory.h>
| # endif
| # include <string.h>
| #endif
| #ifdef HAVE_STRINGS_H
| # include <strings.h>
| #endif
| #ifdef HAVE_INTTYPES_H
| # include <inttypes.h>
| #endif
| #ifdef HAVE_STDINT_H
| # include <stdint.h>
| #endif
| #ifdef HAVE_UNISTD_H
| # include <unistd.h>
| #endif
| #include <minix/config.h>
configure:6629: result: no
configure:6633: checking minix/config.h presence
configure:6648: gcc -E  -D_REENTRANT -D_GNU_SOURCE conftest.c
conftest.c:18:26: fatal error: minix/config.h: No such file or directory
 #include <minix/config.h>
                          ^
compilation terminated.
configure:6655: $? = 1
configure: failed program was:
| /* confdefs.h.  */
| #define PACKAGE_NAME ""
| #define PACKAGE_TARNAME ""
| #define PACKAGE_VERSION ""
| #define PACKAGE_STRING ""
| #define PACKAGE_BUGREPORT ""
| #define STDC_HEADERS 1
| #define HAVE_SYS_TYPES_H 1
| #define HAVE_SYS_STAT_H 1
| #define HAVE_STDLIB_H 1
| #define HAVE_STRING_H 1
| #define HAVE_MEMORY_H 1
| #define HAVE_STRINGS_H 1
| #define HAVE_INTTYPES_H 1
| #define HAVE_STDINT_H 1
| #define HAVE_UNISTD_H 1
| /* end confdefs.h.  */
| #include <minix/config.h>
configure:6669: result: no
configure:6697: checking for minix/config.h
configure:6704: result: no
configure:6735: checking whether it is safe to define __EXTENSIONS__
configure:6763: gcc -c  -g -O2 -pthread  -D_REENTRANT -D_GNU_SOURCE conftest.c >&5
configure:6770: $? = 0
configure:6785: result: yes
configure:6809: checking for library containing strerror
configure:6850: gcc -o conftest  -g -O2 -pthread  -D_REENTRANT -D_GNU_SOURCE   conftest.c  >&5
configure:6857: $? = 0
configure:6888: result: none required
configure:6898: checking for minix/config.h
configure:6903: result: no
configure:7051: checking whether it is safe to define __EXTENSIONS__
configure:7101: result: yes
configure:7278: checking for ANSI C header files
configure:7446: result: yes
configure:7481: checking for string.h
configure:7488: result: yes
configure:7492: checking limits.h usability
configure:7509: gcc -c  -g -O2 -pthread  -D_REENTRANT -D_GNU_SOURCE conftest.c >&5
configure:7516: $? = 0
configure:7530: result: yes
configure:7534: checking limits.h presence
configure:7549: gcc -E  -D_REENTRANT -D_GNU_SOURCE conftest.c
configure:7556: $? = 0
configure:7570: result: yes
configure:7598: checking for limits.h
configure:7607: result: yes
configure:7481: checking for unistd.h
configure:7488: result: yes
configure:7492: checking sys/socket.h usability
configure:7509: gcc -c  -g -O2 -pthread  -D_REENTRANT -D_GNU_SOURCE conftest.c >&5
configure:7516: $? = 0
configure:7530: result: yes
configure:7534: checking sys/socket.h presence
configure:7549: gcc -E  -D_REENTRANT -D_GNU_SOURCE conftest.c
configure:7556: $? = 0
configure:7570: result: yes
configure:7598: checking for sys/socket.h
configure:7607: result: yes
configure:7492: checking pwd.h usability
configure:7509: gcc -c  -g -O2 -pthread  -D_REENTRANT -D_GNU_SOURCE conftest.c >&5
configure:7516: $? = 0
configure:7530: result: yes
configure:7534: checking pwd.h presence
configure:7549: gcc -E  -D_REENTRANT -D_GNU_SOURCE conftest.c
configure:7556: $? = 0
configure:7570: result: yes
configure:7598: checking for pwd.h
configure:7607: result: yes
configure:7492: checking grp.h usability
configure:7509: gcc -c  -g -O2 -pthread  -D_REENTRANT -D_GNU_SOURCE conftest.c >&5
configure:7516: $? = 0
configure:7530: result: yes
configure:7534: checking grp.h presence
configure:7549: gcc -E  -D_REENTRANT -D_GNU_SOURCE conftest.c
configure:7556: $? = 0
configure:7570: result: yes
configure:7598: checking for grp.h
configure:7607: result: yes
configure:7481: checking for strings.h
configure:7488: result: yes
configure:7492: checking sys/prctl.h usability
configure:7509: gcc -c  -g -O2 -pthread  -D_REENTRANT -D_GNU_SOURCE conftest.c >&5
configure:7516: $? = 0
configure:7530: result: yes
configure:7534: checking sys/prctl.h presence
configure:7549: gcc -E  -D_REENTRANT -D_GNU_SOURCE conftest.c
configure:7556: $? = 0
configure:7570: result: yes
configure:7598: checking for sys/prctl.h
configure:7607: result: yes
configure:7492: checking sys/processor.h usability
configure:7509: gcc -c  -g -O2 -pthread  -D_REENTRANT -D_GNU_SOURCE conftest.c >&5
conftest.c:70:27: fatal error: sys/processor.h: No such file or directory
 #include <sys/processor.h>
                           ^
compilation terminated.
configure:7516: $? = 1
configure: failed program was:
| /* confdefs.h.  */
| #define PACKAGE_NAME ""
| #define PACKAGE_TARNAME ""
| #define PACKAGE_VERSION ""
| #define PACKAGE_STRING ""
| #define PACKAGE_BUGREPORT ""
| #define STDC_HEADERS 1
| #define HAVE_SYS_TYPES_H 1
| #define HAVE_SYS_STAT_H 1
| #define HAVE_STDLIB_H 1
| #define HAVE_STRING_H 1
| #define HAVE_MEMORY_H 1
| #define HAVE_STRINGS_H 1
| #define HAVE_INTTYPES_H 1
| #define HAVE_STDINT_H 1
| #define HAVE_UNISTD_H 1
| #define __EXTENSIONS__ 1
| #define _ALL_SOURCE 1
| #define _GNU_SOURCE 1
| #define _POSIX_PTHREAD_SEMANTICS 1
| #define _TANDEM_SOURCE 1
| #define __EXTENSIONS__ 1
| #define _ALL_SOURCE 1
| #define _GNU_SOURCE 1
| #define _POSIX_PTHREAD_SEMANTICS 1
| #define _TANDEM_SOURCE 1
| #define STDC_HEADERS 1
| #define HAVE_STRING_H 1
| #define HAVE_LIMITS_H 1
| #define HAVE_UNISTD_H 1
| #define HAVE_SYS_SOCKET_H 1
| #define HAVE_PWD_H 1
| #define HAVE_GRP_H 1
| #define HAVE_STRINGS_H 1
| #define HAVE_SYS_PRCTL_H 1
| /* end confdefs.h.  */
| #include <stdio.h>
| #ifdef HAVE_SYS_TYPES_H
| # include <sys/types.h>
| #endif
| #ifdef HAVE_SYS_STAT_H
| # include <sys/stat.h>
| #endif
| #ifdef STDC_HEADERS
| # include <stdlib.h>
| # include <stddef.h>
| #else
| # ifdef HAVE_STDLIB_H
| #  include <stdlib.h>
| # endif
| #endif
| #ifdef HAVE_STRING_H
| # if !defined STDC_HEADERS && defined HAVE_MEMORY_H
| #  include <memory.h>
| # endif
| # include <string.h>
| #endif
| #ifdef HAVE_STRINGS_H
| # include <strings.h>
| #endif
| #ifdef HAVE_INTTYPES_H
| # include <inttypes.h>
| #endif
| #ifdef HAVE_STDINT_H
| # include <stdint.h>
| #endif
| #ifdef HAVE_UNISTD_H
| # include <unistd.h>
| #endif
| #include <sys/processor.h>
configure:7530: result: no
configure:7534: checking sys/processor.h presence
configure:7549: gcc -E  -D_REENTRANT -D_GNU_SOURCE conftest.c
conftest.c:37:27: fatal error: sys/processor.h: No such file or directory
 #include <sys/processor.h>
                           ^
compilation terminated.
configure:7556: $? = 1
configure: failed program was:
| /* confdefs.h.  */
| #define PACKAGE_NAME ""
| #define PACKAGE_TARNAME ""
| #define PACKAGE_VERSION ""
| #define PACKAGE_STRING ""
| #define PACKAGE_BUGREPORT ""
| #define STDC_HEADERS 1
| #define HAVE_SYS_TYPES_H 1
| #define HAVE_SYS_STAT_H 1
| #define HAVE_STDLIB_H 1
| #define HAVE_STRING_H 1
| #define HAVE_MEMORY_H 1
| #define HAVE_STRINGS_H 1
| #define HAVE_INTTYPES_H 1
| #define HAVE_STDINT_H 1
| #define HAVE_UNISTD_H 1
| #define __EXTENSIONS__ 1
| #define _ALL_SOURCE 1
| #define _GNU_SOURCE 1
| #define _POSIX_PTHREAD_SEMANTICS 1
| #define _TANDEM_SOURCE 1
| #define __EXTENSIONS__ 1
| #define _ALL_SOURCE 1
| #define _GNU_SOURCE 1
| #define _POSIX_PTHREAD_SEMANTICS 1
| #define _TANDEM_SOURCE 1
| #define STDC_HEADERS 1
| #define HAVE_STRING_H 1
| #define HAVE_LIMITS_H 1
| #define HAVE_UNISTD_H 1
| #define HAVE_SYS_SOCKET_H 1
| #define HAVE_PWD_H 1
| #define HAVE_GRP_H 1
| #define HAVE_STRINGS_H 1
| #define HAVE_SYS_PRCTL_H 1
| /* end confdefs.h.  */
| #include <sys/processor.h>
configure:7570: result: no
configure:7598: checking for sys/processor.h
configure:7607: result: no
configure:7492: checking sys/sem.h usability
configure:7509: gcc -c  -g -O2 -pthread  -D_REENTRANT -D_GNU_SOURCE conftest.c >&5
configure:7516: $? = 0
configure:7530: result: yes
configure:7534: checking sys/sem.h presence
configure:7549: gcc -E  -D_REENTRANT -D_GNU_SOURCE conftest.c
configure:7556: $? = 0
configure:7570: result: yes
configure:7598: checking for sys/sem.h
configure:7607: result: yes
configure:7621: checking for sys/wait.h that is POSIX.1 compatible
configure:7657: gcc -c  -g -O2 -pthread  -D_REENTRANT -D_GNU_SOURCE conftest.c >&5
configure:7664: $? = 0
configure:7679: result: yes
configure:7691: checking for an ANSI C-conforming const
configure:7766: gcc -c  -g -O2 -pthread  -D_REENTRANT -D_GNU_SOURCE conftest.c >&5
configure:7773: $? = 0
configure:7788: result: yes
configure:7799: checking for library containing sqrt
configure:7840: gcc -o conftest  -g -O2 -pthread  -D_REENTRANT -D_GNU_SOURCE   conftest.c  >&5
conftest.c:46:6: warning: conflicting types for built-in function 'sqrt' [enabled by default]
 char sqrt ();
      ^
/tmp/cciGWG8x.o: In function `main':
/home/tyu/Documents/concurrency-bugs/apache-45605/httpd-2.2.9/conftest.c:50: undefined reference to `sqrt'
collect2: error: ld returned 1 exit status
configure:7847: $? = 1
configure: failed program was:
| /* confdefs.h.  */
| #define PACKAGE_NAME ""
| #define PACKAGE_TARNAME ""
| #define PACKAGE_VERSION ""
| #define PACKAGE_STRING ""
| #define PACKAGE_BUGREPORT ""
| #define STDC_HEADERS 1
| #define HAVE_SYS_TYPES_H 1
| #define HAVE_SYS_STAT_H 1
| #define HAVE_STDLIB_H 1
| #define HAVE_STRING_H 1
| #define HAVE_MEMORY_H 1
| #define HAVE_STRINGS_H 1
| #define HAVE_INTTYPES_H 1
| #define HAVE_STDINT_H 1
| #define HAVE_UNISTD_H 1
| #define __EXTENSIONS__ 1
| #define _ALL_SOURCE 1
| #define _GNU_SOURCE 1
| #define _POSIX_PTHREAD_SEMANTICS 1
| #define _TANDEM_SOURCE 1
| #define __EXTENSIONS__ 1
| #define _ALL_SOURCE 1
| #define _GNU_SOURCE 1
| #define _POSIX_PTHREAD_SEMANTICS 1
| #define _TANDEM_SOURCE 1
| #define STDC_HEADERS 1
| #define HAVE_STRING_H 1
| #define HAVE_LIMITS_H 1
| #define HAVE_UNISTD_H 1
| #define HAVE_SYS_SOCKET_H 1
| #define HAVE_PWD_H 1
| #define HAVE_GRP_H 1
| #define HAVE_STRINGS_H 1
| #define HAVE_SYS_PRCTL_H 1
| #define HAVE_SYS_SEM_H 1
| #define HAVE_SYS_WAIT_H 1
| /* end confdefs.h.  */
| 
| /* Override any GCC internal prototype to avoid an error.
|    Use char because int might match the return type of a GCC
|    builtin and then its argument prototype would still apply.  */
| #ifdef __cplusplus
| extern "C"
| #endif
| char sqrt ();
| int
| main ()
| {
| return sqrt ();
|   ;
|   return 0;
| }
configure:7840: gcc -o conftest  -g -O2 -pthread  -D_REENTRANT -D_GNU_SOURCE   conftest.c -lm   >&5
conftest.c:46:6: warning: conflicting types for built-in function 'sqrt' [enabled by default]
 char sqrt ();
      ^
configure:7847: $? = 0
configure:7878: result: -lm
configure:7906: checking for getpwnam
configure:7962: gcc -o conftest  -g -O2 -pthread  -D_REENTRANT -D_GNU_SOURCE   conftest.c -lm  >&5
configure:7969: $? = 0
configure:7991: result: yes
configure:7906: checking for getgrnam
configure:7962: gcc -o conftest  -g -O2 -pthread  -D_REENTRANT -D_GNU_SOURCE   conftest.c -lm  >&5
configure:7969: $? = 0
configure:7991: result: yes
configure:7906: checking for initgroups
configure:7962: gcc -o conftest  -g -O2 -pthread  -D_REENTRANT -D_GNU_SOURCE   conftest.c -lm  >&5
configure:7969: $? = 0
configure:7991: result: yes
configure:7906: checking for bindprocessor
configure:7962: gcc -o conftest  -g -O2 -pthread  -D_REENTRANT -D_GNU_SOURCE   conftest.c -lm  >&5
/tmp/cc9TtCh7.o: In function `main':
/home/tyu/Documents/concurrency-bugs/apache-45605/httpd-2.2.9/conftest.c:76: undefined reference to `bindprocessor'
collect2: error: ld returned 1 exit status
configure:7969: $? = 1
configure: failed program was:
| /* confdefs.h.  */
| #define PACKAGE_NAME ""
| #define PACKAGE_TARNAME ""
| #define PACKAGE_VERSION ""
| #define PACKAGE_STRING ""
| #define PACKAGE_BUGREPORT ""
| #define STDC_HEADERS 1
| #define HAVE_SYS_TYPES_H 1
| #define HAVE_SYS_STAT_H 1
| #define HAVE_STDLIB_H 1
| #define HAVE_STRING_H 1
| #define HAVE_MEMORY_H 1
| #define HAVE_STRINGS_H 1
| #define HAVE_INTTYPES_H 1
| #define HAVE_STDINT_H 1
| #define HAVE_UNISTD_H 1
| #define __EXTENSIONS__ 1
| #define _ALL_SOURCE 1
| #define _GNU_SOURCE 1
| #define _POSIX_PTHREAD_SEMANTICS 1
| #define _TANDEM_SOURCE 1
| #define __EXTENSIONS__ 1
| #define _ALL_SOURCE 1
| #define _GNU_SOURCE 1
| #define _POSIX_PTHREAD_SEMANTICS 1
| #define _TANDEM_SOURCE 1
| #define STDC_HEADERS 1
| #define HAVE_STRING_H 1
| #define HAVE_LIMITS_H 1
| #define HAVE_UNISTD_H 1
| #define HAVE_SYS_SOCKET_H 1
| #define HAVE_PWD_H 1
| #define HAVE_GRP_H 1
| #define HAVE_STRINGS_H 1
| #define HAVE_SYS_PRCTL_H 1
| #define HAVE_SYS_SEM_H 1
| #define HAVE_SYS_WAIT_H 1
| #define HAVE_GETPWNAM 1
| #define HAVE_GETGRNAM 1
| #define HAVE_INITGROUPS 1
| /* end confdefs.h.  */
| /* Define bindprocessor to an innocuous variant, in case <limits.h> declares bindprocessor.
|    For example, HP-UX 11i <limits.h> declares gettimeofday.  */
| #define bindprocessor innocuous_bindprocessor
| 
| /* System header to define __stub macros and hopefully few prototypes,
|     which can conflict with char bindprocessor (); below.
|     Prefer <limits.h> to <assert.h> if __STDC__ is defined, since
|     <limits.h> exists even on freestanding compilers.  */
| 
| #ifdef __STDC__
| # include <limits.h>
| #else
| # include <assert.h>
| #endif
| 
| #undef bindprocessor
| 
| /* Override any GCC internal prototype to avoid an error.
|    Use char because int might match the return type of a GCC
|    builtin and then its argument prototype would still apply.  */
| #ifdef __cplusplus
| extern "C"
| #endif
| char bindprocessor ();
| /* The GNU C library defines this for functions which it implements
|     to always fail with ENOSYS.  Some functions are actually named
|     something starting with __ and the normal name is an alias.  */
| #if defined __stub_bindprocessor || defined __stub___bindprocessor
| choke me
| #endif
| 
| int
| main ()
| {
| return bindprocessor ();
|   ;
|   return 0;
| }
configure:7991: result: no
configure:7906: checking for prctl
configure:7962: gcc -o conftest  -g -O2 -pthread  -D_REENTRANT -D_GNU_SOURCE   conftest.c -lm  >&5
configure:7969: $? = 0
configure:7991: result: yes
configure:7906: checking for timegm
configure:7962: gcc -o conftest  -g -O2 -pthread  -D_REENTRANT -D_GNU_SOURCE   conftest.c -lm  >&5
configure:7969: $? = 0
configure:7991: result: yes
configure:7906: checking for getpgid
configure:7962: gcc -o conftest  -g -O2 -pthread  -D_REENTRANT -D_GNU_SOURCE   conftest.c -lm  >&5
configure:7969: $? = 0
configure:7991: result: yes
configure:8005: checking for void pointer length
configure:8031: gcc -o conftest  -g -O2 -pthread  -D_REENTRANT -D_GNU_SOURCE   conftest.c -lm  >&5
configure:8035: $? = 0
configure:8041: ./conftest
configure:8045: $? = 0
configure:8062: result: no
configure:8072: checking for tm_gmtoff in struct tm
configure:8099: gcc -c  -g -O2 -pthread  -D_REENTRANT -D_GNU_SOURCE conftest.c >&5
configure:8106: $? = 0
configure:8121: result: yes
configure:8398: checking whether to enable mod_authn_file
configure:8436: result: yes (default)
configure:8491: checking whether to enable mod_authn_dbm
configure:8529: result: no
configure:8584: checking whether to enable mod_authn_anon
configure:8622: result: no
configure:8677: checking whether to enable mod_authn_dbd
configure:8715: result: no
configure:8771: checking whether to enable mod_authn_default
configure:8809: result: yes (default)
configure:8865: checking whether to enable mod_authn_alias
configure:8903: result: no
configure:8959: checking whether to enable mod_authz_host
configure:8997: result: yes (default)
configure:9052: checking whether to enable mod_authz_groupfile
configure:9090: result: yes (default)
configure:9145: checking whether to enable mod_authz_user
configure:9183: result: yes (default)
configure:9238: checking whether to enable mod_authz_dbm
configure:9276: result: no
configure:9331: checking whether to enable mod_authz_owner
configure:9369: result: no
configure:9425: checking whether to enable mod_authnz_ldap
configure:9479: result: no
configure:9535: checking whether to enable mod_authz_default
configure:9573: result: yes (default)
configure:9630: checking whether to enable mod_auth_basic
configure:9668: result: yes (default)
configure:9723: checking whether to enable mod_auth_digest
configure:9806: result: no
configure:9887: checking whether to enable mod_isapi
configure:9925: result: no
configure:10006: checking whether to enable mod_file_cache
configure:10044: result: no
configure:10102: checking whether to enable mod_cache
configure:10140: result: no
configure:10195: checking whether to enable mod_disk_cache
configure:10233: result: no
configure:10288: checking whether to enable mod_mem_cache
configure:10326: result: no
configure:10406: checking whether to enable mod_dbd
configure:10444: result: no
configure:10524: checking whether to enable mod_bucketeer
configure:10562: result: no
configure:10617: checking whether to enable mod_dumpio
configure:10655: result: no
configure:10736: checking whether to enable mod_echo
configure:10774: result: no
configure:10854: checking whether to enable mod_example
configure:10892: result: no
configure:10947: checking whether to enable mod_case_filter
configure:10985: result: no
configure:11040: checking whether to enable mod_case_filter_in
configure:11078: result: no
configure:11159: checking whether to enable mod_ext_filter
configure:11197: result: no
configure:11252: checking whether to enable mod_include
configure:11290: result: yes (default)
configure:11345: checking whether to enable mod_filter
configure:11383: result: yes (default)
configure:11438: checking whether to enable mod_substitute
configure:11476: result: no
configure:11629: checking whether to enable mod_charset_lite
configure:11667: result: no
configure:11725: checking whether to enable mod_deflate
configure:11986: result: no
configure:12068: checking whether to enable mod_ldap
configure:12122: result: no
configure:12203: checking whether to enable mod_log_config
configure:12241: result: yes (default)
configure:12296: checking whether to enable mod_log_forensic
configure:12334: result: no
configure:12415: checking whether to enable mod_logio
configure:12453: result: no
configure:12534: checking whether to enable mod_env
configure:12572: result: yes (default)
configure:12627: checking whether to enable mod_mime_magic
configure:12665: result: no
configure:12720: checking whether to enable mod_cern_meta
configure:12758: result: no
configure:12813: checking whether to enable mod_expires
configure:12851: result: no
configure:12906: checking whether to enable mod_headers
configure:12944: result: no
configure:12999: checking whether to enable mod_ident
configure:13037: result: no
configure:13093: checking whether to enable mod_usertrack
configure:13390: result: no
configure:13446: checking whether to enable mod_unique_id
configure:13484: result: no
configure:13539: checking whether to enable mod_setenvif
configure:13577: result: yes (default)
configure:13632: checking whether to enable mod_version
configure:13670: result: no
configure:13759: checking whether to enable mod_proxy
configure:13797: result: no
configure:13871: checking whether to enable mod_proxy_connect
configure:13909: result: no
configure:13964: checking whether to enable mod_proxy_ftp
configure:14002: result: no
configure:14057: checking whether to enable mod_proxy_http
configure:14095: result: no
configure:14150: checking whether to enable mod_proxy_ajp
configure:14188: result: no
configure:14243: checking whether to enable mod_proxy_balancer
configure:14281: result: no
configure:14386: checking whether to enable mod_ssl
configure:16269: result: no
configure:16373: checking whether to enable mod_optional_hook_export
configure:16411: result: no
configure:16466: checking whether to enable mod_optional_hook_import
configure:16504: result: no
configure:16559: checking whether to enable mod_optional_fn_import
configure:16597: result: no
configure:16652: checking whether to enable mod_optional_fn_export
configure:16690: result: no
configure:16783: checking for target platform
configure:16808: result: unix
configure:16840: checking for rlim_t
configure:16871: gcc -c  -g -O2 -pthread  -D_REENTRANT -D_GNU_SOURCE conftest.c >&5
configure:16878: $? = 0
configure:16897: result: yes
configure:16927: checking sys/time.h usability
configure:16944: gcc -c  -g -O2 -pthread  -D_REENTRANT -D_GNU_SOURCE conftest.c >&5
configure:16951: $? = 0
configure:16965: result: yes
configure:16969: checking sys/time.h presence
configure:16984: gcc -E  -D_REENTRANT -D_GNU_SOURCE conftest.c
configure:16991: $? = 0
configure:17005: result: yes
configure:17033: checking for sys/time.h
configure:17042: result: yes
configure:16927: checking sys/resource.h usability
configure:16944: gcc -c  -g -O2 -pthread  -D_REENTRANT -D_GNU_SOURCE conftest.c >&5
configure:16951: $? = 0
configure:16965: result: yes
configure:16969: checking sys/resource.h presence
configure:16984: gcc -E  -D_REENTRANT -D_GNU_SOURCE conftest.c
configure:16991: $? = 0
configure:17005: result: yes
configure:17033: checking for sys/resource.h
configure:17042: result: yes
configure:16916: checking for sys/sem.h
configure:16923: result: yes
configure:16927: checking sys/ipc.h usability
configure:16944: gcc -c  -g -O2 -pthread  -D_REENTRANT -D_GNU_SOURCE conftest.c >&5
configure:16951: $? = 0
configure:16965: result: yes
configure:16969: checking sys/ipc.h presence
configure:16984: gcc -E  -D_REENTRANT -D_GNU_SOURCE conftest.c
configure:16991: $? = 0
configure:17005: result: yes
configure:17033: checking for sys/ipc.h
configure:17042: result: yes
configure:17062: checking for setsid
configure:17118: gcc -o conftest  -g -O2 -pthread  -D_REENTRANT -D_GNU_SOURCE   conftest.c -lm  >&5
configure:17125: $? = 0
configure:17147: result: yes
configure:17062: checking for killpg
configure:17118: gcc -o conftest  -g -O2 -pthread  -D_REENTRANT -D_GNU_SOURCE   conftest.c -lm  >&5
configure:17125: $? = 0
configure:17147: result: yes
configure:17179: checking bstring.h usability
configure:17196: gcc -c  -g -O2 -pthread  -D_REENTRANT -D_GNU_SOURCE conftest.c >&5
conftest.c:86:21: fatal error: bstring.h: No such file or directory
 #include <bstring.h>
                     ^
compilation terminated.
configure:17203: $? = 1
configure: failed program was:
| /* confdefs.h.  */
| #define PACKAGE_NAME ""
| #define PACKAGE_TARNAME ""
| #define PACKAGE_VERSION ""
| #define PACKAGE_STRING ""
| #define PACKAGE_BUGREPORT ""
| #define STDC_HEADERS 1
| #define HAVE_SYS_TYPES_H 1
| #define HAVE_SYS_STAT_H 1
| #define HAVE_STDLIB_H 1
| #define HAVE_STRING_H 1
| #define HAVE_MEMORY_H 1
| #define HAVE_STRINGS_H 1
| #define HAVE_INTTYPES_H 1
| #define HAVE_STDINT_H 1
| #define HAVE_UNISTD_H 1
| #define __EXTENSIONS__ 1
| #define _ALL_SOURCE 1
| #define _GNU_SOURCE 1
| #define _POSIX_PTHREAD_SEMANTICS 1
| #define _TANDEM_SOURCE 1
| #define __EXTENSIONS__ 1
| #define _ALL_SOURCE 1
| #define _GNU_SOURCE 1
| #define _POSIX_PTHREAD_SEMANTICS 1
| #define _TANDEM_SOURCE 1
| #define STDC_HEADERS 1
| #define HAVE_STRING_H 1
| #define HAVE_LIMITS_H 1
| #define HAVE_UNISTD_H 1
| #define HAVE_SYS_SOCKET_H 1
| #define HAVE_PWD_H 1
| #define HAVE_GRP_H 1
| #define HAVE_STRINGS_H 1
| #define HAVE_SYS_PRCTL_H 1
| #define HAVE_SYS_SEM_H 1
| #define HAVE_SYS_WAIT_H 1
| #define HAVE_GETPWNAM 1
| #define HAVE_GETGRNAM 1
| #define HAVE_INITGROUPS 1
| #define HAVE_PRCTL 1
| #define HAVE_TIMEGM 1
| #define HAVE_GETPGID 1
| #define HAVE_GMTOFF 1
| #define AP_ENABLE_V4_MAPPED 1
| #define HAVE_SYS_TIME_H 1
| #define HAVE_SYS_RESOURCE_H 1
| #define HAVE_SYS_SEM_H 1
| #define HAVE_SYS_IPC_H 1
| #define HAVE_SETSID 1
| #define HAVE_KILLPG 1
| /* end confdefs.h.  */
| #include <stdio.h>
| #ifdef HAVE_SYS_TYPES_H
| # include <sys/types.h>
| #endif
| #ifdef HAVE_SYS_STAT_H
| # include <sys/stat.h>
| #endif
| #ifdef STDC_HEADERS
| # include <stdlib.h>
| # include <stddef.h>
| #else
| # ifdef HAVE_STDLIB_H
| #  include <stdlib.h>
| # endif
| #endif
| #ifdef HAVE_STRING_H
| # if !defined STDC_HEADERS && defined HAVE_MEMORY_H
| #  include <memory.h>
| # endif
| # include <string.h>
| #endif
| #ifdef HAVE_STRINGS_H
| # include <strings.h>
| #endif
| #ifdef HAVE_INTTYPES_H
| # include <inttypes.h>
| #endif
| #ifdef HAVE_STDINT_H
| # include <stdint.h>
| #endif
| #ifdef HAVE_UNISTD_H
| # include <unistd.h>
| #endif
| #include <bstring.h>
configure:17217: result: no
configure:17221: checking bstring.h presence
configure:17236: gcc -E  -D_REENTRANT -D_GNU_SOURCE conftest.c
conftest.c:53:21: fatal error: bstring.h: No such file or directory
 #include <bstring.h>
                     ^
compilation terminated.
configure:17243: $? = 1
configure: failed program was:
| /* confdefs.h.  */
| #define PACKAGE_NAME ""
| #define PACKAGE_TARNAME ""
| #define PACKAGE_VERSION ""
| #define PACKAGE_STRING ""
| #define PACKAGE_BUGREPORT ""
| #define STDC_HEADERS 1
| #define HAVE_SYS_TYPES_H 1
| #define HAVE_SYS_STAT_H 1
| #define HAVE_STDLIB_H 1
| #define HAVE_STRING_H 1
| #define HAVE_MEMORY_H 1
| #define HAVE_STRINGS_H 1
| #define HAVE_INTTYPES_H 1
| #define HAVE_STDINT_H 1
| #define HAVE_UNISTD_H 1
| #define __EXTENSIONS__ 1
| #define _ALL_SOURCE 1
| #define _GNU_SOURCE 1
| #define _POSIX_PTHREAD_SEMANTICS 1
| #define _TANDEM_SOURCE 1
| #define __EXTENSIONS__ 1
| #define _ALL_SOURCE 1
| #define _GNU_SOURCE 1
| #define _POSIX_PTHREAD_SEMANTICS 1
| #define _TANDEM_SOURCE 1
| #define STDC_HEADERS 1
| #define HAVE_STRING_H 1
| #define HAVE_LIMITS_H 1
| #define HAVE_UNISTD_H 1
| #define HAVE_SYS_SOCKET_H 1
| #define HAVE_PWD_H 1
| #define HAVE_GRP_H 1
| #define HAVE_STRINGS_H 1
| #define HAVE_SYS_PRCTL_H 1
| #define HAVE_SYS_SEM_H 1
| #define HAVE_SYS_WAIT_H 1
| #define HAVE_GETPWNAM 1
| #define HAVE_GETGRNAM 1
| #define HAVE_INITGROUPS 1
| #define HAVE_PRCTL 1
| #define HAVE_TIMEGM 1
| #define HAVE_GETPGID 1
| #define HAVE_GMTOFF 1
| #define AP_ENABLE_V4_MAPPED 1
| #define HAVE_SYS_TIME_H 1
| #define HAVE_SYS_RESOURCE_H 1
| #define HAVE_SYS_SEM_H 1
| #define HAVE_SYS_IPC_H 1
| #define HAVE_SETSID 1
| #define HAVE_KILLPG 1
| /* end confdefs.h.  */
| #include <bstring.h>
configure:17257: result: no
configure:17285: checking for bstring.h
configure:17294: result: no
configure:17168: checking for unistd.h
configure:17175: result: yes
configure:17315: checking for syslog
configure:17371: gcc -o conftest  -g -O2 -pthread  -D_REENTRANT -D_GNU_SOURCE   conftest.c -lm  >&5
configure:17378: $? = 0
configure:17400: result: yes
configure:17428: checking sys/times.h usability
configure:17445: gcc -c  -g -O2 -pthread  -D_REENTRANT -D_GNU_SOURCE conftest.c >&5
configure:17452: $? = 0
configure:17466: result: yes
configure:17470: checking sys/times.h presence
configure:17485: gcc -E  -D_REENTRANT -D_GNU_SOURCE conftest.c
configure:17492: $? = 0
configure:17506: result: yes
configure:17534: checking for sys/times.h
configure:17543: result: yes
configure:17561: checking for times
configure:17617: gcc -o conftest  -g -O2 -pthread  -D_REENTRANT -D_GNU_SOURCE   conftest.c -lm  >&5
configure:17624: $? = 0
configure:17646: result: yes
configure:17658: checking which MPM to use
configure:17674: result: prefork
configure:18538: checking whether to enable mod_http
configure:18576: result: yes
configure:18631: checking whether to enable mod_mime
configure:18669: result: yes (default)
configure:18738: checking for extra modules
configure:18798: result: none
configure:18823: checking whether to enable mod_dav
configure:18861: result: no
configure:18969: checking whether to enable mod_status
configure:19007: result: yes (default)
configure:19062: checking whether to enable mod_autoindex
configure:19100: result: yes (default)
configure:19155: checking whether to enable mod_asis
configure:19193: result: yes (default)
configure:19248: checking whether to enable mod_info
configure:19286: result: no
configure:19341: checking whether to enable mod_suexec
configure:19393: result: no
configure:19642: checking whether to enable mod_cgi
configure:19680: result: yes (default)
configure:19735: checking whether to enable mod_cgid
configure:19773: result: no
configure:20194: checking whether to enable mod_dav_fs
configure:20232: result: no
configure:20322: checking whether to enable mod_dav_lock
configure:20360: result: no
configure:20441: checking whether to enable mod_vhost_alias
configure:20479: result: no
configure:20534: checking whether to enable mod_negotiation
configure:20572: result: yes (default)
configure:20627: checking whether to enable mod_dir
configure:20665: result: yes (default)
configure:20720: checking whether to enable mod_imagemap
configure:20758: result: no
configure:20813: checking whether to enable mod_actions
configure:20851: result: yes (default)
configure:20906: checking whether to enable mod_speling
configure:20944: result: no
configure:20999: checking whether to enable mod_userdir
configure:21037: result: yes (default)
configure:21092: checking whether to enable mod_alias
configure:21130: result: yes (default)
configure:21186: checking whether to enable mod_rewrite
configure:21224: result: no
configure:21375: checking whether to enable mod_so
configure:21413: result: yes
configure:22401: creating ./config.status

## ---------------------- ##
## Running config.status. ##
## ---------------------- ##

This file was extended by config.status, which was
generated by GNU Autoconf 2.62.  Invocation command line was

  CONFIG_FILES    = 
  CONFIG_HEADERS  = 
  CONFIG_LINKS    = 
  CONFIG_COMMANDS = 
  $ ./config.status 

on ubuntu

config.status:1044: creating docs/conf/httpd.conf
config.status:1044: creating docs/conf/extra/httpd-autoindex.conf
config.status:1044: creating docs/conf/extra/httpd-dav.conf
config.status:1044: creating docs/conf/extra/httpd-default.conf
config.status:1044: creating docs/conf/extra/httpd-info.conf
config.status:1044: creating docs/conf/extra/httpd-languages.conf
config.status:1044: creating docs/conf/extra/httpd-manual.conf
config.status:1044: creating docs/conf/extra/httpd-mpm.conf
config.status:1044: creating docs/conf/extra/httpd-multilang-errordoc.conf
config.status:1044: creating docs/conf/extra/httpd-ssl.conf
config.status:1044: creating docs/conf/extra/httpd-userdir.conf
config.status:1044: creating docs/conf/extra/httpd-vhosts.conf
config.status:1044: creating include/ap_config_layout.h
config.status:1044: creating support/apxs
config.status:1044: creating support/apachectl
config.status:1044: creating support/dbmmanage
config.status:1044: creating support/envvars-std
config.status:1044: creating support/log_server_status
config.status:1044: creating support/logresolve.pl
config.status:1044: creating support/phf_abuse_log.cgi
config.status:1044: creating support/split-logfile
config.status:1044: creating build/rules.mk
config.status:1044: creating build/pkg/pkginfo
config.status:1044: creating build/config_vars.sh
config.status:1044: creating include/ap_config_auto.h
config.status:1273: executing default commands

## ---------------- ##
## Cache variables. ##
## ---------------- ##

ac_cv_build=x86_64-unknown-linux-gnu
ac_cv_c_compiler_gnu=yes
ac_cv_c_const=yes
ac_cv_define_APR_HAS_DSO=yes
ac_cv_define_APR_HAVE_IPV6=yes
ac_cv_env_CC_set=
ac_cv_env_CC_value=
ac_cv_env_CFLAGS_set=
ac_cv_env_CFLAGS_value=
ac_cv_env_CPPFLAGS_set=
ac_cv_env_CPPFLAGS_value=
ac_cv_env_CPP_set=
ac_cv_env_CPP_value=
ac_cv_env_LDFLAGS_set=
ac_cv_env_LDFLAGS_value=
ac_cv_env_LIBS_set=
ac_cv_env_LIBS_value=
ac_cv_env_build_alias_set=
ac_cv_env_build_alias_value=
ac_cv_env_host_alias_set=
ac_cv_env_host_alias_value=
ac_cv_env_target_alias_set=
ac_cv_env_target_alias_value=
ac_cv_func_bindprocessor=no
ac_cv_func_getgrnam=yes
ac_cv_func_getpgid=yes
ac_cv_func_getpwnam=yes
ac_cv_func_initgroups=yes
ac_cv_func_killpg=yes
ac_cv_func_prctl=yes
ac_cv_func_setsid=yes
ac_cv_func_syslog=yes
ac_cv_func_timegm=yes
ac_cv_func_times=yes
ac_cv_header_bstring_h=no
ac_cv_header_grp_h=yes
ac_cv_header_inttypes_h=yes
ac_cv_header_limits_h=yes
ac_cv_header_memory_h=yes
ac_cv_header_minix_config_h=no
ac_cv_header_pwd_h=yes
ac_cv_header_stdc=yes
ac_cv_header_stdint_h=yes
ac_cv_header_stdlib_h=yes
ac_cv_header_string_h=yes
ac_cv_header_strings_h=yes
ac_cv_header_sys_ipc_h=yes
ac_cv_header_sys_prctl_h=yes
ac_cv_header_sys_processor_h=no
ac_cv_header_sys_resource_h=yes
ac_cv_header_sys_sem_h=yes
ac_cv_header_sys_socket_h=yes
ac_cv_header_sys_stat_h=yes
ac_cv_header_sys_time_h=yes
ac_cv_header_sys_times_h=yes
ac_cv_header_sys_types_h=yes
ac_cv_header_sys_wait_h=yes
ac_cv_header_unistd_h=yes
ac_cv_host=x86_64-unknown-linux-gnu
ac_cv_mkdir_p=yes
ac_cv_objext=o
ac_cv_path_EGREP='/bin/grep -E'
ac_cv_path_GREP=/bin/grep
ac_cv_path_PKGCONFIG=/usr/bin/pkg-config
ac_cv_path_RM=/bin/rm
ac_cv_path_RSYNC=/usr/bin/rsync
ac_cv_prog_AWK=mawk
ac_cv_prog_CPP='gcc -E'
ac_cv_prog_ac_ct_CC=gcc
ac_cv_prog_ac_ct_RANLIB=ranlib
ac_cv_prog_cc_c89=
ac_cv_prog_cc_g=yes
ac_cv_safe_to_define___extensions__=yes
ac_cv_search_sqrt=-lm
ac_cv_search_strerror='none required'
ac_cv_struct_tm_gmtoff=yes
ac_cv_target=x86_64-unknown-linux-gnu
ac_cv_type_rlim_t=yes
apache_cv_mpm=prefork

## ----------------- ##
## Output variables. ##
## ----------------- ##

APACHECTL_ULIMIT='ulimit -S -n `ulimit -H -n`'
APR_BINDIR='/usr/local/apache2/bin'
APR_CONFIG='/usr/local/apache2/bin/apr-1-config'
APR_INCLUDEDIR='/home/tyu/Documents/concurrency-bugs/apache-45605/httpd-2.2.9/srclib/apr/include'
APR_VERSION='1.3.0'
APU_BINDIR='/usr/local/apache2/bin'
APU_CONFIG='/usr/local/apache2/bin/apu-1-config'
APU_INCLUDEDIR='/home/tyu/Documents/concurrency-bugs/apache-45605/httpd-2.2.9/srclib/apr-util/include'
APU_VERSION='1.3.0'
AP_BUILD_SRCLIB_DIRS='apr  apr-util pcre'
AP_CLEAN_SRCLIB_DIRS='apr-util  apr pcre'
AP_LIBS='/home/tyu/Documents/concurrency-bugs/apache-45605/httpd-2.2.9/srclib/pcre/libpcre.la  /home/tyu/Documents/concurrency-bugs/apache-45605/httpd-2.2.9/srclib/apr-util/libaprutil-1.la  -lexpat  /home/tyu/Documents/concurrency-bugs/apache-45605/httpd-2.2.9/srclib/apr/libapr-1.la -luuid -lrt -lcrypt  -lpthread -ldl'
AWK='mawk'
BUILTIN_LIBS=' modules/aaa/libmod_authn_file.la modules/aaa/libmod_authn_default.la modules/aaa/libmod_authz_host.la modules/aaa/libmod_authz_groupfile.la modules/aaa/libmod_authz_user.la modules/aaa/libmod_authz_default.la modules/aaa/libmod_auth_basic.la modules/filters/libmod_include.la modules/filters/libmod_filter.la modules/loggers/libmod_log_config.la modules/metadata/libmod_env.la modules/metadata/libmod_setenvif.la modules/http/libmod_http.la modules/http/libmod_mime.la modules/generators/libmod_status.la modules/generators/libmod_autoindex.la modules/generators/libmod_asis.la modules/generators/libmod_cgi.la modules/mappers/libmod_negotiation.la modules/mappers/libmod_dir.la modules/mappers/libmod_actions.la modules/mappers/libmod_userdir.la modules/mappers/libmod_alias.la modules/mappers/libmod_so.la'
CC='gcc'
CFLAGS=''
CORE_IMPLIB=''
CORE_IMPLIB_FILE=''
CPP='gcc -E'
CPPFLAGS=''
CXX=''
CXXFLAGS=''
DEFS='-DHAVE_CONFIG_H'
DSO_MODULES=''
ECHO_C=''
ECHO_N='-n'
ECHO_T=''
EGREP='/bin/grep -E'
EXEEXT=''
EXTRA_CFLAGS=' -g -O2 -pthread'
EXTRA_CPPFLAGS=' -D_REENTRANT -D_GNU_SOURCE'
EXTRA_CXXFLAGS=''
EXTRA_INCLUDES='-I$(top_builddir)/srclib/pcre -I. -I$(top_srcdir)/os/$(OS_DIR) -I$(top_srcdir)/server/mpm/$(MPM_SUBDIR_NAME) -I$(top_srcdir)/modules/http -I$(top_srcdir)/modules/filters -I$(top_srcdir)/modules/proxy -I$(top_srcdir)/include -I$(top_srcdir)/modules/generators -I$(top_srcdir)/modules/mappers -I$(top_srcdir)/modules/database -I/home/tyu/Documents/concurrency-bugs/apache-45605/httpd-2.2.9/srclib/apr/include -I/home/tyu/Documents/concurrency-bugs/apache-45605/httpd-2.2.9/srclib/apr-util/include -I$(top_srcdir)/modules/proxy/../generators -I$(top_srcdir)/modules/ssl -I$(top_srcdir)/modules/dav/main'
EXTRA_LDFLAGS=' '
EXTRA_LIBS='-lm '
GREP='/bin/grep'
HTTPD_LDFLAGS='-export-dynamic'
HTTPD_VERSION='2.2.9'
INCLUDES=''
INSTALL='$(LIBTOOL) --mode=install $(abs_srcdir)/build/install.sh -c'
INSTALL_DSO='yes'
INSTALL_PROG_FLAGS=''
LDFLAGS=''
LIBOBJS=''
LIBS=''
LIBTOOL='/home/tyu/Documents/concurrency-bugs/apache-45605/httpd-2.2.9/srclib/apr/libtool $(LTFLAGS)'
LN_S='ln -s'
LTCFLAGS='-prefer-non-pic -static'
LTFLAGS='--silent'
LTLIBOBJS=''
LT_LDFLAGS=''
LYNX_PATH='lynx'
MKDEP='$(CC) -MM'
MKINSTALLDIRS='$(abs_srcdir)/build/mkdir.sh'
MK_IMPLIB=''
MODULE_CLEANDIRS=' arch/win32 cache database debug echo experimental ldap proxy ssl test dav/main dav/fs dav/lock'
MODULE_DIRS=' aaa filters loggers metadata http generators mappers'
MOD_ACTIONS_LDADD=''
MOD_ALIAS_LDADD=''
MOD_ASIS_LDADD=''
MOD_AUTHNZ_LDAP_LDADD=''
MOD_AUTHN_ALIAS_LDADD=''
MOD_AUTHN_ANON_LDADD=''
MOD_AUTHN_DBD_LDADD=''
MOD_AUTHN_DBM_LDADD=''
MOD_AUTHN_DEFAULT_LDADD=''
MOD_AUTHN_FILE_LDADD=''
MOD_AUTHZ_DBM_LDADD=''
MOD_AUTHZ_DEFAULT_LDADD=''
MOD_AUTHZ_GROUPFILE_LDADD=''
MOD_AUTHZ_HOST_LDADD=''
MOD_AUTHZ_OWNER_LDADD=''
MOD_AUTHZ_USER_LDADD=''
MOD_AUTH_BASIC_LDADD=''
MOD_AUTH_DIGEST_LDADD=''
MOD_AUTOINDEX_LDADD=''
MOD_BUCKETEER_LDADD=''
MOD_CACHE_LDADD=''
MOD_CASE_FILTER_IN_LDADD=''
MOD_CASE_FILTER_LDADD=''
MOD_CERN_META_LDADD=''
MOD_CGID_LDADD=''
MOD_CGI_LDADD=''
MOD_CHARSET_LITE_LDADD=''
MOD_DAV_FS_LDADD=''
MOD_DAV_LDADD=''
MOD_DAV_LOCK_LDADD=''
MOD_DBD_LDADD=''
MOD_DEFLATE_LDADD=''
MOD_DIR_LDADD=''
MOD_DISK_CACHE_LDADD=''
MOD_DUMPIO_LDADD=''
MOD_ECHO_LDADD=''
MOD_ENV_LDADD=''
MOD_EXAMPLE_LDADD=''
MOD_EXPIRES_LDADD=''
MOD_EXT_FILTER_LDADD=''
MOD_FILE_CACHE_LDADD=''
MOD_FILTER_LDADD=''
MOD_HEADERS_LDADD=''
MOD_HTTP_LDADD=''
MOD_IDENT_LDADD=''
MOD_IMAGEMAP_LDADD=''
MOD_INCLUDE_LDADD=''
MOD_INFO_LDADD=''
MOD_ISAPI_LDADD=''
MOD_LDAP_LDADD=''
MOD_LOGIO_LDADD=''
MOD_LOG_CONFIG_LDADD=''
MOD_LOG_FORENSIC_LDADD=''
MOD_MEM_CACHE_LDADD=''
MOD_MIME_LDADD=''
MOD_MIME_MAGIC_LDADD=''
MOD_NEGOTIATION_LDADD=''
MOD_OPTIONAL_FN_EXPORT_LDADD=''
MOD_OPTIONAL_FN_IMPORT_LDADD=''
MOD_OPTIONAL_HOOK_EXPORT_LDADD=''
MOD_OPTIONAL_HOOK_IMPORT_LDADD=''
MOD_PROXY_AJP_LDADD=''
MOD_PROXY_BALANCER_LDADD=''
MOD_PROXY_CONNECT_LDADD=''
MOD_PROXY_FTP_LDADD=''
MOD_PROXY_HTTP_LDADD=''
MOD_PROXY_LDADD=''
MOD_REWRITE_LDADD=''
MOD_SETENVIF_LDADD=''
MOD_SO_LDADD=''
MOD_SPELING_LDADD=''
MOD_SSL_LDADD=''
MOD_STATUS_LDADD=''
MOD_SUBSTITUTE_LDADD=''
MOD_SUEXEC_LDADD=''
MOD_UNIQUE_ID_LDADD=''
MOD_USERDIR_LDADD=''
MOD_USERTRACK_LDADD=''
MOD_VERSION_LDADD=''
MOD_VHOST_ALIAS_LDADD=''
MPM_LIB='server/mpm/prefork/libprefork.la'
MPM_NAME='prefork'
MPM_SUBDIR_NAME='prefork'
NOTEST_CFLAGS=''
NOTEST_CPPFLAGS=''
NOTEST_CXXFLAGS=''
NOTEST_LDFLAGS=''
NOTEST_LIBS=''
OBJEXT='o'
OS='unix'
OS_DIR='unix'
OS_SPECIFIC_VARS=''
PACKAGE_BUGREPORT=''
PACKAGE_NAME=''
PACKAGE_STRING=''
PACKAGE_TARNAME=''
PACKAGE_VERSION=''
PATH_SEPARATOR=':'
PCRE_CONFIG='false'
PICFLAGS=''
PILDFLAGS=''
PKGCONFIG='/usr/bin/pkg-config'
PORT='80'
POST_SHARED_CMDS='echo ""'
PRE_SHARED_CMDS='echo ""'
RANLIB='ranlib'
RM='/bin/rm'
RSYNC='/usr/bin/rsync'
SHELL='/bin/bash'
SHLIBPATH_VAR='LD_LIBRARY_PATH'
SHLTCFLAGS='-prefer-pic'
SH_LDFLAGS=''
SH_LIBS=''
SH_LIBTOOL='$(LIBTOOL)'
SSLPORT='443'
SSL_LIBS=''
UTIL_LDFLAGS=''
ab_LTFLAGS=''
abs_srcdir='/home/tyu/Documents/concurrency-bugs/apache-45605/httpd-2.2.9'
ac_ct_CC='gcc'
ap_make_delimiter=' '
ap_make_include='include'
bindir='${exec_prefix}/bin'
build='x86_64-unknown-linux-gnu'
build_alias=''
build_cpu='x86_64'
build_os='linux-gnu'
build_vendor='unknown'
cgidir='${datadir}/cgi-bin'
checkgid_LTFLAGS=''
datadir='${prefix}'
datarootdir='${prefix}/share'
docdir='${datarootdir}/doc/${PACKAGE}'
dvidir='${docdir}'
errordir='${datadir}/error'
exec_prefix='${prefix}'
exp_bindir='/usr/local/apache2/bin'
exp_cgidir='/usr/local/apache2/cgi-bin'
exp_datadir='/usr/local/apache2'
exp_errordir='/usr/local/apache2/error'
exp_exec_prefix='/usr/local/apache2'
exp_htdocsdir='/usr/local/apache2/htdocs'
exp_iconsdir='/usr/local/apache2/icons'
exp_includedir='/usr/local/apache2/include'
exp_installbuilddir='/usr/local/apache2/build'
exp_libdir='/usr/local/apache2/lib'
exp_libexecdir='/usr/local/apache2/modules'
exp_localstatedir='/usr/local/apache2'
exp_logfiledir='/usr/local/apache2/logs'
exp_mandir='/usr/local/apache2/man'
exp_manualdir='/usr/local/apache2/manual'
exp_proxycachedir='/usr/local/apache2/proxy'
exp_runtimedir='/usr/local/apache2/logs'
exp_sbindir='/usr/local/apache2/bin'
exp_sysconfdir='/usr/local/apache2/conf'
host='x86_64-unknown-linux-gnu'
host_alias=''
host_cpu='x86_64'
host_os='linux-gnu'
host_vendor='unknown'
htcacheclean_LTFLAGS=''
htdbm_LTFLAGS=''
htdigest_LTFLAGS=''
htdocsdir='${datadir}/htdocs'
htmldir='${docdir}'
htpasswd_LTFLAGS=''
httxt2dbm_LTFLAGS=''
iconsdir='${datadir}/icons'
includedir='${prefix}/include'
infodir='${datarootdir}/info'
installbuilddir='${datadir}/build'
libdir='${exec_prefix}/lib'
libexecdir='${exec_prefix}/modules'
localedir='${datarootdir}/locale'
localstatedir='${prefix}'
logfiledir='${localstatedir}/logs'
logresolve_LTFLAGS=''
mandir='${prefix}/man'
manualdir='${datadir}/manual'
nonssl_listen_stmt_1=''
nonssl_listen_stmt_2=''
oldincludedir='/usr/include'
other_targets=''
pdfdir='${docdir}'
perlbin='/usr/bin/perl'
prefix='/usr/local/apache2'
progname='httpd'
program_transform_name='s,x,x,'
proxycachedir='${localstatedir}/proxy'
psdir='${docdir}'
rel_bindir='bin'
rel_cgidir='cgi-bin'
rel_datadir=''
rel_errordir='error'
rel_exec_prefix=''
rel_htdocsdir='htdocs'
rel_iconsdir='icons'
rel_includedir='include'
rel_installbuilddir='build'
rel_libdir='lib'
rel_libexecdir='modules'
rel_localstatedir=''
rel_logfiledir='logs'
rel_mandir='man'
rel_manualdir='manual'
rel_proxycachedir='proxy'
rel_runtimedir='logs'
rel_sbindir='bin'
rel_sysconfdir='conf'
rotatelogs_LTFLAGS=''
runtimedir='${localstatedir}/logs'
sbindir='${exec_prefix}/bin'
shared_build=''
sharedstatedir='${prefix}/com'
sysconfdir='${prefix}/conf'
target='x86_64-unknown-linux-gnu'
target_alias=''
target_cpu='x86_64'
target_os='linux-gnu'
target_vendor='unknown'

## ----------- ##
## confdefs.h. ##
## ----------- ##

#define PACKAGE_NAME ""
#define PACKAGE_TARNAME ""
#define PACKAGE_VERSION ""
#define PACKAGE_STRING ""
#define PACKAGE_BUGREPORT ""
#define STDC_HEADERS 1
#define HAVE_SYS_TYPES_H 1
#define HAVE_SYS_STAT_H 1
#define HAVE_STDLIB_H 1
#define HAVE_STRING_H 1
#define HAVE_MEMORY_H 1
#define HAVE_STRINGS_H 1
#define HAVE_INTTYPES_H 1
#define HAVE_STDINT_H 1
#define HAVE_UNISTD_H 1
#define __EXTENSIONS__ 1
#define _ALL_SOURCE 1
#define _GNU_SOURCE 1
#define _POSIX_PTHREAD_SEMANTICS 1
#define _TANDEM_SOURCE 1
#define __EXTENSIONS__ 1
#define _ALL_SOURCE 1
#define _GNU_SOURCE 1
#define _POSIX_PTHREAD_SEMANTICS 1
#define _TANDEM_SOURCE 1
#define STDC_HEADERS 1
#define HAVE_STRING_H 1
#define HAVE_LIMITS_H 1
#define HAVE_UNISTD_H 1
#define HAVE_SYS_SOCKET_H 1
#define HAVE_PWD_H 1
#define HAVE_GRP_H 1
#define HAVE_STRINGS_H 1
#define HAVE_SYS_PRCTL_H 1
#define HAVE_SYS_SEM_H 1
#define HAVE_SYS_WAIT_H 1
#define HAVE_GETPWNAM 1
#define HAVE_GETGRNAM 1
#define HAVE_INITGROUPS 1
#define HAVE_PRCTL 1
#define HAVE_TIMEGM 1
#define HAVE_GETPGID 1
#define HAVE_GMTOFF 1
#define AP_ENABLE_V4_MAPPED 1
#define HAVE_SYS_TIME_H 1
#define HAVE_SYS_RESOURCE_H 1
#define HAVE_SYS_SEM_H 1
#define HAVE_SYS_IPC_H 1
#define HAVE_SETSID 1
#define HAVE_KILLPG 1
#define HAVE_UNISTD_H 1
#define HAVE_SYSLOG 1
#define HAVE_SYS_TIMES_H 1
#define HAVE_TIMES 1
#define AP_USING_AUTOCONF 1
#define AP_NONBLOCK_WHEN_MULTI_LISTEN 1
#define HTTPD_ROOT "/usr/local/apache2"
#define SERVER_CONFIG_FILE "conf/httpd.conf"
#define AP_TYPES_CONFIG_FILE "conf/mime.types"
#define APACHE_MPM_DIR "server/mpm/prefork"

configure: exit 0
