This file contains any messages produced by compilers while
running configure, to aid debugging if configure makes a mistake.

It was created by configure, which was
generated by GNU Autoconf 2.54.  Invocation command line was

  $ ../httpd-2.0.48/configure --prefix=/home/tyu/Documents/concurrency-bugs/apache-25520/build/installed --enable-static-htpasswd --disable-shared

## --------- ##
## Platform. ##
## --------- ##

hostname = ubuntu
uname -m = x86_64
uname -r = 3.16.0-48-generic
uname -s = Linux
uname -v = #64~14.04.1-Ubuntu SMP Thu Aug 20 23:03:57 UTC 2015

/usr/bin/uname -p = unknown
/bin/uname -X     = unknown

/bin/arch              = unknown
/usr/bin/arch -k       = unknown
/usr/convex/getsysinfo = unknown
hostinfo               = unknown
/bin/machine           = unknown
/usr/bin/oslevel       = unknown
/bin/universe          = unknown

PATH: /usr/local/sbin
PATH: /usr/local/bin
PATH: /usr/sbin
PATH: /usr/bin
PATH: /sbin
PATH: /bin
PATH: /usr/games
PATH: /usr/local/games


## ----------- ##
## Core tests. ##
## ----------- ##

configure:1549: checking for chosen layout
configure:1551: result: Apache
configure:2344: checking for working mkdir -p
configure:2360: result: yes
configure:2377: checking build system type
configure:2395: result: x86_64-unknown-linux-gnu
configure:2403: checking host system type
configure:2417: result: x86_64-unknown-linux-gnu
configure:2425: checking target system type
configure:2439: result: x86_64-unknown-linux-gnu
configure:2468: checking for APR
configure:2528: result: reconfig

## ---------------- ##
## Cache variables. ##
## ---------------- ##

ac_cv_build=x86_64-unknown-linux-gnu
ac_cv_build_alias=x86_64-unknown-linux-gnu
ac_cv_env_CC_set=set
ac_cv_env_CC_value=/home/tyu/Documents/llvm/Release+Asserts/bin/clang
ac_cv_env_CFLAGS_set=set
ac_cv_env_CFLAGS_value='-emit-llvm -flto -g'
ac_cv_env_CPPFLAGS_set=
ac_cv_env_CPPFLAGS_value=
ac_cv_env_CPP_set=set
ac_cv_env_CPP_value='/home/tyu/Documents/llvm/Release+Asserts/bin/clang -E'
ac_cv_env_LDFLAGS_set=
ac_cv_env_LDFLAGS_value=
ac_cv_env_build_alias_set=
ac_cv_env_build_alias_value=
ac_cv_env_host_alias_set=
ac_cv_env_host_alias_value=
ac_cv_env_target_alias_set=
ac_cv_env_target_alias_value=
ac_cv_host=x86_64-unknown-linux-gnu
ac_cv_host_alias=x86_64-unknown-linux-gnu
ac_cv_mkdir_p=yes
ac_cv_target=x86_64-unknown-linux-gnu
ac_cv_target_alias=x86_64-unknown-linux-gnu

## ----------------- ##
## Output variables. ##
## ----------------- ##

APACHECTL_ULIMIT=''
APR_BINDIR=''
APR_INCLUDEDIR=''
APU_BINDIR=''
APU_INCLUDEDIR=''
AP_BUILD_SRCLIB_DIRS=''
AP_CLEAN_SRCLIB_DIRS=''
AP_LIBS=''
AP_SIG_GRACEFUL=''
AP_SIG_GRACEFUL_SHORT=''
AP_SIG_GRACEFUL_STRING=''
AWK=''
BUILTIN_LIBS=''
CC='/home/tyu/Documents/llvm/Release+Asserts/bin/clang'
CFLAGS='-emit-llvm -flto -g'
CORE_IMPLIB=''
CORE_IMPLIB_FILE=''
CPP='/home/tyu/Documents/llvm/Release+Asserts/bin/clang -E'
CPPFLAGS=''
CXX='/home/tyu/Documents/llvm/Release+Asserts/bin/clang++'
CXXFLAGS='-emit-llvm -flto -g'
DEFS=''
DSO_MODULES=''
ECHO_C=''
ECHO_N='-n'
ECHO_T=''
EGREP=''
EXEEXT=''
EXTRA_CFLAGS=''
EXTRA_CPPFLAGS=''
EXTRA_CXXFLAGS=''
EXTRA_INCLUDES=''
EXTRA_LDFLAGS=''
EXTRA_LIBS=''
HTTPD_LDFLAGS=''
INCLUDES=''
INSTALL_DATA=''
INSTALL_PROGRAM=''
INSTALL_PROG_FLAGS=''
INSTALL_SCRIPT=''
LDFLAGS=''
LIBOBJS=''
LIBS=''
LIBTOOL=''
LN_S=''
LTCFLAGS=''
LTFLAGS=''
LTLIBOBJS=''
LT_LDFLAGS=''
MK_IMPLIB=''
MODULE_CLEANDIRS=''
MODULE_DIRS=''
MPM_LIB=''
MPM_NAME=''
MPM_SUBDIR_NAME=''
NOTEST_CFLAGS=''
NOTEST_CPPFLAGS=''
NOTEST_CXXFLAGS=''
NOTEST_LDFLAGS=''
NOTEST_LIBS=''
OBJEXT=''
OS=''
OS_DIR=''
OS_SPECIFIC_VARS=''
PACKAGE_BUGREPORT=''
PACKAGE_NAME=''
PACKAGE_STRING=''
PACKAGE_TARNAME=''
PACKAGE_VERSION=''
PATH_SEPARATOR=':'
PORT=''
POST_SHARED_CMDS=''
PRE_SHARED_CMDS=''
RANLIB='ar --plugin=/home/tyu/Documents/llvm/Release+Asserts/lib/LLVMgold.so -s'
RM=''
SHELL='/bin/bash'
SHLIBPATH_VAR=''
SHLTCFLAGS=''
SH_LDFLAGS=''
SH_LIBS=''
SH_LIBTOOL=''
UTIL_LDFLAGS=''
ab_LTFLAGS=''
abs_srcdir=''
ac_ct_CC=''
ac_ct_RANLIB=''
ap_make_delimiter=''
ap_make_include=''
bindir='${exec_prefix}/bin'
build='x86_64-unknown-linux-gnu'
build_alias=''
build_cpu='x86_64'
build_os='linux-gnu'
build_vendor='unknown'
cgidir='${datadir}/cgi-bin'
checkgid_LTFLAGS=''
datadir='${prefix}'
errordir='${datadir}/error'
exec_prefix='${prefix}'
exp_bindir='/home/tyu/Documents/concurrency-bugs/apache-25520/build/installed/bin'
exp_cgidir='/home/tyu/Documents/concurrency-bugs/apache-25520/build/installed/cgi-bin'
exp_datadir='/home/tyu/Documents/concurrency-bugs/apache-25520/build/installed'
exp_errordir='/home/tyu/Documents/concurrency-bugs/apache-25520/build/installed/error'
exp_exec_prefix='/home/tyu/Documents/concurrency-bugs/apache-25520/build/installed'
exp_htdocsdir='/home/tyu/Documents/concurrency-bugs/apache-25520/build/installed/htdocs'
exp_iconsdir='/home/tyu/Documents/concurrency-bugs/apache-25520/build/installed/icons'
exp_includedir='/home/tyu/Documents/concurrency-bugs/apache-25520/build/installed/include'
exp_installbuilddir='/home/tyu/Documents/concurrency-bugs/apache-25520/build/installed/build'
exp_libdir='/home/tyu/Documents/concurrency-bugs/apache-25520/build/installed/lib'
exp_libexecdir='/home/tyu/Documents/concurrency-bugs/apache-25520/build/installed/modules'
exp_localstatedir='/home/tyu/Documents/concurrency-bugs/apache-25520/build/installed'
exp_logfiledir='/home/tyu/Documents/concurrency-bugs/apache-25520/build/installed/logs'
exp_mandir='/home/tyu/Documents/concurrency-bugs/apache-25520/build/installed/man'
exp_manualdir='/home/tyu/Documents/concurrency-bugs/apache-25520/build/installed/manual'
exp_proxycachedir='/home/tyu/Documents/concurrency-bugs/apache-25520/build/installed/proxy'
exp_runtimedir='/home/tyu/Documents/concurrency-bugs/apache-25520/build/installed/logs'
exp_sbindir='/home/tyu/Documents/concurrency-bugs/apache-25520/build/installed/bin'
exp_sysconfdir='/home/tyu/Documents/concurrency-bugs/apache-25520/build/installed/conf'
host='x86_64-unknown-linux-gnu'
host_alias=''
host_cpu='x86_64'
host_os='linux-gnu'
host_vendor='unknown'
htdbm_LTFLAGS=''
htdigest_LTFLAGS=''
htdocsdir='${datadir}/htdocs'
htpasswd_LTFLAGS=''
iconsdir='${datadir}/icons'
includedir='${prefix}/include'
infodir='${prefix}/info'
installbuilddir='${datadir}/build'
libdir='${exec_prefix}/lib'
libexecdir='${exec_prefix}/modules'
localstatedir='${prefix}'
logfiledir='${localstatedir}/logs'
logresolve_LTFLAGS=''
mandir='${prefix}/man'
manualdir='${datadir}/manual'
nonssl_listen_stmt_1=''
nonssl_listen_stmt_2=''
oldincludedir='/usr/include'
other_targets=''
perlbin=''
prefix='/home/tyu/Documents/concurrency-bugs/apache-25520/build/installed'
progname=''
program_transform_name='s,x,x,'
proxycachedir='${localstatedir}/proxy'
rel_bindir='bin'
rel_cgidir='cgi-bin'
rel_datadir=''
rel_errordir='error'
rel_exec_prefix=''
rel_htdocsdir='htdocs'
rel_iconsdir='icons'
rel_includedir='include'
rel_installbuilddir='build'
rel_libdir='lib'
rel_libexecdir='modules'
rel_localstatedir=''
rel_logfiledir='logs'
rel_mandir='man'
rel_manualdir='manual'
rel_proxycachedir='proxy'
rel_runtimedir='logs'
rel_sbindir='bin'
rel_sysconfdir='conf'
rotatelogs_LTFLAGS=''
runtimedir='${localstatedir}/logs'
sbindir='${exec_prefix}/bin'
shared_build=''
sharedstatedir='${prefix}/com'
sysconfdir='${prefix}/conf'
target='x86_64-unknown-linux-gnu'
target_alias=''
target_cpu='x86_64'
target_os='linux-gnu'
target_vendor='unknown'

configure: exit 1
