This file contains any messages produced by compilers while
running configure, to aid debugging if configure makes a mistake.

It was created by memcached configure 1.4.4, which was
generated by GNU Autoconf 2.63.  Invocation command line was

  $ ./configure --prefix=/home/tyu/Documents/concurrency-bugs/memcached-127/memcached-1.4.4/installed

## --------- ##
## Platform. ##
## --------- ##

hostname = ubuntu
uname -m = x86_64
uname -r = 3.16.0-48-generic
uname -s = Linux
uname -v = #64~14.04.1-Ubuntu SMP Thu Aug 20 23:03:57 UTC 2015

/usr/bin/uname -p = unknown
/bin/uname -X     = unknown

/bin/arch              = unknown
/usr/bin/arch -k       = unknown
/usr/convex/getsysinfo = unknown
/usr/bin/hostinfo      = unknown
/bin/machine           = unknown
/usr/bin/oslevel       = unknown
/bin/universe          = unknown

PATH: /usr/local/sbin
PATH: /usr/local/bin
PATH: /usr/sbin
PATH: /usr/bin
PATH: /sbin
PATH: /bin
PATH: /usr/games
PATH: /usr/local/games


## ----------- ##
## Core tests. ##
## ----------- ##

configure:1912: checking build system type
configure:1930: result: x86_64-unknown-linux-gnu
configure:1952: checking host system type
configure:1967: result: x86_64-unknown-linux-gnu
configure:1989: checking target system type
configure:2004: result: x86_64-unknown-linux-gnu
configure:2049: checking for a BSD-compatible install
configure:2117: result: /usr/bin/install -c
configure:2128: checking whether build environment is sane
configure:2171: result: yes
configure:2196: checking for a thread-safe mkdir -p
configure:2235: result: /bin/mkdir -p
configure:2248: checking for gawk
configure:2278: result: no
configure:2248: checking for mawk
configure:2264: found /usr/bin/mawk
configure:2275: result: mawk
configure:2286: checking whether make sets $(MAKE)
configure:2308: result: yes
configure:2543: checking for gcc
configure:2570: result: /home/tyu/Documents/llvm/Release+Asserts/bin/clang
configure:2802: checking for C compiler version
configure:2810: /home/tyu/Documents/llvm/Release+Asserts/bin/clang --version >&5
clang version 3.2 (tags/RELEASE_32/final)
Target: x86_64-unknown-linux-gnu
Thread model: posix
configure:2814: $? = 0
configure:2821: /home/tyu/Documents/llvm/Release+Asserts/bin/clang -v >&5
clang version 3.2 (tags/RELEASE_32/final)
Target: x86_64-unknown-linux-gnu
Thread model: posix
configure:2825: $? = 0
configure:2832: /home/tyu/Documents/llvm/Release+Asserts/bin/clang -V >&5
clang: error: argument to '-V' is missing (expected 1 value)
clang: error: no input files
configure:2836: $? = 1
configure:2859: checking for C compiler default output file name
configure:2881: /home/tyu/Documents/llvm/Release+Asserts/bin/clang -emit-llvm -flto -g -O0   conftest.c  >&5
clang: warning: argument unused during compilation: '-flto'
/tmp/conftest-cvy8Gk.o: file not recognized: File format not recognized
clang: error: linker command failed with exit code 1 (use -v to see invocation)
configure:2885: $? = 1
configure:2923: result: 
configure: failed program was:
| /* confdefs.h.  */
| #define PACKAGE_NAME "memcached"
| #define PACKAGE_TARNAME "memcached"
| #define PACKAGE_VERSION "1.4.4"
| #define PACKAGE_STRING "memcached 1.4.4"
| #define PACKAGE_BUGREPORT "brad@danga.com"
| #define PACKAGE "memcached"
| #define VERSION "1.4.4"
| /* end confdefs.h.  */
| 
| int
| main ()
| {
| 
|   ;
|   return 0;
| }
configure:2929: error: in `/home/tyu/Documents/concurrency-bugs/memcached-127/memcached-1.4.4':
configure:2932: error: C compiler cannot create executables
See `config.log' for more details.

## ---------------- ##
## Cache variables. ##
## ---------------- ##

ac_cv_build=x86_64-unknown-linux-gnu
ac_cv_env_CC_set=set
ac_cv_env_CC_value=/home/tyu/Documents/llvm/Release+Asserts/bin/clang
ac_cv_env_CFLAGS_set=set
ac_cv_env_CFLAGS_value='-emit-llvm -flto -g -O0'
ac_cv_env_CPPFLAGS_set=
ac_cv_env_CPPFLAGS_value=
ac_cv_env_CPP_set=set
ac_cv_env_CPP_value='/home/tyu/Documents/llvm/Release+Asserts/bin/clang -E'
ac_cv_env_LDFLAGS_set=
ac_cv_env_LDFLAGS_value=
ac_cv_env_LIBS_set=
ac_cv_env_LIBS_value=
ac_cv_env_build_alias_set=
ac_cv_env_build_alias_value=
ac_cv_env_host_alias_set=
ac_cv_env_host_alias_value=
ac_cv_env_target_alias_set=
ac_cv_env_target_alias_value=
ac_cv_host=x86_64-unknown-linux-gnu
ac_cv_path_install='/usr/bin/install -c'
ac_cv_path_mkdir=/bin/mkdir
ac_cv_prog_AWK=mawk
ac_cv_prog_ac_ct_CC=/home/tyu/Documents/llvm/Release+Asserts/bin/clang
ac_cv_prog_make_make_set=yes
ac_cv_target=x86_64-unknown-linux-gnu

## ----------------- ##
## Output variables. ##
## ----------------- ##

ACLOCAL='${SHELL} /home/tyu/Documents/concurrency-bugs/memcached-127/memcached-1.4.4/missing --run aclocal-1.10'
AMDEPBACKSLASH=''
AMDEP_FALSE=''
AMDEP_TRUE=''
AMTAR='${SHELL} /home/tyu/Documents/concurrency-bugs/memcached-127/memcached-1.4.4/missing --run tar'
AUTOCONF='${SHELL} /home/tyu/Documents/concurrency-bugs/memcached-127/memcached-1.4.4/missing --run autoconf'
AUTOHEADER='${SHELL} /home/tyu/Documents/concurrency-bugs/memcached-127/memcached-1.4.4/missing --run autoheader'
AUTOMAKE='${SHELL} /home/tyu/Documents/concurrency-bugs/memcached-127/memcached-1.4.4/missing --run automake-1.10'
AWK='mawk'
BUILD_CACHE_FALSE=''
BUILD_CACHE_TRUE=''
BUILD_DTRACE_FALSE=''
BUILD_DTRACE_TRUE=''
BUILD_SOLARIS_PRIVS_FALSE=''
BUILD_SOLARIS_PRIVS_TRUE=''
BUILD_SPECIFICATIONS_FALSE=''
BUILD_SPECIFICATIONS_TRUE=''
CC='/home/tyu/Documents/llvm/Release+Asserts/bin/clang'
CCDEPMODE=''
CFLAGS='-emit-llvm -flto -g -O0'
CPP='/home/tyu/Documents/llvm/Release+Asserts/bin/clang -E'
CPPFLAGS=''
CYGPATH_W='echo'
DEFS=''
DEPDIR=''
DTRACE=''
DTRACEFLAGS=''
DTRACE_INSTRUMENT_OBJ_FALSE=''
DTRACE_INSTRUMENT_OBJ_TRUE=''
ECHO_C=''
ECHO_N='-n'
ECHO_T=''
EGREP=''
ENABLE_SASL=''
ENABLE_SASL_FALSE=''
ENABLE_SASL_TRUE=''
EXEEXT=''
GREP=''
INSTALL_DATA='${INSTALL} -m 644'
INSTALL_PROGRAM='${INSTALL}'
INSTALL_SCRIPT='${INSTALL}'
INSTALL_STRIP_PROGRAM='$(install_sh) -c -s'
LDFLAGS=''
LIBOBJS=''
LIBS=''
LTLIBOBJS=''
MAKEINFO='${SHELL} /home/tyu/Documents/concurrency-bugs/memcached-127/memcached-1.4.4/missing --run makeinfo'
MKDIR_P='/bin/mkdir -p'
OBJEXT=''
PACKAGE='memcached'
PACKAGE_BUGREPORT='brad@danga.com'
PACKAGE_NAME='memcached'
PACKAGE_STRING='memcached 1.4.4'
PACKAGE_TARNAME='memcached'
PACKAGE_VERSION='1.4.4'
PATH_SEPARATOR=':'
PROFILER=''
PROFILER_FLAGS=''
PROFILER_LDFLAGS=''
SET_MAKE=''
SHELL='/bin/bash'
STRIP=''
VERSION='1.4.4'
XML2RFC=''
XSLTPROC=''
ac_ct_CC='/home/tyu/Documents/llvm/Release+Asserts/bin/clang'
am__fastdepCC_FALSE=''
am__fastdepCC_TRUE=''
am__include=''
am__isrc=''
am__leading_dot='.'
am__quote=''
am__tar='${AMTAR} chof - "$$tardir"'
am__untar='${AMTAR} xf -'
bindir='${exec_prefix}/bin'
build='x86_64-unknown-linux-gnu'
build_alias=''
build_cpu='x86_64'
build_os='linux-gnu'
build_vendor='unknown'
datadir='${datarootdir}'
datarootdir='${prefix}/share'
docdir='${datarootdir}/doc/${PACKAGE_TARNAME}'
dvidir='${docdir}'
exec_prefix='NONE'
host='x86_64-unknown-linux-gnu'
host_alias=''
host_cpu='x86_64'
host_os='linux-gnu'
host_vendor='unknown'
htmldir='${docdir}'
includedir='${prefix}/include'
infodir='${datarootdir}/info'
install_sh='$(SHELL) /home/tyu/Documents/concurrency-bugs/memcached-127/memcached-1.4.4/install-sh'
libdir='${exec_prefix}/lib'
libexecdir='${exec_prefix}/libexec'
localedir='${datarootdir}/locale'
localstatedir='${prefix}/var'
mandir='${datarootdir}/man'
mkdir_p='/bin/mkdir -p'
oldincludedir='/usr/include'
pdfdir='${docdir}'
prefix='/home/tyu/Documents/concurrency-bugs/memcached-127/memcached-1.4.4/installed'
program_transform_name='s,x,x,'
psdir='${docdir}'
sbindir='${exec_prefix}/sbin'
sharedstatedir='${prefix}/com'
sysconfdir='${prefix}/etc'
target='x86_64-unknown-linux-gnu'
target_alias=''
target_cpu='x86_64'
target_os='linux-gnu'
target_vendor='unknown'

## ----------- ##
## confdefs.h. ##
## ----------- ##

#define PACKAGE_NAME "memcached"
#define PACKAGE_TARNAME "memcached"
#define PACKAGE_VERSION "1.4.4"
#define PACKAGE_STRING "memcached 1.4.4"
#define PACKAGE_BUGREPORT "brad@danga.com"
#define PACKAGE "memcached"
#define VERSION "1.4.4"

configure: exit 77
